1804
0 L 0 216 1
0 D 800 216 1
1 L 0 122 1
1 D 800 122 1
2 L 0 35 1
2 D 800 35 1
3 L 0 179 1
3 D 800 179 1
4 L 0 383 1
4 D 409 383 1
5 L 0 225 1
5 D 425 225 1
6 L 0 15 1
6 D 83 15 1
7 L 0 33 1
7 D 83 33 1
8 L 0 8 1
8 D 83 8 1
9 L 0 95 1
9 D 83 95 1
10 L 0 88 1
10 D 83 88 1
11 L 0 129 1
11 D 573 129 1
12 L 0 270 1
12 D 573 270 1
13 L 0 227 1
13 D 573 227 1
14 L 0 194 1
14 D 573 194 1
15 L 0 204 1
15 D 870 204 1
16 L 0 122 1
16 D 870 122 1
17 L 0 168 1
17 D 870 168 1
18 L 0 278 1
18 D 870 278 1
19 L 0 299 1
19 D 464 299 1
20 L 0 81 1
20 D 663 81 1
21 L 0 100 1
21 D 594 100 1
22 L 0 242 1
22 D 43 242 1
23 L 0 50 1
23 D 43 50 1
24 L 0 83 1
24 D 635 83 1
25 L 0 210 1
25 D 635 210 1
26 L 0 154 1
26 D 635 154 1
27 L 0 225 1
27 D 349 225 1
28 L 0 290 1
28 D 349 290 1
29 L 0 76 1
29 D 349 76 1
0 L 0 272 1
0 D 287 272 1
1 L 0 118 1
1 D 287 118 1
2 L 0 361 1
2 D 525 361 1
3 L 0 123 1
3 D 525 123 1
4 L 0 35 1
4 D 525 35 1
5 L 0 266 1
5 D 525 266 1
6 L 0 85 1
6 D 525 85 1
7 L 0 241 1
7 D 754 241 1
8 L 0 172 1
8 D 754 172 1
9 L 0 221 1
9 D 754 221 1
10 L 0 278 1
10 D 754 278 1
11 L 0 242 1
11 D 754 242 1
12 L 0 299 1
12 D 925 299 1
13 L 0 119 1
13 D 925 119 1
14 L 0 361 1
14 D 925 361 1
15 L 0 168 1
15 D 768 168 1
16 L 0 322 1
16 D 768 322 1
17 L 0 205 1
17 D 664 205 1
18 L 0 164 1
18 D 463 164 1
19 L 0 21 1
19 D 463 21 1
20 L 0 17 1
20 D 1072 17 1
21 L 0 111 1
21 D 275 111 1
22 L 0 21 1
22 D 930 21 1
23 L 0 63 1
23 D 930 63 1
24 L 0 328 1
24 D 930 328 1
25 L 0 127 1
25 D 930 127 1
26 L 0 360 1
26 D 77 360 1
27 L 0 173 1
27 D 77 173 1
28 L 0 340 1
28 D 77 340 1
29 L 0 297 1
29 D 77 297 1
0 L 0 132 1
0 D 77 132 1
1 L 0 361 1
1 D 77 361 1
2 L 0 323 1
2 D 77 323 1
3 L 0 136 1
3 D 716 136 1
4 L 0 253 1
4 D 716 253 1
5 L 0 294 1
5 D 716 294 1
6 L 0 373 1
6 D 716 373 1
7 L 0 348 1
7 D 46 348 1
8 L 0 310 1
8 D 46 310 1
9 L 0 73 1
9 D 143 73 1
10 L 0 157 1
10 D 143 157 1
11 L 0 149 1
11 D 143 149 1
12 L 0 182 1
12 D 143 182 1
13 L 0 163 1
13 D 913 163 1
14 L 0 288 1
14 D 529 288 1
15 L 0 255 1
15 D 529 255 1
16 L 0 247 1
16 D 529 247 1
17 L 0 323 1
17 D 1124 323 1
18 L 0 46 1
18 D 1124 46 1
19 L 0 164 1
19 D 1124 164 1
20 L 0 137 1
20 D 1124 137 1
21 L 0 189 1
21 D 556 189 1
22 L 0 172 1
22 D 556 172 1
23 L 0 291 1
23 D 556 291 1
24 L 0 377 1
24 D 556 377 1
25 L 0 398 1
25 D 556 398 1
26 L 0 347 1
26 D 556 347 1
27 L 0 110 1
27 D 919 110 1
28 L 0 241 1
28 D 775 241 1
29 L 0 326 1
29 D 979 326 1
0 L 0 126 1
0 D 979 126 1
1 L 0 221 1
1 D 979 221 1
2 L 0 96 1
2 D 144 96 1
3 L 0 17 1
3 D 144 17 1
4 L 0 285 1
4 D 1242 285 1
5 L 0 375 1
5 D 377 375 1
6 L 0 218 1
6 D 377 218 1
7 L 0 163 1
7 D 1 163 1
8 L 0 104 1
8 D 79 104 1
9 L 0 263 1
9 D 789 263 1
10 L 0 299 1
10 D 789 299 1
11 L 0 111 1
11 D 393 111 1
12 L 0 243 1
12 D 393 243 1
13 L 0 77 1
13 D 393 77 1
14 L 0 133 1
14 D 393 133 1
15 L 0 296 1
15 D 393 296 1
16 L 0 210 1
16 D 393 210 1
17 L 0 126 1
17 D 393 126 1
18 L 0 287 1
18 D 883 287 1
19 L 0 260 1
19 D 883 260 1
20 L 0 242 1
20 D 883 242 1
21 L 0 210 1
21 D 883 210 1
22 L 0 151 1
22 D 883 151 1
23 L 0 263 1
23 D 1186 263 1
24 L 0 262 1
24 D 1186 262 1
25 L 0 47 1
25 D 1219 47 1
26 L 0 210 1
26 D 1219 210 1
27 L 0 168 1
27 D 1219 168 1
28 L 0 154 1
28 D 1191 154 1
29 L 0 2 1
29 D 1191 2 1
0 L 0 52 1
0 D 1134 52 1
1 L 0 26 1
1 D 1134 26 1
2 L 0 154 1
2 D 1103 154 1
3 L 0 225 1
3 D 974 225 1
4 L 0 64 1
4 D 974 64 1
5 L 0 397 1
5 D 974 397 1
6 L 0 120 1
6 D 974 120 1
7 L 0 230 1
7 D 11 230 1
8 L 0 345 1
8 D 787 345 1
9 L 0 360 1
9 D 787 360 1
10 L 0 391 1
10 D 761 391 1
11 L 0 350 1
11 D 761 350 1
12 L 0 31 1
12 D 761 31 1
13 L 0 43 1
13 D 50 43 1
14 L 0 293 1
14 D 780 293 1
15 L 0 398 1
15 D 780 398 1
16 L 0 110 1
16 D 465 110 1
17 L 0 359 1
17 D 465 359 1
18 L 0 31 1
18 D 1147 31 1
19 L 0 214 1
19 D 1147 214 1
20 L 0 191 1
20 D 776 191 1
21 L 0 36 1
21 D 1162 36 1
22 L 0 32 1
22 D 1162 32 1
23 L 0 272 1
23 D 1162 272 1
24 L 0 16 1
24 D 1162 16 1
25 L 0 227 1
25 D 802 227 1
26 L 0 278 1
26 D 802 278 1
27 L 0 96 1
27 D 802 96 1
28 L 0 168 1
28 D 802 168 1
29 L 0 172 1
29 D 861 172 1
0 L 0 194 1
0 D 369 194 1
1 L 0 17 1
1 D 369 17 1
2 L 0 15 1
2 D 738 15 1
3 L 0 283 1
3 D 738 283 1
4 L 0 214 1
4 D 688 214 1
5 L 0 104 1
5 D 852 104 1
6 L 0 382 1
6 D 980 382 1
7 L 0 112 1
7 D 179 112 1
8 L 0 283 1
8 D 179 283 1
9 L 0 268 1
9 D 179 268 1
10 L 0 21 1
10 D 179 21 1
11 L 0 396 1
11 D 303 396 1
12 L 0 378 1
12 D 207 378 1
13 L 0 342 1
13 D 207 342 1
14 L 0 205 1
14 D 207 205 1
15 L 0 270 1
15 D 207 270 1
16 L 0 100 1
16 D 207 100 1
17 L 0 293 1
17 D 207 293 1
18 L 0 10 1
18 D 207 10 1
19 L 0 360 1
19 D 356 360 1
20 L 0 227 1
20 D 356 227 1
21 L 0 35 1
21 D 356 35 1
22 L 0 270 1
22 D 356 270 1
23 L 0 151 1
23 D 239 151 1
24 L 0 239 1
24 D 239 239 1
25 L 0 343 1
25 D 239 343 1
26 L 0 111 1
26 D 227 111 1
27 L 0 304 1
27 D 227 304 1
28 L 0 17 1
28 D 150 17 1
29 L 0 111 1
29 D 150 111 1
0 L 0 396 1
0 D 150 396 1
1 L 0 241 1
1 D 150 241 1
2 L 0 375 1
2 D 152 375 1
3 L 0 35 1
3 D 551 35 1
4 L 0 300 1
4 D 551 300 1
5 L 0 348 1
5 D 551 348 1
6 L 0 104 1
6 D 1234 104 1
7 L 0 317 1
7 D 939 317 1
8 L 0 290 1
8 D 989 290 1
9 L 0 375 1
9 D 989 375 1
10 L 0 81 1
10 D 286 81 1
11 L 0 181 1
11 D 286 181 1
12 L 0 348 1
12 D 657 348 1
13 L 0 172 1
13 D 657 172 1
14 L 5 344 1
14 D 936 344 1
15 L 5 200 1
15 D 936 200 1
16 L 5 196 1
16 D 936 196 1
17 L 0 172 1
17 D 936 172 1
18 L 0 62 1
18 D 936 62 1
19 L 5 344 1
19 D 18 344 1
20 L 0 397 1
20 D 18 397 1
21 L 5 208 1
21 D 1151 208 1
22 L 5 239 1
22 D 1151 239 1
23 L 5 286 1
23 D 1151 286 1
24 L 5 75 1
24 D 506 75 1
25 L 5 150 1
25 D 506 150 1
26 L 5 184 1
26 D 506 184 1
27 L 0 398 1
27 D 506 398 1
28 L 0 133 1
28 D 506 133 1
29 L 5 64 1
29 D 1024 64 1
17 L 5 283 1
17 D 1024 283 1
18 L 5 278 1
18 D 1024 278 1
0 L 5 376 1
0 D 1024 376 1
1 L 5 184 1
1 D 683 184 1
2 L 5 396 1
2 D 878 396 1
3 L 5 136 1
3 D 878 136 1
4 L 5 214 1
4 D 878 214 1
14 L 5 8 1
14 D 878 8 1
15 L 5 201 1
15 D 1034 201 1
16 L 5 300 1
16 D 1034 300 1
20 L 5 52 1
20 D 1034 52 1
5 L 5 196 1
5 D 1034 196 1
27 L 5 244 1
27 D 1034 244 1
6 L 5 378 1
6 D 177 378 1
28 L 5 244 1
28 D 177 244 1
19 L 5 172 1
19 D 1176 172 1
7 L 5 129 1
7 D 1176 129 1
8 L 0 398 1
8 D 1176 398 1
9 L 5 255 1
9 D 889 255 1
10 L 5 181 1
10 D 212 181 1
21 L 5 50 1
21 D 212 50 1
22 L 0 201 1
22 D 212 201 1
23 L 5 126 1
23 D 1100 126 1
11 L 0 236 1
11 D 1100 236 1
24 L 0 350 1
24 D 1100 350 1
25 L 5 208 1
25 D 382 208 1
26 L 5 270 1
26 D 382 270 1
29 L 5 57 1
29 D 382 57 1
17 L 5 167 1
17 D 382 167 1
18 L 5 122 1
18 D 382 122 1
15 L 0 360 1
15 D 382 360 1
16 L 5 375 1
16 D 990 375 1
0 L 5 98 1
0 D 990 98 1
1 L 5 154 1
1 D 990 154 1
8 L 5 287 1
8 D 990 287 1
20 L 0 104 1
20 D 990 104 1
12 L 5 266 1
12 D 1206 266 1
13 L 5 109 1
13 D 1206 109 1
5 L 5 113 1
5 D 1206 113 1
2 L 5 286 1
2 D 708 286 1
3 L 5 360 1
3 D 708 360 1
4 L 5 184 1
4 D 708 184 1
14 L 0 242 1
14 D 708 242 1
27 L 0 70 1
27 D 708 70 1
19 L 0 65 1
19 D 708 65 1
7 L 5 387 1
7 D 1046 387 1
22 L 5 81 1
22 D 1046 81 1
11 L 5 129 1
11 D 1046 129 1
6 L 5 192 1
6 D 2 192 1
24 L 0 81 1
24 D 2 81 1
28 L 5 149 1
28 D 1199 149 1
15 L 5 10 1
15 D 1199 10 1
9 L 5 287 1
9 D 1199 287 1
10 L 5 189 1
10 D 1168 189 1
21 L 5 96 1
21 D 1168 96 1
25 L 5 57 1
25 D 1168 57 1
20 L 5 151 1
20 D 1168 151 1
26 L 5 2 1
26 D 1168 2 1
23 L 5 286 1
23 D 1168 286 1
29 L 0 172 1
29 D 1168 172 1
17 L 0 35 1
17 D 1168 35 1
18 L 5 287 1
18 D 751 287 1
14 L 5 397 1
14 D 751 397 1
27 L 5 64 1
27 D 751 64 1
16 L 5 340 1
16 D 751 340 1
0 L 0 230 1
0 D 751 230 1
1 L 5 188 1
1 D 1087 188 1
19 L 5 65 1
19 D 1087 65 1
8 L 5 376 1
8 D 1087 376 1
12 L 5 149 1
12 D 156 149 1
13 L 5 243 1
13 D 156 243 1
5 L 5 210 1
5 D 156 210 1
2 L 5 52 1
2 D 156 52 1
3 L 5 288 1
3 D 363 288 1
4 L 5 113 1
4 D 558 113 1
24 L 0 189 1
24 D 558 189 1
7 L 0 310 1
7 D 558 310 1
22 L 5 167 1
22 D 263 167 1
11 L 5 244 1
11 D 263 244 1
6 L 0 206 1
6 D 263 206 1
29 L 0 241 1
29 D 263 241 1
28 L 0 242 1
28 D 263 242 1
17 L 5 237 1
17 D 995 237 1
10 L 5 100 1
10 D 995 100 1
21 L 5 8 1
21 D 995 8 1
15 L 0 127 1
15 D 995 127 1
9 L 0 60 1
9 D 995 60 1
25 L 0 300 1
25 D 995 300 1
20 L 5 61 1
20 D 572 61 1
26 L 5 184 1
26 D 572 184 1
23 L 5 99 1
23 D 1020 99 1
0 L 5 223 1
0 D 1020 223 1
18 L 5 99 1
18 D 1020 99 1
14 L 5 328 1
14 D 1020 328 1
1 L 5 206 1
1 D 354 206 1
19 L 5 183 1
19 D 354 183 1
27 L 5 24 1
27 D 354 24 1
8 L 0 149 1
8 D 354 149 1
16 L 5 175 1
16 D 908 175 1
12 L 5 83 1
12 D 908 83 1
13 L 3 153 1
13 D 1215 153 1
5 L 5 85 1
5 D 1215 85 1
2 L 5 114 1
2 D 1215 114 1
24 L 5 210 1
24 D 1215 210 1
7 L 5 50 1
7 D 1215 50 1
3 L 3 151 1
3 D 961 151 1
6 L 3 270 1
6 D 961 270 1
29 L 3 233 1
29 D 961 233 1
4 L 0 398 1
4 D 961 398 1
28 L 0 181 1
28 D 961 181 1
22 L 3 228 1
22 D 804 228 1
11 L 0 201 1
11 D 804 201 1
15 L 3 159 1
15 D 972 159 1
9 L 0 15 1
9 D 972 15 1
25 L 0 106 1
25 D 972 106 1
4 L 0 96 1
4 D 972 96 1
5 L 0 208 1
5 D 972 208 1
28 L 3 192 1
28 D 1195 192 1
2 L 3 153 1
2 D 1195 153 1
24 L 0 136 1
24 D 1195 136 1
7 L 3 153 1
7 D 338 153 1
13 L 3 239 1
13 D 338 239 1
17 L 3 300 1
17 D 338 300 1
10 L 3 177 1
10 D 338 177 1
21 L 3 242 1
21 D 338 242 1
3 L 3 6 1
3 D 338 6 1
20 L 3 27 1
20 D 678 27 1
11 L 0 396 1
11 D 678 396 1
26 L 3 149 1
26 D 487 149 1
6 L 3 190 1
6 D 487 190 1
29 L 3 80 1
29 D 487 80 1
23 L 3 34 1
23 D 257 34 1
11 L 3 153 1
11 D 257 153 1
0 L 3 18 1
0 D 154 18 1
9 L 3 10 1
9 D 154 10 1
25 L 3 372 1
25 D 154 372 1
4 L 3 121 1
4 D 193 121 1
5 L 0 15 1
5 D 193 15 1
8 L 3 278 1
8 D 218 278 1
5 L 3 282 1
5 D 218 282 1
22 L 3 159 1
22 D 617 159 1
24 L 3 159 1
24 D 617 159 1
18 L 0 127 1
18 D 617 127 1
14 L 0 398 1
14 D 617 398 1
7 L 0 81 1
7 D 617 81 1
1 L 3 121 1
1 D 302 121 1
13 L 0 223 1
13 D 302 223 1
19 L 3 348 1
19 D 384 348 1
17 L 3 119 1
17 D 384 119 1
27 L 3 104 1
27 D 384 104 1
20 L 3 233 1
20 D 384 233 1
15 L 3 234 1
15 D 167 234 1
10 L 3 35 1
10 D 209 35 1
21 L 3 27 1
21 D 209 27 1
3 L 5 132 1
3 D 209 132 1
28 L 3 192 1
28 D 516 192 1
2 L 5 239 1
2 D 516 239 1
4 L 5 186 1
4 D 516 186 1
16 L 5 106 1
16 D 516 106 1
12 L 3 26 1
12 D 146 26 1
23 L 3 126 1
23 D 146 126 1
13 L 3 200 1
13 D 843 200 1
11 L 3 280 1
11 D 561 280 1
8 L 3 350 1
8 D 561 350 1
5 L 3 17 1
5 D 561 17 1
26 L 3 262 1
26 D 561 262 1
6 L 3 121 1
6 D 561 121 1
29 L 3 282 1
29 D 366 282 1
18 L 5 150 1
18 D 366 150 1
14 L 5 46 1
14 D 366 46 1
0 L 5 127 1
0 D 366 127 1
9 L 5 227 1
9 D 366 227 1
25 L 3 378 1
25 D 1053 378 1
19 L 5 122 1
19 D 1053 122 1
17 L 3 301 1
17 D 705 301 1
27 L 3 366 1
27 D 705 366 1
20 L 3 396 1
20 D 705 396 1
7 L 3 216 1
7 D 705 216 1
1 L 3 18 1
1 D 705 18 1
22 L 5 237 1
22 D 705 237 1
24 L 5 328 1
24 D 705 328 1
15 L 3 300 1
15 D 652 300 1
3 L 3 346 1
3 D 652 346 1
2 L 3 136 1
2 D 1080 136 1
4 L 3 159 1
4 D 1080 159 1
10 L 5 348 1
10 D 1080 348 1
21 L 5 278 1
21 D 1080 278 1
16 L 5 218 1
16 D 1080 218 1
12 L 5 278 1
12 D 1080 278 1
28 L 5 397 1
28 D 1080 397 1
23 L 5 123 1
23 D 1080 123 1
18 L 5 151 1
18 D 1080 151 1
14 L 5 278 1
14 D 1080 278 1
0 L 5 361 1
0 D 1080 361 1
9 L 3 223 1
9 D 543 223 1
29 L 3 126 1
29 D 543 126 1
11 L 3 85 1
11 D 371 85 1
13 L 3 323 1
13 D 371 323 1
8 L 3 233 1
8 D 371 233 1
19 L 3 106 1
19 D 1183 106 1
5 L 3 264 1
5 D 1183 264 1
26 L 0 26 1
26 D 1183 26 1
6 L 3 242 1
6 D 123 242 1
25 L 3 219 1
25 D 123 219 1
17 L 3 210 1
17 D 123 210 1
27 L 3 214 1
27 D 123 214 1
20 L 3 233 1
20 D 123 233 1
7 L 3 169 1
7 D 4 169 1
1 L 3 146 1
1 D 4 146 1
22 L 3 397 1
22 D 4 397 1
15 L 3 263 1
15 D 4 263 1
24 L 3 342 1
24 D 4 342 1
3 L 3 275 1
3 D 4 275 1
10 L 3 18 1
10 D 4 18 1
21 L 0 26 1
21 D 4 26 1
16 L 2 384 1
16 D 1055 384 1
12 L 0 76 1
12 D 1055 76 1
28 L 0 290 1
28 D 1055 290 1
2 L 2 237 1
2 D 1203 237 1
4 L 2 259 1
4 D 1203 259 1
9 L 2 388 1
9 D 1203 388 1
11 L 2 384 1
11 D 180 384 1
26 L 2 166 1
26 D 180 166 1
29 L 2 166 1
29 D 1119 166 1
13 L 0 350 1
13 D 1119 350 1
8 L 2 26 1
8 D 903 26 1
23 L 2 222 1
23 D 903 222 1
18 L 2 214 1
18 D 323 214 1
14 L 2 26 1
14 D 323 26 1
0 L 2 384 1
0 D 323 384 1
13 L 3 106 1
13 D 323 106 1
19 L 2 49 1
19 D 131 49 1
5 L 2 328 1
5 D 131 328 1
12 L 2 222 1
12 D 131 222 1
6 L 2 70 1
6 D 911 70 1
25 L 2 371 1
25 D 911 371 1
28 L 2 30 1
28 D 911 30 1
29 L 5 287 1
29 D 911 287 1
8 L 0 138 1
8 D 911 138 1
11 L 2 49 1
11 D 466 49 1
23 L 2 126 1
23 D 466 126 1
26 L 2 49 1
26 D 466 49 1
17 L 0 61 1
17 D 466 61 1
27 L 2 266 1
27 D 445 266 1
20 L 2 358 1
20 D 445 358 1
2 L 2 253 1
2 D 445 253 1
4 L 2 138 1
4 D 445 138 1
16 L 2 158 1
16 D 445 158 1
9 L 2 56 1
9 D 912 56 1
18 L 0 396 1
18 D 912 396 1
14 L 2 173 1
14 D 1059 173 1
21 L 2 309 1
21 D 1059 309 1
0 L 5 287 1
0 D 1059 287 1
7 L 2 225 1
7 D 439 225 1
13 L 2 225 1
13 D 439 225 1
1 L 2 36 1
1 D 439 36 1
22 L 2 384 1
22 D 439 384 1
15 L 2 254 1
15 D 315 254 1
24 L 5 46 1
24 D 315 46 1
19 L 0 45 1
19 D 315 45 1
3 L 2 87 1
3 D 676 87 1
5 L 2 243 1
5 D 676 243 1
8 L 2 30 1
8 D 676 30 1
12 L 2 358 1
12 D 82 358 1
18 L 2 350 1
18 D 60 350 1
10 L 2 334 1
10 D 60 334 1
29 L 0 278 1
29 D 60 278 1
17 L 0 397 1
17 D 60 397 1
19 L 0 314 1
19 D 60 314 1
6 L 2 384 1
6 D 686 384 1
25 L 2 205 1
25 D 686 205 1
28 L 2 38 1
28 D 686 38 1
9 L 2 35 1
9 D 686 35 1
27 L 2 222 1
27 D 686 222 1
24 L 2 254 1
24 D 332 254 1
20 L 0 280 1
20 D 332 280 1
2 L 0 214 1
2 D 332 214 1
4 L 0 127 1
4 D 332 127 1
16 L 2 327 1
16 D 309 327 1
7 L 2 129 1
7 D 309 129 1
11 L 0 246 1
11 D 309 246 1
23 L 2 63 1
23 D 440 63 1
26 L 2 38 1
26 D 440 38 1
13 L 2 197 1
13 D 440 197 1
0 L 2 57 1
0 D 440 57 1
1 L 2 60 1
1 D 440 60 1
22 L 2 384 1
22 D 440 384 1
15 L 0 323 1
15 D 440 323 1
14 L 7 219 1
14 D 1128 219 1
21 L 7 289 1
21 D 1128 289 1
29 L 3 398 1
29 D 1128 398 1
17 L 0 326 1
17 D 1128 326 1
19 L 7 145 1
19 D 501 145 1
3 L 7 98 1
3 D 501 98 1
5 L 0 70 1
5 D 501 70 1
8 L 7 289 1
8 D 816 289 1
18 L 7 220 1
18 D 929 220 1
10 L 0 270 1
10 D 929 270 1
20 L 7 214 1
20 D 203 214 1
2 L 7 332 1
2 D 203 332 1
4 L 7 392 1
4 D 1222 392 1
5 L 0 64 1
5 D 1222 64 1
17 L 7 371 1
17 D 345 371 1
6 L 7 35 1
6 D 345 35 1
25 L 7 392 1
25 D 345 392 1
28 L 0 150 1
28 D 345 150 1
11 L 0 35 1
11 D 345 35 1
9 L 7 21 1
9 D 26 21 1
27 L 7 105 1
27 D 26 105 1
28 L 0 36 1
28 D 26 36 1
12 L 7 97 1
12 D 260 97 1
15 L 7 108 1
15 D 1066 108 1
19 L 3 32 1
19 D 1066 32 1
14 L 3 104 1
14 D 1066 104 1
11 L 3 326 1
11 D 1066 326 1
21 L 3 123 1
21 D 1066 123 1
29 L 0 278 1
29 D 1066 278 1
24 L 7 220 1
24 D 634 220 1
3 L 7 220 1
3 D 634 220 1
16 L 0 397 1
16 D 634 397 1
7 L 0 371 1
7 D 634 371 1
5 L 7 76 1
5 D 1182 76 1
17 L 7 320 1
17 D 1182 320 1
23 L 7 173 1
23 D 1136 173 1
6 L 7 46 1
6 D 1136 46 1
26 L 7 239 1
26 D 1136 239 1
10 L 7 201 1
10 D 1136 201 1
13 L 7 283 1
13 D 1136 283 1
25 L 7 68 1
25 D 1136 68 1
0 L 7 2 1
0 D 1077 2 1
1 L 7 19 1
1 D 1077 19 1
22 L 5 236 1
22 D 1077 236 1
29 L 7 242 1
29 D 984 242 1
28 L 7 203 1
28 D 984 203 1
8 L 7 396 1
8 D 984 396 1
12 L 7 328 1
12 D 984 328 1
4 L 7 216 1
4 D 984 216 1
20 L 7 332 1
20 D 984 332 1
2 L 0 275 1
2 D 984 275 1
16 L 7 48 1
16 D 666 48 1
18 L 7 278 1
18 D 666 278 1
7 L 7 68 1
7 D 666 68 1
19 L 7 127 1
19 D 1232 127 1
14 L 7 133 1
14 D 1232 133 1
11 L 7 189 1
11 D 1232 189 1
15 L 7 97 1
15 D 1232 97 1
21 L 7 186 1
21 D 757 186 1
9 L 7 243 1
9 D 757 243 1
27 L 7 289 1
27 D 757 289 1
24 L 3 214 1
24 D 757 214 1
3 L 0 396 1
3 D 757 396 1
5 L 0 283 1
5 D 757 283 1
17 L 4 162 1
17 D 829 162 1
22 L 4 162 1
22 D 727 162 1
23 L 3 361 1
23 D 727 361 1
6 L 4 96 1
6 D 639 96 1
26 L 4 50 1
26 D 639 50 1
10 L 4 273 1
10 D 639 273 1
13 L 0 245 1
13 D 639 245 1
25 L 0 299 1
25 D 639 299 1
0 L 4 78 1
0 D 970 78 1
1 L 4 213 1
1 D 970 213 1
2 L 4 287 1
2 D 206 287 1
29 L 4 155 1
29 D 206 155 1
28 L 0 40 1
28 D 206 40 1
8 L 4 216 1
8 D 527 216 1
12 L 4 162 1
12 D 527 162 1
4 L 5 208 1
4 D 527 208 1
20 L 5 117 1
20 D 527 117 1
13 L 0 120 1
13 D 527 120 1
25 L 4 47 1
25 D 220 47 1
16 L 4 115 1
16 D 220 115 1
18 L 3 216 1
18 D 220 216 1
7 L 3 304 1
7 D 220 304 1
3 L 3 126 1
3 D 220 126 1
13 L 0 136 1
13 D 220 136 1
19 L 4 223 1
19 D 729 223 1
23 L 4 352 1
23 D 729 352 1
14 L 4 306 1
14 D 462 306 1
11 L 4 78 1
11 D 462 78 1
15 L 5 149 1
15 D 462 149 1
5 L 5 63 1
5 D 462 63 1
17 L 5 259 1
17 D 462 259 1
28 L 5 35 1
28 D 462 35 1
4 L 5 60 1
4 D 462 60 1
20 L 4 394 1
20 D 745 394 1
21 L 0 219 1
21 D 745 219 1
22 L 4 86 1
22 D 31 86 1
6 L 4 139 1
6 D 31 139 1
26 L 0 144 1
26 D 31 144 1
10 L 4 86 1
10 D 895 86 1
24 L 0 133 1
24 D 895 133 1
9 L 4 186 1
9 D 512 186 1
27 L 4 280 1
27 D 512 280 1
26 L 4 114 1
26 D 512 114 1
2 L 4 57 1
2 D 512 57 1
8 L 4 252 1
8 D 512 252 1
15 L 4 323 1
15 D 512 323 1
12 L 4 393 1
12 D 512 393 1
5 L 4 297 1
5 D 512 297 1
24 L 4 78 1
24 D 512 78 1
17 L 6 327 1
17 D 938 327 1
28 L 6 90 1
28 D 938 90 1
4 L 5 328 1
4 D 938 328 1
29 L 6 114 1
29 D 993 114 1
13 L 6 90 1
13 D 993 90 1
0 L 5 398 1
0 D 993 398 1
1 L 0 360 1
1 D 993 360 1
18 L 6 270 1
18 D 1071 270 1
7 L 6 317 1
7 D 1071 317 1
14 L 6 51 1
14 D 1071 51 1
11 L 6 107 1
11 D 964 107 1
22 L 0 100 1
22 D 964 100 1
6 L 0 397 1
6 D 964 397 1
25 L 6 16 1
25 D 181 16 1
3 L 6 120 1
3 D 181 120 1
21 L 6 278 1
21 D 181 278 1
16 L 6 167 1
16 D 181 167 1
10 L 6 146 1
10 D 181 146 1
1 L 6 383 1
1 D 181 383 1
9 L 6 163 1
9 D 181 163 1
27 L 6 173 1
27 D 181 173 1
26 L 6 399 1
26 D 181 399 1
2 L 6 278 1
2 D 1201 278 1
0 L 6 335 1
0 D 1201 335 1
8 L 5 322 1
8 D 1201 322 1
15 L 0 76 1
15 D 1201 76 1
12 L 6 35 1
12 D 944 35 1
4 L 6 278 1
4 D 944 278 1
5 L 6 117 1
5 D 944 117 1
24 L 6 89 1
24 D 944 89 1
20 L 6 75 1
20 D 17 75 1
19 L 6 15 1
19 D 17 15 1
23 L 6 10 1
23 D 17 10 1
22 L 6 195 1
22 D 17 195 1
6 L 6 64 1
6 D 185 64 1
29 L 6 75 1
29 D 185 75 1
13 L 6 215 1
13 D 185 215 1
25 L 6 90 1
25 D 185 90 1
3 L 6 149 1
3 D 1068 149 1
21 L 6 167 1
21 D 1068 167 1
17 L 6 115 1
17 D 1068 115 1
28 L 6 136 1
28 D 1068 136 1
16 L 6 362 1
16 D 1068 362 1
15 L 6 210 1
15 D 1068 210 1
10 L 6 189 1
10 D 1068 189 1
1 L 6 90 1
1 D 1068 90 1
8 L 5 111 1
8 D 1068 111 1
9 L 5 138 1
9 D 1068 138 1
27 L 6 142 1
27 D 1022 142 1
18 L 6 219 1
18 D 390 219 1
26 L 6 362 1
26 D 390 362 1
7 L 6 396 1
7 D 571 396 1
14 L 6 142 1
14 D 571 142 1
11 L 6 375 1
11 D 571 375 1
2 L 6 231 1
2 D 571 231 1
0 L 6 85 1
0 D 892 85 1
20 L 6 365 1
20 D 892 365 1
19 L 6 362 1
19 D 1088 362 1
12 L 8 67 1
12 D 971 67 1
23 L 8 253 1
23 D 971 253 1
4 L 8 299 1
4 D 971 299 1
5 L 8 367 1
5 D 971 367 1
24 L 8 119 1
24 D 555 119 1
22 L 8 41 1
22 D 555 41 1
18 L 8 57 1
18 D 746 57 1
26 L 8 48 1
26 D 746 48 1
6 L 8 293 1
6 D 90 293 1
8 L 8 156 1
8 D 90 156 1
9 L 8 41 1
9 D 90 41 1
29 L 8 241 1
29 D 707 241 1
13 L 8 111 1
13 D 707 111 1
27 L 8 125 1
27 D 707 125 1
25 L 8 385 1
25 D 1249 385 1
7 L 8 258 1
7 D 1249 258 1
14 L 0 15 1
14 D 1249 15 1
3 L 0 40 1
3 D 1249 40 1
21 L 8 35 1
21 D 381 35 1
17 L 8 131 1
17 D 381 131 1
28 L 8 124 1
28 D 471 124 1
16 L 8 24 1
16 D 471 24 1
15 L 8 287 1
15 D 175 287 1
11 L 8 267 1
11 D 175 267 1
10 L 8 66 1
10 D 175 66 1
14 L 0 178 1
14 D 175 178 1
3 L 8 130 1
3 D 838 130 1
1 L 5 32 1
1 D 838 32 1
0 L 8 285 1
0 D 992 285 1
14 L 8 355 1
14 D 992 355 1
2 L 8 41 1
2 D 32 41 1
20 L 0 70 1
20 D 32 70 1
20 L 0 375 1
20 D 32 375 1
20 L 0 104 1
20 D 32 104 1
19 L 8 257 1
19 D 267 257 1
24 L 7 374 1
24 D 267 374 1
12 L 3 361 1
12 D 267 361 1
23 L 5 35 1
23 D 267 35 1
4 L 5 141 1
4 D 267 141 1
5 L 8 260 1
5 D 625 260 1
20 L 8 355 1
20 D 625 355 1
22 L 0 205 1
22 D 625 205 1
25 L 8 41 1
25 D 8 41 1
6 L 0 26 1
6 D 8 26 1
8 L 0 16 1
8 D 8 16 1
7 L 8 215 1
7 D 292 215 1
9 L 8 43 1
9 D 292 43 1
1 L 8 15 1
1 D 292 15 1
18 L 8 130 1
18 D 292 130 1
26 L 5 275 1
26 D 292 275 1
15 L 5 112 1
15 D 292 112 1
6 L 8 367 1
6 D 1076 367 1
8 L 7 126 1
8 D 1076 126 1
11 L 2 382 1
11 D 1076 382 1
10 L 2 236 1
10 D 1076 236 1
22 L 5 248 1
22 D 1076 248 1
28 L 5 81 1
28 D 1076 81 1
29 L 8 367 1
29 D 807 367 1
16 L 3 154 1
16 D 807 154 1
23 L 3 292 1
23 D 807 292 1
13 L 3 206 1
13 D 807 206 1
4 L 0 293 1
4 D 807 293 1
27 L 0 61 1
27 D 807 61 1
21 L 8 104 1
21 D 1178 104 1
17 L 8 382 1
17 D 1178 382 1
2 L 8 390 1
2 D 1178 390 1
12 L 8 67 1
12 D 1178 67 1
24 L 0 201 1
24 D 1178 201 1
0 L 8 243 1
0 D 619 243 1
14 L 8 199 1
14 D 619 199 1
26 L 8 312 1
26 D 619 312 1
15 L 8 114 1
15 D 24 114 1
3 L 8 126 1
3 D 24 126 1
4 L 8 161 1
4 D 24 161 1
27 L 8 125 1
27 D 325 125 1
25 L 8 76 1
25 D 253 76 1
19 L 8 122 1
19 D 253 122 1
24 L 8 63 1
24 D 253 63 1
5 L 8 161 1
5 D 253 161 1
22 L 0 360 1
22 D 253 360 1
20 L 0 82 1
20 D 253 82 1
16 L 0 270 1
16 D 253 270 1
23 L 0 167 1
23 D 253 167 1
13 L 8 227 1
13 D 920 227 1
7 L 8 5 1
7 D 920 5 1
8 L 8 278 1
8 D 647 278 1
9 L 8 16 1
9 D 647 16 1
28 L 8 314 1
28 D 647 314 1
11 L 8 377 1
11 D 647 377 1
10 L 8 312 1
10 D 647 312 1
1 L 8 375 1
1 D 1047 375 1
18 L 8 257 1
18 D 1047 257 1
29 L 5 127 1
29 D 1047 127 1
6 L 5 300 1
6 D 1047 300 1
21 L 5 8 1
21 D 1047 8 1
17 L 8 315 1
17 D 796 315 1
2 L 0 45 1
2 D 796 45 1
12 L 0 383 1
12 D 796 383 1
0 L 9 205 1
0 D 976 205 1
14 L 9 15 1
14 D 976 15 1
26 L 9 378 1
26 D 976 378 1
22 L 9 379 1
22 D 976 379 1
20 L 9 25 1
20 D 1009 25 1
16 L 0 283 1
16 D 1009 283 1
23 L 0 115 1
23 D 1009 115 1
27 L 0 167 1
27 D 1009 167 1
15 L 9 251 1
15 D 422 251 1
3 L 7 391 1
3 D 422 391 1
4 L 2 110 1
4 D 422 110 1
25 L 2 382 1
25 D 422 382 1
19 L 2 46 1
19 D 422 46 1
24 L 0 114 1
24 D 422 114 1
16 L 0 201 1
16 D 422 201 1
23 L 0 34 1
23 D 422 34 1
5 L 0 10 1
5 D 422 10 1
29 L 0 393 1
29 D 422 393 1
6 L 9 175 1
6 D 898 175 1
21 L 9 136 1
21 D 898 136 1
2 L 9 81 1
2 D 898 81 1
13 L 9 386 1
13 D 898 386 1
7 L 0 215 1
7 D 898 215 1
12 L 9 371 1
12 D 378 371 1
27 L 9 337 1
27 D 378 337 1
1 L 0 348 1
1 D 378 348 1
18 L 9 390 1
18 D 1115 390 1
8 L 9 58 1
8 D 1115 58 1
9 L 0 10 1
9 D 1115 10 1
28 L 9 221 1
28 D 1225 221 1
11 L 9 199 1
11 D 1225 199 1
10 L 9 251 1
10 D 1225 251 1
24 L 4 126 1
24 D 1225 126 1
16 L 9 43 1
16 D 291 43 1
23 L 9 237 1
23 D 291 237 1
5 L 9 173 1
5 D 291 173 1
29 L 9 101 1
29 D 291 101 1
3 L 9 160 1
3 D 291 160 1
4 L 9 163 1
4 D 127 163 1
9 L 9 337 1
9 D 127 337 1
0 L 9 175 1
0 D 245 175 1
25 L 9 386 1
25 D 245 386 1
19 L 9 136 1
19 D 806 136 1
14 L 9 371 1
14 D 806 371 1
20 L 9 129 1
20 D 806 129 1
17 L 9 12 1
17 D 806 12 1
26 L 9 0 1
26 D 187 0 1
22 L 9 186 1
22 D 187 186 1
1 L 9 268 1
1 D 187 268 1
7 L 9 136 1
7 D 187 136 1
15 L 9 25 1
15 D 187 25 1
24 L 9 160 1
24 D 187 160 1
18 L 9 251 1
18 D 121 251 1
8 L 3 262 1
8 D 121 262 1
28 L 9 303 1
28 D 1098 303 1
11 L 5 263 1
11 D 1098 263 1
10 L 9 201 1
10 D 305 201 1
12 L 9 235 1
12 D 305 235 1
27 L 9 181 1
27 D 67 181 1
6 L 9 26 1
6 D 67 26 1
21 L 9 299 1
21 D 67 299 1
2 L 9 340 1
2 D 67 340 1
13 L 9 12 1
13 D 67 12 1
26 L 0 127 1
26 D 67 127 1
22 L 9 386 1
22 D 881 386 1
1 L 2 291 1
1 D 881 291 1
19 L 5 375 1
19 D 881 375 1
14 L 0 146 1
14 D 881 146 1
20 L 0 63 1
20 D 881 63 1
17 L 9 29 1
17 D 568 29 1
4 L 3 354 1
4 D 568 354 1
7 L 0 218 1
7 D 568 218 1
8 L 0 114 1
8 D 568 114 1
9 L 0 167 1
9 D 568 167 1
16 L 0 297 1
16 D 568 297 1
23 L 9 38 1
23 D 237 38 1
5 L 9 58 1
5 D 237 58 1
29 L 9 25 1
29 D 1001 25 1
15 L 9 386 1
15 D 1001 386 1
3 L 1 54 1
3 D 760 54 1
14 L 1 371 1
14 D 1220 371 1
20 L 1 211 1
20 D 1220 211 1
11 L 0 189 1
11 D 1220 189 1
7 L 0 187 1
7 D 1220 187 1
8 L 0 99 1
8 D 1220 99 1
9 L 0 180 1
9 D 1220 180 1
16 L 0 181 1
16 D 1220 181 1
26 L 1 147 1
26 D 835 147 1
19 L 0 205 1
19 D 835 205 1
0 L 0 104 1
0 D 835 104 1
24 L 0 347 1
24 D 835 347 1
25 L 1 297 1
25 D 115 297 1
1 L 1 242 1
1 D 115 242 1
18 L 1 370 1
18 D 115 370 1
4 L 1 172 1
4 D 1062 172 1
10 L 1 377 1
10 D 1062 377 1
12 L 1 304 1
12 D 1062 304 1
28 L 1 229 1
28 D 1062 229 1
22 L 1 333 1
22 D 1062 333 1
17 L 1 230 1
17 D 673 230 1
27 L 1 186 1
27 D 673 186 1
6 L 1 199 1
6 D 673 199 1
21 L 1 211 1
21 D 673 211 1
2 L 5 146 1
2 D 673 146 1
13 L 0 268 1
13 D 673 268 1
19 L 0 64 1
19 D 673 64 1
0 L 1 338 1
0 D 524 338 1
11 L 0 164 1
11 D 524 164 1
7 L 1 192 1
7 D 845 192 1
24 L 1 28 1
24 D 845 28 1
8 L 5 45 1
8 D 845 45 1
9 L 1 26 1
9 D 667 26 1
16 L 1 28 1
16 D 667 28 1
29 L 0 186 1
29 D 667 186 1
15 L 0 120 1
15 D 667 120 1
23 L 1 171 1
23 D 696 171 1
5 L 5 322 1
5 D 696 322 1
11 L 0 96 1
11 D 696 96 1
13 L 1 167 1
13 D 1121 167 1
19 L 1 211 1
19 D 1121 211 1
29 L 1 54 1
29 D 1175 54 1
15 L 5 149 1
15 D 1175 149 1
2 L 5 132 1
2 D 1175 132 1
11 L 5 189 1
11 D 1175 189 1
8 L 1 356 1
8 D 521 356 1
5 L 5 348 1
5 D 521 348 1
4 L 1 359 1
4 D 1164 359 1
10 L 1 28 1
10 D 1164 28 1
26 L 1 54 1
26 D 788 54 1
14 L 0 127 1
14 D 788 127 1
20 L 0 109 1
20 D 788 109 1
3 L 1 349 1
3 D 1154 349 1
12 L 1 370 1
12 D 876 370 1
15 L 0 229 1
15 D 876 229 1
5 L 0 110 1
5 D 876 110 1
