4060
0 L 0 816 1
0 D 526 816 1
1 L 0 455 1
1 D 526 455 1
2 L 0 1185 1
2 D 526 1185 1
3 L 0 1062 1
3 D 526 1062 1
4 L 0 250 1
4 D 526 250 1
5 L 0 788 1
5 D 526 788 1
6 L 0 739 1
6 D 526 739 1
7 L 0 437 1
7 D 344 437 1
8 L 0 479 1
8 D 344 479 1
9 L 0 787 1
9 D 344 787 1
10 L 0 996 1
10 D 344 996 1
11 L 0 1645 1
11 D 344 1645 1
12 L 0 1395 1
12 D 344 1395 1
13 L 0 1803 1
13 D 344 1803 1
14 L 0 690 1
14 D 344 690 1
15 L 0 1837 1
15 D 366 1837 1
16 L 0 8 1
16 D 366 8 1
17 L 0 899 1
17 D 366 899 1
18 L 0 1482 1
18 D 366 1482 1
19 L 0 454 1
19 D 366 454 1
20 L 0 1648 1
20 D 366 1648 1
21 L 0 459 1
21 D 366 459 1
22 L 0 1348 1
22 D 849 1348 1
23 L 0 647 1
23 D 849 647 1
24 L 0 68 1
24 D 915 68 1
25 L 0 109 1
25 D 915 109 1
26 L 0 1580 1
26 D 915 1580 1
27 L 0 490 1
27 D 915 490 1
28 L 0 780 1
28 D 915 780 1
29 L 0 1265 1
29 D 915 1265 1
0 L 0 959 1
0 D 915 959 1
1 L 0 1048 1
1 D 915 1048 1
2 L 0 601 1
2 D 915 601 1
3 L 0 151 1
3 D 915 151 1
4 L 0 477 1
4 D 915 477 1
5 L 0 1370 1
5 D 974 1370 1
6 L 0 1199 1
6 D 974 1199 1
7 L 0 1140 1
7 D 974 1140 1
8 L 0 849 1
8 D 974 849 1
9 L 0 1638 1
9 D 974 1638 1
10 L 0 835 1
10 D 974 835 1
11 L 0 761 1
11 D 974 761 1
12 L 0 99 1
12 D 542 99 1
13 L 0 66 1
13 D 542 66 1
14 L 0 624 1
14 D 542 624 1
15 L 0 371 1
15 D 542 371 1
16 L 0 1289 1
16 D 542 1289 1
17 L 0 1279 1
17 D 542 1279 1
18 L 0 1854 1
18 D 542 1854 1
19 L 0 1523 1
19 D 542 1523 1
20 L 0 52 1
20 D 542 52 1
21 L 0 1881 1
21 D 542 1881 1
22 L 0 1243 1
22 D 542 1243 1
23 L 0 1159 1
23 D 542 1159 1
24 L 0 750 1
24 D 121 750 1
25 L 0 362 1
25 D 121 362 1
26 L 0 590 1
26 D 121 590 1
27 L 0 419 1
27 D 121 419 1
28 L 0 789 1
28 D 121 789 1
29 L 0 1598 1
29 D 507 1598 1
0 L 0 1643 1
0 D 507 1643 1
1 L 0 1738 1
1 D 507 1738 1
2 L 0 1106 1
2 D 507 1106 1
3 L 0 346 1
3 D 276 346 1
4 L 0 736 1
4 D 276 736 1
5 L 0 929 1
5 D 276 929 1
6 L 0 1484 1
6 D 276 1484 1
7 L 0 238 1
7 D 276 238 1
8 L 0 1719 1
8 D 828 1719 1
9 L 0 1712 1
9 D 828 1712 1
10 L 0 428 1
10 D 828 428 1
11 L 0 650 1
11 D 828 650 1
12 L 0 1714 1
12 D 828 1714 1
13 L 0 1633 1
13 D 828 1633 1
14 L 0 1345 1
14 D 255 1345 1
15 L 0 1270 1
15 D 255 1270 1
16 L 0 552 1
16 D 255 552 1
17 L 0 1451 1
17 D 77 1451 1
18 L 0 54 1
18 D 77 54 1
19 L 0 794 1
19 D 77 794 1
20 L 0 453 1
20 D 77 453 1
21 L 0 1262 1
21 D 508 1262 1
22 L 0 1091 1
22 D 508 1091 1
23 L 0 1631 1
23 D 508 1631 1
24 L 0 1828 1
24 D 508 1828 1
25 L 0 684 1
25 D 508 684 1
26 L 0 1435 1
26 D 508 1435 1
27 L 0 862 1
27 D 508 862 1
28 L 0 216 1
28 D 508 216 1
29 L 0 1162 1
29 D 508 1162 1
0 L 0 45 1
0 D 446 45 1
1 L 0 852 1
1 D 446 852 1
2 L 0 932 1
2 D 738 932 1
3 L 0 446 1
3 D 738 446 1
4 L 0 1300 1
4 D 738 1300 1
5 L 0 610 1
5 D 738 610 1
6 L 0 947 1
6 D 738 947 1
7 L 0 1867 1
7 D 738 1867 1
8 L 0 1321 1
8 D 738 1321 1
9 L 0 772 1
9 D 738 772 1
10 L 0 127 1
10 D 738 127 1
11 L 0 1073 1
11 D 738 1073 1
12 L 0 1860 1
12 D 738 1860 1
13 L 0 1846 1
13 D 738 1846 1
14 L 0 1699 1
14 D 738 1699 1
15 L 0 988 1
15 D 738 988 1
16 L 0 988 1
16 D 738 988 1
17 L 0 962 1
17 D 738 962 1
18 L 0 409 1
18 D 738 409 1
19 L 0 356 1
19 D 797 356 1
20 L 0 454 1
20 D 797 454 1
21 L 0 171 1
21 D 797 171 1
22 L 0 911 1
22 D 713 911 1
23 L 0 1533 1
23 D 713 1533 1
24 L 0 1634 1
24 D 713 1634 1
25 L 0 1196 1
25 D 713 1196 1
26 L 0 299 1
26 D 713 299 1
27 L 0 1640 1
27 D 713 1640 1
28 L 0 312 1
28 D 713 312 1
29 L 0 1045 1
29 D 713 1045 1
0 L 0 1043 1
0 D 713 1043 1
1 L 0 1131 1
1 D 951 1131 1
2 L 0 713 1
2 D 951 713 1
3 L 0 161 1
3 D 951 161 1
4 L 0 1040 1
4 D 951 1040 1
5 L 0 501 1
5 D 951 501 1
6 L 0 1490 1
6 D 951 1490 1
7 L 0 297 1
7 D 951 297 1
8 L 0 1613 1
8 D 951 1613 1
9 L 0 278 1
9 D 951 278 1
10 L 0 1487 1
10 D 441 1487 1
11 L 0 1246 1
11 D 441 1246 1
12 L 0 16 1
12 D 441 16 1
13 L 0 967 1
13 D 441 967 1
14 L 0 789 1
14 D 441 789 1
15 L 0 1600 1
15 D 441 1600 1
16 L 0 823 1
16 D 441 823 1
17 L 0 983 1
17 D 485 983 1
18 L 0 1854 1
18 D 485 1854 1
19 L 0 1473 1
19 D 485 1473 1
20 L 0 1691 1
20 D 485 1691 1
21 L 0 1924 1
21 D 485 1924 1
22 L 0 1745 1
22 D 485 1745 1
23 L 0 1342 1
23 D 46 1342 1
24 L 0 1280 1
24 D 46 1280 1
25 L 0 1191 1
25 D 46 1191 1
26 L 0 370 1
26 D 46 370 1
27 L 0 1646 1
27 D 46 1646 1
28 L 0 384 1
28 D 46 384 1
29 L 0 1450 1
29 D 46 1450 1
0 L 0 383 1
0 D 46 383 1
1 L 0 183 1
1 D 46 183 1
2 L 0 1988 1
2 D 46 1988 1
3 L 0 1506 1
3 D 46 1506 1
4 L 0 1606 1
4 D 66 1606 1
5 L 0 649 1
5 D 66 649 1
6 L 0 257 1
6 D 66 257 1
7 L 0 1915 1
7 D 66 1915 1
8 L 0 1437 1
8 D 103 1437 1
9 L 0 303 1
9 D 103 303 1
10 L 0 1438 1
10 D 103 1438 1
11 L 0 1667 1
11 D 373 1667 1
12 L 0 1023 1
12 D 373 1023 1
13 L 0 1714 1
13 D 373 1714 1
14 L 0 129 1
14 D 373 129 1
15 L 0 1646 1
15 D 867 1646 1
16 L 0 97 1
16 D 867 97 1
17 L 0 449 1
17 D 867 449 1
18 L 0 1780 1
18 D 867 1780 1
19 L 0 974 1
19 D 867 974 1
20 L 0 1045 1
20 D 867 1045 1
21 L 0 1050 1
21 D 867 1050 1
22 L 0 427 1
22 D 867 427 1
23 L 0 1004 1
23 D 867 1004 1
24 L 0 429 1
24 D 867 429 1
25 L 0 685 1
25 D 867 685 1
26 L 0 1132 1
26 D 867 1132 1
27 L 0 283 1
27 D 867 283 1
28 L 0 931 1
28 D 867 931 1
29 L 0 922 1
29 D 867 922 1
0 L 0 299 1
0 D 867 299 1
1 L 0 815 1
1 D 867 815 1
2 L 0 27 1
2 D 791 27 1
3 L 0 907 1
3 D 791 907 1
4 L 0 1034 1
4 D 791 1034 1
5 L 0 235 1
5 D 791 235 1
6 L 0 901 1
6 D 973 901 1
7 L 0 628 1
7 D 973 628 1
8 L 0 94 1
8 D 973 94 1
9 L 0 1911 1
9 D 792 1911 1
10 L 0 82 1
10 D 792 82 1
11 L 0 1690 1
11 D 792 1690 1
12 L 0 243 1
12 D 792 243 1
13 L 0 468 1
13 D 792 468 1
14 L 0 270 1
14 D 792 270 1
15 L 0 1355 1
15 D 792 1355 1
16 L 0 871 1
16 D 792 871 1
17 L 0 286 1
17 D 781 286 1
18 L 0 282 1
18 D 781 282 1
19 L 0 1486 1
19 D 781 1486 1
20 L 0 1448 1
20 D 781 1448 1
21 L 0 927 1
21 D 781 927 1
22 L 0 1818 1
22 D 327 1818 1
23 L 0 1986 1
23 D 327 1986 1
24 L 0 965 1
24 D 327 965 1
25 L 0 775 1
25 D 327 775 1
26 L 0 1835 1
26 D 327 1835 1
27 L 0 1285 1
27 D 327 1285 1
28 L 0 984 1
28 D 327 984 1
29 L 0 1243 1
29 D 816 1243 1
0 L 0 1595 1
0 D 816 1595 1
1 L 0 887 1
1 D 816 887 1
2 L 0 642 1
2 D 816 642 1
3 L 0 900 1
3 D 816 900 1
4 L 0 1870 1
4 D 92 1870 1
5 L 0 764 1
5 D 92 764 1
6 L 0 1547 1
6 D 92 1547 1
7 L 0 806 1
7 D 92 806 1
8 L 0 1638 1
8 D 92 1638 1
9 L 0 1542 1
9 D 460 1542 1
10 L 0 1559 1
10 D 460 1559 1
11 L 0 1229 1
11 D 460 1229 1
12 L 0 645 1
12 D 460 645 1
13 L 0 865 1
13 D 460 865 1
14 L 0 626 1
14 D 460 626 1
15 L 0 757 1
15 D 460 757 1
16 L 0 399 1
16 D 460 399 1
17 L 0 1920 1
17 D 460 1920 1
18 L 0 1331 1
18 D 460 1331 1
19 L 0 300 1
19 D 460 300 1
20 L 0 1000 1
20 D 460 1000 1
21 L 0 1631 1
21 D 460 1631 1
22 L 0 751 1
22 D 460 751 1
23 L 0 643 1
23 D 502 643 1
24 L 0 1309 1
24 D 502 1309 1
25 L 0 822 1
25 D 502 822 1
26 L 0 104 1
26 D 502 104 1
27 L 0 1538 1
27 D 502 1538 1
28 L 0 1413 1
28 D 100 1413 1
29 L 0 185 1
29 D 100 185 1
0 L 0 18 1
0 D 100 18 1
1 L 0 605 1
1 D 100 605 1
2 L 0 553 1
2 D 100 553 1
3 L 0 534 1
3 D 100 534 1
4 L 0 1712 1
4 D 100 1712 1
5 L 0 741 1
5 D 100 741 1
6 L 0 1130 1
6 D 100 1130 1
7 L 0 887 1
7 D 100 887 1
8 L 0 983 1
8 D 100 983 1
9 L 0 449 1
9 D 100 449 1
10 L 0 484 1
10 D 171 484 1
11 L 0 531 1
11 D 171 531 1
12 L 0 616 1
12 D 222 616 1
13 L 0 1704 1
13 D 222 1704 1
14 L 0 863 1
14 D 222 863 1
15 L 0 1902 1
15 D 222 1902 1
16 L 0 1703 1
16 D 222 1703 1
17 L 0 1133 1
17 D 222 1133 1
18 L 0 1170 1
18 D 222 1170 1
19 L 0 841 1
19 D 222 841 1
20 L 0 919 1
20 D 222 919 1
21 L 0 342 1
21 D 222 342 1
22 L 0 732 1
22 D 222 732 1
23 L 0 1160 1
23 D 222 1160 1
24 L 0 1724 1
24 D 840 1724 1
25 L 0 1222 1
25 D 840 1222 1
26 L 0 483 1
26 D 840 483 1
27 L 0 1316 1
27 D 840 1316 1
28 L 0 1078 1
28 D 840 1078 1
29 L 0 704 1
29 D 840 704 1
0 L 0 73 1
0 D 840 73 1
1 L 0 415 1
1 D 840 415 1
2 L 0 772 1
2 D 775 772 1
3 L 0 1677 1
3 D 775 1677 1
4 L 0 1200 1
4 D 775 1200 1
5 L 0 1287 1
5 D 775 1287 1
6 L 0 99 1
6 D 850 99 1
7 L 0 172 1
7 D 850 172 1
8 L 0 1558 1
8 D 850 1558 1
9 L 0 420 1
9 D 850 420 1
10 L 0 140 1
10 D 850 140 1
11 L 0 1255 1
11 D 850 1255 1
12 L 0 1158 1
12 D 850 1158 1
13 L 0 759 1
13 D 850 759 1
14 L 0 1278 1
14 D 850 1278 1
15 L 0 1328 1
15 D 850 1328 1
16 L 0 911 1
16 D 850 911 1
17 L 0 1654 1
17 D 850 1654 1
18 L 0 1653 1
18 D 858 1653 1
19 L 0 1508 1
19 D 858 1508 1
20 L 0 1267 1
20 D 165 1267 1
21 L 0 634 1
21 D 165 634 1
22 L 0 1404 1
22 D 165 1404 1
23 L 0 1965 1
23 D 165 1965 1
24 L 0 1550 1
24 D 165 1550 1
25 L 0 768 1
25 D 165 768 1
26 L 0 614 1
26 D 165 614 1
27 L 0 1021 1
27 D 165 1021 1
28 L 0 1243 1
28 D 165 1243 1
29 L 0 523 1
29 D 165 523 1
0 L 0 481 1
0 D 165 481 1
1 L 0 28 1
1 D 165 28 1
2 L 0 571 1
2 D 165 571 1
3 L 0 1093 1
3 D 165 1093 1
4 L 0 1019 1
4 D 165 1019 1
5 L 0 1063 1
5 D 165 1063 1
6 L 0 943 1
6 D 165 943 1
7 L 0 342 1
7 D 536 342 1
8 L 0 908 1
8 D 536 908 1
9 L 0 567 1
9 D 651 567 1
10 L 0 1748 1
10 D 651 1748 1
11 L 0 1217 1
11 D 651 1217 1
12 L 0 720 1
12 D 651 720 1
13 L 0 777 1
13 D 651 777 1
14 L 0 525 1
14 D 651 525 1
15 L 0 1973 1
15 D 651 1973 1
16 L 0 66 1
16 D 702 66 1
17 L 0 1178 1
17 D 702 1178 1
18 L 0 850 1
18 D 702 850 1
19 L 0 1334 1
19 D 702 1334 1
20 L 0 500 1
20 D 702 500 1
21 L 0 1075 1
21 D 702 1075 1
22 L 0 1513 1
22 D 702 1513 1
23 L 0 730 1
23 D 702 730 1
24 L 0 41 1
24 D 195 41 1
25 L 0 1453 1
25 D 195 1453 1
26 L 0 966 1
26 D 195 966 1
27 L 0 108 1
27 D 195 108 1
28 L 0 1355 1
28 D 336 1355 1
29 L 0 1643 1
29 D 336 1643 1
0 L 0 28 1
0 D 336 28 1
1 L 0 1329 1
1 D 572 1329 1
2 L 0 486 1
2 D 572 486 1
3 L 0 1451 1
3 D 109 1451 1
4 L 0 1241 1
4 D 109 1241 1
5 L 0 1113 1
5 D 109 1113 1
6 L 0 139 1
6 D 109 139 1
7 L 0 1943 1
7 D 109 1943 1
8 L 0 1142 1
8 D 109 1142 1
9 L 0 465 1
9 D 468 465 1
10 L 0 1363 1
10 D 468 1363 1
11 L 0 1905 1
11 D 468 1905 1
12 L 0 879 1
12 D 468 879 1
13 L 0 1898 1
13 D 565 1898 1
14 L 0 238 1
14 D 565 238 1
15 L 0 1545 1
15 D 565 1545 1
16 L 0 421 1
16 D 565 421 1
17 L 0 975 1
17 D 649 975 1
18 L 0 564 1
18 D 649 564 1
19 L 0 1962 1
19 D 675 1962 1
20 L 0 1502 1
20 D 783 1502 1
21 L 0 476 1
21 D 783 476 1
22 L 0 1037 1
22 D 783 1037 1
23 L 0 1021 1
23 D 783 1021 1
24 L 0 480 1
24 D 783 480 1
25 L 0 252 1
25 D 146 252 1
26 L 0 335 1
26 D 146 335 1
27 L 0 270 1
27 D 146 270 1
28 L 0 764 1
28 D 146 764 1
29 L 0 1579 1
29 D 932 1579 1
0 L 0 1703 1
0 D 932 1703 1
1 L 0 1062 1
1 D 932 1062 1
2 L 0 1627 1
2 D 932 1627 1
3 L 0 748 1
3 D 932 748 1
4 L 0 699 1
4 D 73 699 1
5 L 0 1568 1
5 D 73 1568 1
6 L 0 1566 1
6 D 73 1566 1
7 L 0 1065 1
7 D 73 1065 1
8 L 0 1176 1
8 D 73 1176 1
9 L 0 1005 1
9 D 73 1005 1
10 L 0 953 1
10 D 73 953 1
11 L 0 547 1
11 D 73 547 1
12 L 0 1662 1
12 D 227 1662 1
13 L 0 324 1
13 D 227 324 1
14 L 0 1715 1
14 D 227 1715 1
15 L 0 719 1
15 D 227 719 1
16 L 0 1312 1
16 D 227 1312 1
17 L 0 1762 1
17 D 681 1762 1
18 L 0 1444 1
18 D 131 1444 1
19 L 0 83 1
19 D 131 83 1
20 L 0 86 1
20 D 131 86 1
21 L 0 1541 1
21 D 131 1541 1
22 L 0 230 1
22 D 131 230 1
23 L 0 762 1
23 D 131 762 1
24 L 0 1927 1
24 D 131 1927 1
25 L 0 137 1
25 D 400 137 1
26 L 0 748 1
26 D 435 748 1
27 L 0 105 1
27 D 435 105 1
28 L 0 1737 1
28 D 435 1737 1
29 L 0 659 1
29 D 935 659 1
0 L 0 820 1
0 D 935 820 1
1 L 0 1052 1
1 D 935 1052 1
2 L 0 1547 1
2 D 935 1547 1
3 L 0 56 1
3 D 429 56 1
4 L 0 1203 1
4 D 429 1203 1
5 L 0 1957 1
5 D 613 1957 1
6 L 0 1860 1
6 D 613 1860 1
7 L 0 1611 1
7 D 613 1611 1
8 L 0 755 1
8 D 613 755 1
9 L 0 1411 1
9 D 613 1411 1
10 L 0 483 1
10 D 707 483 1
11 L 0 1843 1
11 D 707 1843 1
12 L 0 158 1
12 D 707 158 1
13 L 0 1409 1
13 D 707 1409 1
14 L 0 1127 1
14 D 993 1127 1
15 L 0 1896 1
15 D 993 1896 1
16 L 0 1541 1
16 D 993 1541 1
17 L 0 1057 1
17 D 423 1057 1
18 L 0 696 1
18 D 423 696 1
19 L 0 1357 1
19 D 423 1357 1
20 L 0 649 1
20 D 423 649 1
21 L 0 553 1
21 D 423 553 1
22 L 0 101 1
22 D 520 101 1
23 L 0 1617 1
23 D 520 1617 1
24 L 0 816 1
24 D 182 816 1
25 L 0 190 1
25 D 182 190 1
26 L 0 1327 1
26 D 440 1327 1
27 L 0 1034 1
27 D 440 1034 1
28 L 0 1402 1
28 D 663 1402 1
29 L 0 742 1
29 D 663 742 1
0 L 0 719 1
0 D 663 719 1
1 L 0 63 1
1 D 663 63 1
2 L 0 508 1
2 D 663 508 1
3 L 0 843 1
3 D 30 843 1
4 L 0 334 1
4 D 30 334 1
5 L 0 1406 1
5 D 30 1406 1
6 L 0 613 1
6 D 30 613 1
7 L 0 1480 1
7 D 30 1480 1
8 L 0 859 1
8 D 30 859 1
9 L 0 940 1
9 D 923 940 1
10 L 0 675 1
10 D 479 675 1
11 L 0 521 1
11 D 479 521 1
12 L 0 186 1
12 D 479 186 1
13 L 0 635 1
13 D 479 635 1
14 L 0 378 1
14 D 479 378 1
15 L 0 1122 1
15 D 479 1122 1
16 L 0 898 1
16 D 822 898 1
17 L 0 335 1
17 D 822 335 1
18 L 0 333 1
18 D 434 333 1
19 L 0 1550 1
19 D 434 1550 1
20 L 0 446 1
20 D 434 446 1
21 L 0 1589 1
21 D 434 1589 1
22 L 0 244 1
22 D 434 244 1
23 L 0 941 1
23 D 730 941 1
24 L 0 1002 1
24 D 730 1002 1
25 L 0 1322 1
25 D 730 1322 1
26 L 0 697 1
26 D 730 697 1
27 L 0 958 1
27 D 730 958 1
28 L 0 1204 1
28 D 6 1204 1
29 L 0 1580 1
29 D 6 1580 1
0 L 0 905 1
0 D 6 905 1
1 L 0 73 1
1 D 6 73 1
2 L 0 1690 1
2 D 6 1690 1
3 L 0 1833 1
3 D 6 1833 1
4 L 0 488 1
4 D 6 488 1
5 L 0 1936 1
5 D 37 1936 1
6 L 0 185 1
6 D 37 185 1
7 L 0 1822 1
7 D 37 1822 1
8 L 0 725 1
8 D 37 725 1
9 L 0 1039 1
9 D 292 1039 1
10 L 0 1289 1
10 D 292 1289 1
11 L 0 400 1
11 D 292 400 1
12 L 0 1413 1
12 D 292 1413 1
13 L 0 631 1
13 D 292 631 1
14 L 0 89 1
14 D 292 89 1
15 L 0 583 1
15 D 386 583 1
16 L 0 511 1
16 D 548 511 1
17 L 0 1678 1
17 D 548 1678 1
18 L 0 107 1
18 D 548 107 1
19 L 0 1839 1
19 D 548 1839 1
20 L 0 1351 1
20 D 548 1351 1
21 L 0 713 1
21 D 548 713 1
22 L 0 1037 1
22 D 548 1037 1
23 L 0 1465 1
23 D 548 1465 1
24 L 0 1024 1
24 D 744 1024 1
25 L 0 1713 1
25 D 744 1713 1
26 L 0 1499 1
26 D 744 1499 1
27 L 0 1335 1
27 D 980 1335 1
28 L 0 573 1
28 D 21 573 1
29 L 0 1387 1
29 D 21 1387 1
0 L 0 1990 1
0 D 21 1990 1
1 L 0 1462 1
1 D 21 1462 1
2 L 0 801 1
2 D 23 801 1
3 L 0 406 1
3 D 23 406 1
4 L 0 1853 1
4 D 23 1853 1
5 L 0 1677 1
5 D 23 1677 1
6 L 0 157 1
6 D 23 157 1
7 L 0 919 1
7 D 23 919 1
8 L 0 1754 1
8 D 23 1754 1
9 L 0 1464 1
9 D 23 1464 1
10 L 0 1836 1
10 D 23 1836 1
11 L 0 522 1
11 D 180 522 1
12 L 0 1618 1
12 D 180 1618 1
13 L 0 1340 1
13 D 180 1340 1
14 L 0 407 1
14 D 180 407 1
15 L 0 1497 1
15 D 180 1497 1
16 L 0 1798 1
16 D 180 1798 1
17 L 0 118 1
17 D 180 118 1
18 L 0 1467 1
18 D 180 1467 1
19 L 0 262 1
19 D 180 262 1
20 L 0 1537 1
20 D 180 1537 1
21 L 0 890 1
21 D 750 890 1
22 L 0 1658 1
22 D 750 1658 1
23 L 0 1617 1
23 D 750 1617 1
24 L 0 1880 1
24 D 750 1880 1
25 L 0 1964 1
25 D 40 1964 1
26 L 0 1344 1
26 D 40 1344 1
27 L 0 1097 1
27 D 67 1097 1
28 L 0 338 1
28 D 67 338 1
29 L 0 512 1
29 D 67 512 1
0 L 0 1329 1
0 D 67 1329 1
1 L 0 1433 1
1 D 811 1433 1
2 L 0 534 1
2 D 811 534 1
3 L 0 184 1
3 D 811 184 1
4 L 0 1530 1
4 D 811 1530 1
5 L 0 1480 1
5 D 830 1480 1
6 L 0 654 1
6 D 830 654 1
7 L 0 841 1
7 D 830 841 1
8 L 0 1665 1
8 D 830 1665 1
9 L 0 409 1
9 D 830 409 1
10 L 0 1731 1
10 D 830 1731 1
11 L 0 777 1
11 D 830 777 1
12 L 0 1842 1
12 D 830 1842 1
13 L 0 216 1
13 D 44 216 1
14 L 0 563 1
14 D 44 563 1
15 L 0 604 1
15 D 82 604 1
16 L 0 51 1
16 D 498 51 1
17 L 0 1633 1
17 D 498 1633 1
18 L 0 947 1
18 D 498 947 1
19 L 0 1747 1
19 D 498 1747 1
20 L 0 1961 1
20 D 498 1961 1
21 L 0 1747 1
21 D 498 1747 1
22 L 0 784 1
22 D 498 784 1
23 L 0 918 1
23 D 498 918 1
24 L 0 1941 1
24 D 498 1941 1
25 L 0 1887 1
25 D 498 1887 1
26 L 0 1918 1
26 D 498 1918 1
27 L 0 248 1
27 D 498 248 1
28 L 0 350 1
28 D 498 350 1
29 L 0 914 1
29 D 498 914 1
0 L 0 963 1
0 D 498 963 1
1 L 0 1313 1
1 D 498 1313 1
2 L 0 61 1
2 D 720 61 1
3 L 0 1633 1
3 D 720 1633 1
4 L 0 243 1
4 D 720 243 1
5 L 0 1810 1
5 D 720 1810 1
6 L 0 350 1
6 D 720 350 1
7 L 0 1965 1
7 D 720 1965 1
8 L 0 1087 1
8 D 720 1087 1
9 L 0 781 1
9 D 720 781 1
10 L 0 753 1
10 D 720 753 1
11 L 0 1449 1
11 D 720 1449 1
12 L 0 147 1
12 D 720 147 1
13 L 0 535 1
13 D 587 535 1
14 L 0 1995 1
14 D 587 1995 1
15 L 0 129 1
15 D 587 129 1
16 L 0 651 1
16 D 587 651 1
17 L 0 1307 1
17 D 587 1307 1
18 L 0 1925 1
18 D 587 1925 1
19 L 0 1637 1
19 D 587 1637 1
20 L 0 1314 1
20 D 587 1314 1
21 L 0 1028 1
21 D 335 1028 1
22 L 0 800 1
22 D 335 800 1
23 L 0 631 1
23 D 335 631 1
24 L 0 693 1
24 D 777 693 1
25 L 0 1144 1
25 D 777 1144 1
26 L 0 1002 1
26 D 777 1002 1
27 L 0 48 1
27 D 777 48 1
28 L 0 1384 1
28 D 784 1384 1
29 L 0 1569 1
29 D 784 1569 1
0 L 0 484 1
0 D 784 484 1
1 L 0 360 1
1 D 784 360 1
2 L 0 404 1
2 D 784 404 1
3 L 0 397 1
3 D 784 397 1
4 L 0 1166 1
4 D 784 1166 1
5 L 0 1269 1
5 D 784 1269 1
6 L 0 1462 1
6 D 784 1462 1
7 L 0 737 1
7 D 784 737 1
8 L 0 1024 1
8 D 31 1024 1
9 L 0 1774 1
9 D 31 1774 1
10 L 0 270 1
10 D 31 270 1
11 L 0 1290 1
11 D 31 1290 1
12 L 0 432 1
12 D 31 432 1
13 L 0 367 1
13 D 31 367 1
14 L 0 1023 1
14 D 31 1023 1
15 L 0 1006 1
15 D 31 1006 1
16 L 0 1338 1
16 D 31 1338 1
17 L 0 534 1
17 D 31 534 1
18 L 0 1173 1
18 D 447 1173 1
19 L 0 691 1
19 D 447 691 1
20 L 0 1841 1
20 D 447 1841 1
21 L 0 1897 1
21 D 447 1897 1
22 L 0 1601 1
22 D 575 1601 1
23 L 0 1670 1
23 D 575 1670 1
24 L 0 1782 1
24 D 575 1782 1
25 L 0 85 1
25 D 619 85 1
26 L 0 1736 1
26 D 619 1736 1
27 L 0 1476 1
27 D 619 1476 1
28 L 0 15 1
28 D 619 15 1
29 L 0 335 1
29 D 619 335 1
0 L 0 736 1
0 D 619 736 1
1 L 0 1147 1
1 D 303 1147 1
2 L 0 1643 1
2 D 303 1643 1
3 L 0 1464 1
3 D 303 1464 1
4 L 0 1993 1
4 D 625 1993 1
5 L 0 1159 1
5 D 625 1159 1
6 L 0 1305 1
6 D 625 1305 1
7 L 0 1883 1
7 D 432 1883 1
8 L 0 1289 1
8 D 432 1289 1
9 L 0 1285 1
9 D 432 1285 1
10 L 0 921 1
10 D 432 921 1
11 L 0 1594 1
11 D 432 1594 1
12 L 0 1969 1
12 D 943 1969 1
13 L 0 1025 1
13 D 943 1025 1
14 L 0 265 1
14 D 943 265 1
15 L 0 1871 1
15 D 340 1871 1
16 L 0 1084 1
16 D 340 1084 1
17 L 0 1457 1
17 D 340 1457 1
18 L 0 1804 1
18 D 340 1804 1
19 L 0 1447 1
19 D 340 1447 1
20 L 0 1649 1
20 D 340 1649 1
21 L 0 437 1
21 D 340 437 1
22 L 0 220 1
22 D 340 220 1
23 L 0 71 1
23 D 443 71 1
24 L 0 153 1
24 D 443 153 1
25 L 0 1884 1
25 D 443 1884 1
26 L 0 1792 1
26 D 443 1792 1
27 L 0 607 1
27 D 519 607 1
28 L 0 1704 1
28 D 519 1704 1
29 L 0 1091 1
29 D 519 1091 1
0 L 0 334 1
0 D 519 334 1
1 L 0 890 1
1 D 519 890 1
2 L 0 312 1
2 D 519 312 1
3 L 0 1606 1
3 D 216 1606 1
4 L 0 852 1
4 D 216 852 1
5 L 0 412 1
5 D 984 412 1
6 L 0 1888 1
6 D 984 1888 1
7 L 0 1638 1
7 D 984 1638 1
8 L 0 1270 1
8 D 779 1270 1
9 L 0 615 1
9 D 779 615 1
10 L 0 1858 1
10 D 779 1858 1
11 L 0 512 1
11 D 779 512 1
12 L 0 810 1
12 D 779 810 1
13 L 0 10 1
13 D 779 10 1
14 L 0 1155 1
14 D 779 1155 1
15 L 0 261 1
15 D 779 261 1
16 L 0 1017 1
16 D 779 1017 1
17 L 0 1304 1
17 D 58 1304 1
18 L 0 448 1
18 D 58 448 1
19 L 0 905 1
19 D 718 905 1
20 L 0 1482 1
20 D 718 1482 1
21 L 0 1303 1
21 D 718 1303 1
22 L 0 1264 1
22 D 718 1264 1
23 L 0 953 1
23 D 765 953 1
24 L 0 1866 1
24 D 765 1866 1
25 L 0 1138 1
25 D 765 1138 1
26 L 0 971 1
26 D 996 971 1
27 L 0 1818 1
27 D 560 1818 1
28 L 0 266 1
28 D 560 266 1
29 L 0 26 1
29 D 323 26 1
0 L 0 153 1
0 D 323 153 1
1 L 0 1508 1
1 D 323 1508 1
2 L 0 1830 1
2 D 382 1830 1
3 L 0 1447 1
3 D 382 1447 1
4 L 0 1809 1
4 D 382 1809 1
5 L 0 1776 1
5 D 382 1776 1
6 L 0 1596 1
6 D 411 1596 1
7 L 0 11 1
7 D 411 11 1
8 L 0 162 1
8 D 411 162 1
9 L 0 996 1
9 D 411 996 1
10 L 0 790 1
10 D 105 790 1
11 L 0 1886 1
11 D 105 1886 1
12 L 0 290 1
12 D 105 290 1
13 L 0 1988 1
13 D 105 1988 1
14 L 0 1556 1
14 D 249 1556 1
15 L 0 512 1
15 D 249 512 1
16 L 0 643 1
16 D 249 643 1
17 L 0 296 1
17 D 885 296 1
18 L 0 433 1
18 D 885 433 1
19 L 0 916 1
19 D 885 916 1
20 L 0 304 1
20 D 885 304 1
21 L 0 1137 1
21 D 885 1137 1
22 L 0 379 1
22 D 885 379 1
23 L 0 1180 1
23 D 885 1180 1
24 L 0 460 1
24 D 314 460 1
25 L 0 1830 1
25 D 314 1830 1
26 L 0 221 1
26 D 314 221 1
27 L 0 392 1
27 D 314 392 1
28 L 0 670 1
28 D 314 670 1
29 L 0 1448 1
29 D 347 1448 1
0 L 0 1405 1
0 D 347 1405 1
1 L 0 108 1
1 D 347 108 1
2 L 0 662 1
2 D 347 662 1
3 L 0 1441 1
3 D 347 1441 1
4 L 0 787 1
4 D 347 787 1
5 L 0 1786 1
5 D 740 1786 1
6 L 0 701 1
6 D 740 701 1
7 L 0 1920 1
7 D 740 1920 1
8 L 0 1896 1
8 D 740 1896 1
9 L 0 1588 1
9 D 740 1588 1
10 L 0 658 1
10 D 346 658 1
11 L 0 1002 1
11 D 346 1002 1
12 L 0 922 1
12 D 346 922 1
13 L 0 905 1
13 D 346 905 1
14 L 0 154 1
14 D 346 154 1
15 L 0 1350 1
15 D 346 1350 1
16 L 0 1451 1
16 D 346 1451 1
17 L 0 447 1
17 D 346 447 1
18 L 0 1922 1
18 D 346 1922 1
19 L 0 1875 1
19 D 642 1875 1
20 L 0 220 1
20 D 642 220 1
21 L 0 1590 1
21 D 642 1590 1
22 L 0 1549 1
22 D 642 1549 1
23 L 0 936 1
23 D 642 936 1
24 L 0 154 1
24 D 10 154 1
25 L 0 1189 1
25 D 10 1189 1
26 L 0 1590 1
26 D 332 1590 1
27 L 0 1640 1
27 D 332 1640 1
28 L 0 1765 1
28 D 332 1765 1
29 L 0 1355 1
29 D 934 1355 1
0 L 0 538 1
0 D 995 538 1
1 L 0 1309 1
1 D 995 1309 1
2 L 0 452 1
2 D 995 452 1
3 L 0 591 1
3 D 995 591 1
4 L 0 1304 1
4 D 995 1304 1
5 L 0 126 1
5 D 995 126 1
6 L 0 1173 1
6 D 350 1173 1
7 L 0 338 1
7 D 350 338 1
8 L 0 501 1
8 D 350 501 1
9 L 0 659 1
9 D 350 659 1
10 L 0 267 1
10 D 350 267 1
11 L 0 1832 1
11 D 350 1832 1
12 L 0 1617 1
12 D 660 1617 1
13 L 0 970 1
13 D 660 970 1
14 L 0 1163 1
14 D 660 1163 1
15 L 0 1765 1
15 D 660 1765 1
16 L 0 669 1
16 D 761 669 1
17 L 0 1214 1
17 D 269 1214 1
18 L 0 277 1
18 D 269 277 1
19 L 0 674 1
19 D 269 674 1
20 L 0 829 1
20 D 269 829 1
21 L 0 886 1
21 D 518 886 1
22 L 0 989 1
22 D 518 989 1
23 L 0 1894 1
23 D 518 1894 1
24 L 0 1635 1
24 D 281 1635 1
25 L 0 1108 1
25 D 281 1108 1
26 L 0 747 1
26 D 281 747 1
27 L 0 534 1
27 D 281 534 1
28 L 0 338 1
28 D 540 338 1
29 L 0 114 1
29 D 540 114 1
0 L 0 49 1
0 D 540 49 1
1 L 0 1595 1
1 D 308 1595 1
2 L 0 553 1
2 D 308 553 1
3 L 0 1094 1
3 D 308 1094 1
4 L 0 1875 1
4 D 308 1875 1
5 L 0 104 1
5 D 360 104 1
6 L 0 429 1
6 D 360 429 1
7 L 0 1277 1
7 D 425 1277 1
8 L 0 1420 1
8 D 425 1420 1
9 L 0 1285 1
9 D 425 1285 1
10 L 0 1782 1
10 D 49 1782 1
11 L 0 1514 1
11 D 49 1514 1
12 L 0 1520 1
12 D 352 1520 1
13 L 0 1464 1
13 D 352 1464 1
14 L 0 688 1
14 D 352 688 1
15 L 0 567 1
15 D 769 567 1
16 L 0 559 1
16 D 769 559 1
17 L 0 678 1
17 D 769 678 1
18 L 0 773 1
18 D 999 773 1
19 L 0 1464 1
19 D 999 1464 1
20 L 0 130 1
20 D 774 130 1
21 L 0 1080 1
21 D 774 1080 1
22 L 0 1462 1
22 D 774 1462 1
23 L 0 682 1
23 D 774 682 1
24 L 0 1042 1
24 D 774 1042 1
25 L 0 243 1
25 D 774 243 1
26 L 0 1616 1
26 D 774 1616 1
27 L 0 1417 1
27 D 774 1417 1
28 L 0 977 1
28 D 897 977 1
29 L 0 1289 1
29 D 897 1289 1
0 L 0 164 1
0 D 897 164 1
1 L 0 1434 1
1 D 557 1434 1
2 L 0 352 1
2 D 557 352 1
3 L 0 104 1
3 D 557 104 1
4 L 0 1584 1
4 D 43 1584 1
5 L 0 1525 1
5 D 43 1525 1
6 L 0 688 1
6 D 43 688 1
7 L 0 476 1
7 D 70 476 1
8 L 0 1108 1
8 D 70 1108 1
9 L 0 974 1
9 D 70 974 1
10 L 0 587 1
10 D 70 587 1
11 L 0 1029 1
11 D 782 1029 1
12 L 0 1101 1
12 D 782 1101 1
13 L 0 1789 1
13 D 940 1789 1
14 L 0 1204 1
14 D 940 1204 1
15 L 0 1962 1
15 D 940 1962 1
16 L 0 1290 1
16 D 29 1290 1
17 L 0 441 1
17 D 29 441 1
18 L 0 488 1
18 D 29 488 1
19 L 0 1086 1
19 D 29 1086 1
20 L 0 1702 1
20 D 29 1702 1
21 L 0 1372 1
21 D 29 1372 1
22 L 0 607 1
22 D 29 607 1
23 L 0 290 1
23 D 29 290 1
24 L 0 1475 1
24 D 29 1475 1
25 L 0 883 1
25 D 439 883 1
26 L 0 948 1
26 D 439 948 1
27 L 0 1383 1
27 D 439 1383 1
28 L 0 1200 1
28 D 439 1200 1
29 L 0 736 1
29 D 129 736 1
0 L 0 1025 1
0 D 129 1025 1
1 L 0 1166 1
1 D 129 1166 1
2 L 0 992 1
2 D 115 992 1
3 L 0 471 1
3 D 729 471 1
4 L 0 382 1
4 D 729 382 1
5 L 0 96 1
5 D 729 96 1
6 L 0 455 1
6 D 936 455 1
7 L 0 163 1
7 D 936 163 1
8 L 0 1733 1
8 D 936 1733 1
9 L 0 1012 1
9 D 936 1012 1
10 L 0 1420 1
10 D 936 1420 1
11 L 0 1929 1
11 D 141 1929 1
12 L 0 1890 1
12 D 141 1890 1
13 L 0 1495 1
13 D 141 1495 1
14 L 0 41 1
14 D 708 41 1
15 L 0 996 1
15 D 708 996 1
16 L 0 529 1
16 D 708 529 1
17 L 0 735 1
17 D 708 735 1
18 L 0 1704 1
18 D 708 1704 1
19 L 0 1144 1
19 D 633 1144 1
20 L 0 1013 1
20 D 682 1013 1
21 L 0 1313 1
21 D 682 1313 1
22 L 0 1215 1
22 D 466 1215 1
23 L 0 1527 1
23 D 466 1527 1
24 L 0 1002 1
24 D 466 1002 1
25 L 0 1082 1
25 D 466 1082 1
26 L 0 1233 1
26 D 466 1233 1
27 L 0 1098 1
27 D 466 1098 1
28 L 0 167 1
28 D 466 167 1
29 L 0 1527 1
29 D 680 1527 1
0 L 0 631 1
0 D 680 631 1
1 L 0 834 1
1 D 680 834 1
2 L 0 1923 1
2 D 312 1923 1
3 L 0 1638 1
3 D 372 1638 1
4 L 0 1172 1
4 D 372 1172 1
5 L 0 561 1
5 D 372 561 1
6 L 0 175 1
6 D 372 175 1
7 L 0 1420 1
7 D 372 1420 1
8 L 0 1135 1
8 D 691 1135 1
9 L 0 365 1
9 D 691 365 1
10 L 0 1548 1
10 D 691 1548 1
11 L 0 883 1
11 D 691 883 1
12 L 0 1535 1
12 D 691 1535 1
13 L 0 802 1
13 D 691 802 1
14 L 0 639 1
14 D 963 639 1
15 L 0 1231 1
15 D 963 1231 1
16 L 0 1785 1
16 D 48 1785 1
17 L 0 1095 1
17 D 48 1095 1
18 L 0 563 1
18 D 48 563 1
19 L 0 1197 1
19 D 873 1197 1
20 L 0 420 1
20 D 873 420 1
21 L 0 97 1
21 D 436 97 1
22 L 0 1955 1
22 D 436 1955 1
23 L 0 954 1
23 D 436 954 1
24 L 0 445 1
24 D 436 445 1
25 L 0 413 1
25 D 786 413 1
26 L 0 1547 1
26 D 786 1547 1
27 L 0 1764 1
27 D 786 1764 1
28 L 0 1052 1
28 D 14 1052 1
29 L 0 1250 1
29 D 240 1250 1
0 L 0 1558 1
0 D 240 1558 1
1 L 0 572 1
1 D 240 572 1
2 L 0 1436 1
2 D 465 1436 1
3 L 0 743 1
3 D 465 743 1
4 L 0 460 1
4 D 203 460 1
5 L 0 130 1
5 D 203 130 1
6 L 0 1599 1
6 D 203 1599 1
7 L 0 854 1
7 D 203 854 1
8 L 0 80 1
8 D 203 80 1
9 L 0 1078 1
9 D 585 1078 1
10 L 0 1983 1
10 D 585 1983 1
11 L 0 1714 1
11 D 585 1714 1
12 L 0 962 1
12 D 585 962 1
13 L 0 720 1
13 D 585 720 1
14 L 0 465 1
14 D 863 465 1
15 L 0 1359 1
15 D 921 1359 1
16 L 0 1864 1
16 D 921 1864 1
17 L 0 1590 1
17 D 247 1590 1
18 L 0 287 1
18 D 727 287 1
19 L 0 346 1
19 D 727 346 1
20 L 0 461 1
20 D 727 461 1
21 L 0 1666 1
21 D 731 1666 1
22 L 0 1410 1
22 D 731 1410 1
23 L 0 1966 1
23 D 329 1966 1
24 L 0 1056 1
24 D 329 1056 1
25 L 0 1225 1
25 D 329 1225 1
26 L 0 1025 1
26 D 329 1025 1
27 L 0 1988 1
27 D 541 1988 1
28 L 0 563 1
28 D 541 563 1
29 L 0 560 1
29 D 541 560 1
0 L 0 1259 1
0 D 541 1259 1
1 L 0 533 1
1 D 541 533 1
2 L 0 1173 1
2 D 541 1173 1
3 L 0 754 1
3 D 516 754 1
4 L 0 1863 1
4 D 516 1863 1
5 L 0 360 1
5 D 516 360 1
6 L 0 110 1
6 D 516 110 1
7 L 0 659 1
7 D 516 659 1
8 L 0 157 1
8 D 123 157 1
9 L 0 1747 1
9 D 123 1747 1
10 L 0 1285 1
10 D 968 1285 1
11 L 0 1061 1
11 D 495 1061 1
12 L 0 989 1
12 D 495 989 1
13 L 0 1154 1
13 D 804 1154 1
14 L 0 1489 1
14 D 804 1489 1
15 L 0 1747 1
15 D 804 1747 1
16 L 0 1333 1
16 D 804 1333 1
17 L 0 1034 1
17 D 717 1034 1
18 L 0 1397 1
18 D 717 1397 1
19 L 0 614 1
19 D 717 614 1
20 L 0 64 1
20 D 717 64 1
21 L 0 375 1
21 D 717 375 1
22 L 0 1896 1
22 D 717 1896 1
23 L 0 1141 1
23 D 785 1141 1
24 L 0 26 1
24 D 785 26 1
25 L 0 153 1
25 D 785 153 1
26 L 0 1937 1
26 D 785 1937 1
27 L 0 487 1
27 D 785 487 1
28 L 0 1023 1
28 D 785 1023 1
29 L 0 756 1
29 D 785 756 1
0 L 0 1003 1
0 D 176 1003 1
1 L 0 553 1
1 D 176 553 1
2 L 0 1313 1
2 D 176 1313 1
3 L 0 1756 1
3 D 472 1756 1
4 L 0 1527 1
4 D 472 1527 1
5 L 0 1441 1
5 D 472 1441 1
6 L 0 841 1
6 D 472 841 1
7 L 0 259 1
7 D 956 259 1
8 L 0 764 1
8 D 956 764 1
9 L 0 1974 1
9 D 956 1974 1
10 L 0 590 1
10 D 956 590 1
11 L 0 1266 1
11 D 956 1266 1
12 L 0 276 1
12 D 956 276 1
13 L 0 1956 1
13 D 956 1956 1
14 L 0 111 1
14 D 912 111 1
15 L 0 1224 1
15 D 912 1224 1
16 L 0 1120 1
16 D 912 1120 1
17 L 0 1414 1
17 D 912 1414 1
18 L 0 119 1
18 D 912 119 1
19 L 0 998 1
19 D 638 998 1
20 L 0 1383 1
20 D 638 1383 1
21 L 0 837 1
21 D 638 837 1
22 L 0 328 1
22 D 469 328 1
23 L 0 218 1
23 D 469 218 1
24 L 0 1525 1
24 D 469 1525 1
25 L 0 1633 1
25 D 469 1633 1
26 L 0 911 1
26 D 469 911 1
27 L 0 159 1
27 D 846 159 1
28 L 0 1554 1
28 D 846 1554 1
29 L 0 1059 1
29 D 282 1059 1
0 L 0 626 1
0 D 282 626 1
1 L 0 1359 1
1 D 282 1359 1
2 L 0 644 1
2 D 510 644 1
3 L 0 1103 1
3 D 510 1103 1
4 L 0 798 1
4 D 510 798 1
5 L 0 1481 1
5 D 5 1481 1
6 L 0 1863 1
6 D 5 1863 1
7 L 0 1084 1
7 D 5 1084 1
8 L 0 1204 1
8 D 5 1204 1
9 L 0 488 1
9 D 5 488 1
10 L 0 1938 1
10 D 217 1938 1
11 L 0 1093 1
11 D 527 1093 1
12 L 0 1191 1
12 D 527 1191 1
13 L 0 71 1
13 D 527 71 1
14 L 0 832 1
14 D 527 832 1
15 L 0 1640 1
15 D 259 1640 1
16 L 0 638 1
16 D 259 638 1
17 L 0 1159 1
17 D 259 1159 1
18 L 0 78 1
18 D 259 78 1
19 L 0 26 1
19 D 259 26 1
20 L 0 16 1
20 D 259 16 1
21 L 0 1402 1
21 D 259 1402 1
22 L 0 1290 1
22 D 259 1290 1
23 L 0 348 1
23 D 205 348 1
24 L 0 1444 1
24 D 205 1444 1
25 L 0 919 1
25 D 28 919 1
26 L 0 1699 1
26 D 28 1699 1
27 L 0 435 1
27 D 966 435 1
28 L 0 1626 1
28 D 981 1626 1
29 L 0 1488 1
29 D 981 1488 1
0 L 0 732 1
0 D 981 732 1
1 L 0 1903 1
1 D 976 1903 1
2 L 0 914 1
2 D 976 914 1
3 L 0 509 1
3 D 976 509 1
4 L 0 1098 1
4 D 976 1098 1
5 L 0 763 1
5 D 949 763 1
6 L 0 836 1
6 D 949 836 1
7 L 0 1505 1
7 D 949 1505 1
8 L 0 1888 1
8 D 776 1888 1
9 L 0 590 1
9 D 776 590 1
10 L 0 1230 1
10 D 234 1230 1
11 L 0 1024 1
11 D 234 1024 1
12 L 0 918 1
12 D 234 918 1
13 L 0 1601 1
13 D 234 1601 1
14 L 0 1704 1
14 D 410 1704 1
15 L 0 468 1
15 D 410 468 1
16 L 0 21 1
16 D 117 21 1
17 L 0 239 1
17 D 117 239 1
18 L 0 1305 1
18 D 117 1305 1
19 L 0 870 1
19 D 795 870 1
20 L 0 1250 1
20 D 795 1250 1
21 L 0 1234 1
21 D 795 1234 1
22 L 0 1802 1
22 D 795 1802 1
23 L 0 214 1
23 D 795 214 1
24 L 0 189 1
24 D 586 189 1
25 L 0 871 1
25 D 586 871 1
26 L 0 482 1
26 D 586 482 1
27 L 0 617 1
27 D 586 617 1
28 L 0 299 1
28 D 586 299 1
29 L 0 201 1
29 D 586 201 1
0 L 0 1765 1
0 D 371 1765 1
1 L 0 1875 1
1 D 371 1875 1
2 L 0 805 1
2 D 293 805 1
3 L 0 384 1
3 D 293 384 1
4 L 0 1285 1
4 D 293 1285 1
5 L 0 1010 1
5 D 293 1010 1
6 L 0 1266 1
6 D 293 1266 1
7 L 0 2 1
7 D 293 2 1
8 L 0 1802 1
8 D 293 1802 1
9 L 0 1230 1
9 D 832 1230 1
10 L 0 996 1
10 D 832 996 1
11 L 0 711 1
11 D 832 711 1
12 L 0 1873 1
12 D 832 1873 1
13 L 0 927 1
13 D 832 927 1
14 L 0 97 1
14 D 832 97 1
15 L 0 1068 1
15 D 832 1068 1
16 L 0 1010 1
16 D 957 1010 1
17 L 0 100 1
17 D 957 100 1
18 L 0 597 1
18 D 68 597 1
19 L 0 463 1
19 D 555 463 1
20 L 0 896 1
20 D 555 896 1
21 L 0 1045 1
21 D 555 1045 1
22 L 0 790 1
22 D 555 790 1
23 L 0 1491 1
23 D 654 1491 1
24 L 0 375 1
24 D 654 375 1
25 L 0 512 1
25 D 85 512 1
26 L 0 1300 1
26 D 85 1300 1
27 L 0 1853 1
27 D 803 1853 1
28 L 0 993 1
28 D 803 993 1
29 L 0 421 1
29 D 803 421 1
0 L 0 875 1
0 D 803 875 1
1 L 0 1337 1
1 D 803 1337 1
2 L 5 175 1
2 D 979 175 1
3 L 5 951 1
3 D 979 951 1
4 L 0 1147 1
4 D 979 1147 1
5 L 5 679 1
5 D 348 679 1
6 L 5 591 1
6 D 348 591 1
7 L 5 468 1
7 D 348 468 1
8 L 5 684 1
8 D 348 684 1
4 L 5 1137 1
4 D 348 1137 1
9 L 5 1408 1
9 D 348 1408 1
2 L 5 238 1
2 D 348 238 1
10 L 5 1741 1
10 D 348 1741 1
11 L 5 157 1
11 D 348 157 1
3 L 0 283 1
3 D 348 283 1
12 L 0 1602 1
12 D 348 1602 1
13 L 0 80 1
13 D 348 80 1
14 L 0 1334 1
14 D 348 1334 1
5 L 0 475 1
5 D 348 475 1
15 L 0 227 1
15 D 348 227 1
6 L 5 442 1
6 D 672 442 1
7 L 5 642 1
7 D 672 642 1
3 L 5 822 1
3 D 672 822 1
12 L 5 816 1
12 D 672 816 1
13 L 5 1977 1
13 D 672 1977 1
16 L 5 242 1
16 D 672 242 1
8 L 5 1940 1
8 D 672 1940 1
14 L 5 1028 1
14 D 672 1028 1
4 L 5 1062 1
4 D 672 1062 1
5 L 5 356 1
5 D 672 356 1
9 L 0 417 1
9 D 672 417 1
15 L 0 1086 1
15 D 672 1086 1
17 L 0 517 1
17 D 672 517 1
2 L 5 1766 1
2 D 739 1766 1
10 L 5 1649 1
10 D 739 1649 1
11 L 5 1558 1
11 D 739 1558 1
18 L 5 71 1
18 D 739 71 1
19 L 5 688 1
19 D 739 688 1
20 L 0 323 1
20 D 739 323 1
21 L 0 136 1
21 D 739 136 1
9 L 5 988 1
9 D 264 988 1
15 L 5 200 1
15 D 264 200 1
17 L 5 127 1
17 D 264 127 1
2 L 5 1602 1
2 D 264 1602 1
6 L 0 1025 1
6 D 264 1025 1
7 L 0 225 1
7 D 264 225 1
10 L 5 54 1
10 D 145 54 1
20 L 5 1443 1
20 D 145 1443 1
22 L 5 1063 1
22 D 145 1063 1
11 L 5 1246 1
11 D 145 1246 1
3 L 0 205 1
3 D 145 205 1
12 L 0 920 1
12 D 145 920 1
21 L 0 935 1
21 D 145 935 1
13 L 5 672 1
13 D 253 672 1
23 L 0 783 1
23 D 253 783 1
16 L 5 1529 1
16 D 861 1529 1
8 L 5 479 1
8 D 861 479 1
18 L 5 931 1
18 D 861 931 1
14 L 5 837 1
14 D 861 837 1
4 L 5 723 1
4 D 17 723 1
6 L 5 409 1
6 D 17 409 1
5 L 5 1717 1
5 D 17 1717 1
24 L 5 1832 1
24 D 17 1832 1
7 L 5 1435 1
7 D 812 1435 1
19 L 5 1267 1
19 D 812 1267 1
9 L 0 1816 1
9 D 812 1816 1
15 L 0 1855 1
15 D 812 1855 1
17 L 5 1277 1
17 D 167 1277 1
2 L 5 541 1
2 D 167 541 1
16 L 5 1939 1
16 D 167 1939 1
25 L 0 1439 1
25 D 167 1439 1
3 L 5 1857 1
3 D 310 1857 1
12 L 5 1022 1
12 D 310 1022 1
26 L 5 1158 1
26 D 310 1158 1
8 L 5 552 1
8 D 998 552 1
21 L 0 1759 1
21 D 998 1759 1
18 L 0 399 1
18 D 998 399 1
14 L 5 1482 1
14 D 64 1482 1
23 L 5 49 1
23 D 64 49 1
4 L 5 1580 1
4 D 64 1580 1
6 L 5 1265 1
6 D 64 1265 1
5 L 5 1257 1
5 D 64 1257 1
24 L 5 1582 1
24 D 309 1582 1
27 L 5 1279 1
27 D 309 1279 1
28 L 5 1196 1
28 D 309 1196 1
10 L 5 1713 1
10 D 309 1713 1
20 L 5 407 1
20 D 309 407 1
22 L 5 958 1
22 D 309 958 1
11 L 0 583 1
11 D 309 583 1
29 L 0 1822 1
29 D 309 1822 1
13 L 5 1005 1
13 D 221 1005 1
0 L 5 588 1
0 D 221 588 1
1 L 0 488 1
1 D 221 488 1
9 L 5 1644 1
9 D 364 1644 1
15 L 5 382 1
15 D 364 382 1
7 L 5 1231 1
7 D 364 1231 1
19 L 5 1744 1
19 D 364 1744 1
25 L 5 1924 1
25 D 364 1924 1
14 L 5 815 1
14 D 364 815 1
17 L 5 1834 1
17 D 364 1834 1
2 L 0 1305 1
2 D 364 1305 1
23 L 0 706 1
23 D 364 706 1
21 L 0 994 1
21 D 364 994 1
18 L 5 106 1
18 D 408 106 1
4 L 5 1881 1
4 D 408 1881 1
6 L 5 727 1
6 D 408 727 1
5 L 5 170 1
5 D 408 170 1
1 L 5 432 1
1 D 408 432 1
16 L 5 973 1
16 D 408 973 1
13 L 5 505 1
13 D 408 505 1
11 L 5 1651 1
11 D 408 1651 1
29 L 5 1738 1
29 D 408 1738 1
3 L 5 1926 1
3 D 408 1926 1
12 L 5 1690 1
12 D 96 1690 1
26 L 5 786 1
26 D 96 786 1
8 L 5 1238 1
8 D 96 1238 1
0 L 5 1251 1
0 D 96 1251 1
24 L 5 100 1
24 D 96 100 1
27 L 5 1632 1
27 D 96 1632 1
28 L 5 461 1
28 D 96 461 1
10 L 5 557 1
10 D 96 557 1
20 L 5 169 1
20 D 96 169 1
22 L 5 1289 1
22 D 96 1289 1
2 L 5 1589 1
2 D 96 1589 1
23 L 5 891 1
23 D 920 891 1
21 L 5 1644 1
21 D 920 1644 1
9 L 5 1266 1
9 D 920 1266 1
15 L 5 884 1
15 D 920 884 1
7 L 5 337 1
7 D 920 337 1
18 L 5 76 1
18 D 920 76 1
19 L 5 476 1
19 D 920 476 1
4 L 5 668 1
4 D 920 668 1
6 L 5 1523 1
6 D 920 1523 1
5 L 0 767 1
5 D 920 767 1
25 L 0 57 1
25 D 920 57 1
14 L 0 1284 1
14 D 920 1284 1
17 L 0 100 1
17 D 920 100 1
1 L 0 1457 1
1 D 920 1457 1
16 L 5 490 1
16 D 161 490 1
13 L 5 610 1
13 D 161 610 1
11 L 5 756 1
11 D 161 756 1
29 L 5 1559 1
29 D 161 1559 1
12 L 5 919 1
12 D 161 919 1
26 L 0 1903 1
26 D 161 1903 1
3 L 0 1220 1
3 D 161 1220 1
8 L 0 857 1
8 D 161 857 1
0 L 5 1201 1
0 D 91 1201 1
24 L 5 1803 1
24 D 91 1803 1
27 L 0 1528 1
27 D 91 1528 1
28 L 5 151 1
28 D 416 151 1
10 L 0 832 1
10 D 416 832 1
20 L 0 971 1
20 D 416 971 1
22 L 0 1459 1
22 D 416 1459 1
2 L 0 1719 1
2 D 416 1719 1
5 L 0 749 1
5 D 416 749 1
25 L 0 782 1
25 D 416 782 1
14 L 5 475 1
14 D 231 475 1
17 L 5 1421 1
17 D 231 1421 1
23 L 5 1142 1
23 D 231 1142 1
1 L 5 783 1
1 D 231 783 1
21 L 5 346 1
21 D 231 346 1
9 L 5 1486 1
9 D 231 1486 1
15 L 5 1482 1
15 D 231 1482 1
26 L 5 1780 1
26 D 231 1780 1
3 L 0 1345 1
3 D 231 1345 1
8 L 5 1163 1
8 D 130 1163 1
7 L 5 1383 1
7 D 130 1383 1
18 L 5 557 1
18 D 130 557 1
19 L 5 1392 1
19 D 130 1392 1
4 L 5 825 1
4 D 130 825 1
6 L 5 50 1
6 D 130 50 1
27 L 5 157 1
27 D 130 157 1
10 L 5 1476 1
10 D 144 1476 1
20 L 5 1449 1
20 D 144 1449 1
22 L 5 8 1
22 D 144 8 1
16 L 5 104 1
16 D 27 104 1
2 L 5 1414 1
2 D 27 1414 1
0 L 5 35 1
0 D 27 35 1
13 L 5 537 1
13 D 27 537 1
11 L 5 590 1
11 D 27 590 1
5 L 5 1698 1
5 D 27 1698 1
25 L 5 139 1
25 D 27 139 1
29 L 5 43 1
29 D 27 43 1
12 L 5 239 1
12 D 27 239 1
24 L 5 1120 1
24 D 27 1120 1
28 L 5 2 1
28 D 27 2 1
3 L 5 908 1
3 D 27 908 1
14 L 5 244 1
14 D 27 244 1
17 L 5 1299 1
17 D 27 1299 1
23 L 0 1824 1
23 D 27 1824 1
1 L 5 1126 1
1 D 452 1126 1
21 L 5 1966 1
21 D 452 1966 1
9 L 5 1495 1
9 D 452 1495 1
15 L 5 124 1
15 D 452 124 1
26 L 5 320 1
26 D 591 320 1
10 L 5 522 1
10 D 591 522 1
20 L 0 690 1
20 D 591 690 1
22 L 5 734 1
22 D 403 734 1
16 L 5 1297 1
16 D 403 1297 1
2 L 5 1452 1
2 D 403 1452 1
0 L 5 1811 1
0 D 403 1811 1
13 L 5 1786 1
13 D 108 1786 1
11 L 5 1653 1
11 D 108 1653 1
5 L 0 1313 1
5 D 108 1313 1
25 L 0 1641 1
25 D 108 1641 1
29 L 5 1444 1
29 D 179 1444 1
12 L 5 1133 1
12 D 179 1133 1
8 L 5 948 1
8 D 179 948 1
7 L 5 1456 1
7 D 179 1456 1
24 L 5 97 1
24 D 179 97 1
18 L 5 1433 1
18 D 179 1433 1
19 L 5 1762 1
19 D 179 1762 1
4 L 5 86 1
4 D 179 86 1
6 L 5 66 1
6 D 179 66 1
23 L 5 145 1
23 D 179 145 1
27 L 5 112 1
27 D 179 112 1
28 L 5 1034 1
28 D 179 1034 1
3 L 5 587 1
3 D 179 587 1
20 L 5 1062 1
20 D 179 1062 1
14 L 5 1972 1
14 D 179 1972 1
17 L 5 1020 1
17 D 385 1020 1
26 L 5 1027 1
26 D 385 1027 1
1 L 5 1376 1
1 D 385 1376 1
21 L 5 1481 1
21 D 385 1481 1
9 L 5 534 1
9 D 385 534 1
15 L 5 490 1
15 D 385 490 1
10 L 5 1871 1
10 D 385 1871 1
22 L 5 983 1
22 D 385 983 1
16 L 5 764 1
16 D 385 764 1
2 L 5 538 1
2 D 385 538 1
0 L 5 1046 1
0 D 385 1046 1
29 L 5 70 1
29 D 385 70 1
12 L 5 131 1
12 D 385 131 1
5 L 5 782 1
5 D 199 782 1
25 L 5 420 1
25 D 199 420 1
8 L 5 388 1
8 D 199 388 1
7 L 5 710 1
7 D 199 710 1
24 L 5 1307 1
24 D 199 1307 1
18 L 5 1547 1
18 D 199 1547 1
19 L 5 1996 1
19 D 199 1996 1
4 L 5 114 1
4 D 199 114 1
6 L 5 1424 1
6 D 199 1424 1
23 L 5 1595 1
23 D 199 1595 1
27 L 5 1482 1
27 D 199 1482 1
28 L 5 1183 1
28 D 199 1183 1
3 L 5 439 1
3 D 241 439 1
13 L 5 919 1
13 D 241 919 1
11 L 5 1020 1
11 D 241 1020 1
20 L 5 1590 1
20 D 241 1590 1
14 L 5 975 1
14 D 241 975 1
17 L 5 86 1
17 D 241 86 1
26 L 5 645 1
26 D 241 645 1
1 L 0 1527 1
1 D 241 1527 1
21 L 0 594 1
21 D 241 594 1
9 L 0 158 1
9 D 241 158 1
15 L 0 891 1
15 D 241 891 1
10 L 5 632 1
10 D 316 632 1
22 L 5 1020 1
22 D 316 1020 1
16 L 5 787 1
16 D 316 787 1
2 L 5 1674 1
2 D 316 1674 1
0 L 5 713 1
0 D 316 713 1
29 L 5 1987 1
29 D 316 1987 1
12 L 5 914 1
12 D 316 914 1
5 L 5 1790 1
5 D 316 1790 1
25 L 5 1950 1
25 D 316 1950 1
8 L 0 626 1
8 D 316 626 1
7 L 5 861 1
7 D 837 861 1
24 L 5 1909 1
24 D 837 1909 1
18 L 5 1163 1
18 D 837 1163 1
19 L 5 914 1
19 D 837 914 1
4 L 5 1890 1
4 D 837 1890 1
6 L 5 1722 1
6 D 837 1722 1
23 L 5 116 1
23 D 837 116 1
27 L 5 553 1
27 D 837 553 1
28 L 5 985 1
28 D 218 985 1
3 L 5 1088 1
3 D 218 1088 1
13 L 5 372 1
13 D 218 372 1
11 L 5 1048 1
11 D 218 1048 1
20 L 5 1618 1
20 D 218 1618 1
14 L 5 597 1
14 D 218 597 1
1 L 0 1372 1
1 D 218 1372 1
21 L 0 1554 1
21 D 218 1554 1
9 L 0 1604 1
9 D 218 1604 1
10 L 5 157 1
10 D 311 157 1
15 L 5 99 1
15 D 311 99 1
22 L 5 578 1
22 D 311 578 1
17 L 0 1137 1
17 D 311 1137 1
16 L 5 840 1
16 D 75 840 1
2 L 5 1951 1
2 D 75 1951 1
0 L 5 757 1
0 D 75 757 1
29 L 5 1794 1
29 D 75 1794 1
12 L 5 1874 1
12 D 75 1874 1
26 L 5 963 1
26 D 75 963 1
8 L 0 1300 1
8 D 75 1300 1
5 L 5 216 1
5 D 631 216 1
25 L 5 1151 1
25 D 631 1151 1
7 L 5 494 1
7 D 631 494 1
24 L 5 509 1
24 D 631 509 1
18 L 5 1778 1
18 D 631 1778 1
19 L 5 834 1
19 D 631 834 1
4 L 5 441 1
4 D 631 441 1
6 L 5 1133 1
6 D 631 1133 1
1 L 5 371 1
1 D 631 371 1
23 L 5 862 1
23 D 631 862 1
27 L 5 1628 1
27 D 961 1628 1
21 L 5 887 1
21 D 961 887 1
9 L 0 917 1
9 D 961 917 1
28 L 0 85 1
28 D 961 85 1
17 L 5 394 1
17 D 220 394 1
3 L 5 1287 1
3 D 220 1287 1
13 L 0 1209 1
13 D 220 1209 1
11 L 5 1905 1
11 D 824 1905 1
20 L 5 877 1
20 D 824 877 1
14 L 5 1871 1
14 D 824 1871 1
8 L 5 958 1
8 D 824 958 1
10 L 5 1540 1
10 D 824 1540 1
15 L 5 474 1
15 D 824 474 1
22 L 5 1703 1
22 D 824 1703 1
16 L 5 789 1
16 D 824 789 1
2 L 5 1769 1
2 D 824 1769 1
0 L 5 1350 1
0 D 824 1350 1
29 L 5 208 1
29 D 531 208 1
12 L 5 618 1
12 D 531 618 1
26 L 5 1995 1
26 D 531 1995 1
13 L 5 952 1
13 D 531 952 1
9 L 5 1830 1
9 D 531 1830 1
5 L 5 615 1
5 D 531 615 1
25 L 5 1316 1
25 D 531 1316 1
28 L 5 1450 1
28 D 531 1450 1
7 L 5 916 1
7 D 531 916 1
24 L 5 1290 1
24 D 531 1290 1
18 L 5 1888 1
18 D 531 1888 1
19 L 0 595 1
19 D 531 595 1
4 L 0 1798 1
4 D 531 1798 1
6 L 5 558 1
6 D 530 558 1
1 L 5 1791 1
1 D 530 1791 1
23 L 5 34 1
23 D 667 34 1
17 L 5 1821 1
17 D 667 1821 1
3 L 5 749 1
3 D 667 749 1
27 L 5 770 1
27 D 667 770 1
21 L 0 1489 1
21 D 667 1489 1
11 L 5 251 1
11 D 709 251 1
20 L 0 422 1
20 D 709 422 1
14 L 0 1910 1
14 D 709 1910 1
8 L 0 280 1
8 D 709 280 1
10 L 0 917 1
10 D 709 917 1
15 L 0 96 1
15 D 709 96 1
22 L 5 122 1
22 D 475 122 1
16 L 5 198 1
16 D 475 198 1
29 L 5 1082 1
29 D 475 1082 1
12 L 5 1287 1
12 D 475 1287 1
26 L 5 1747 1
26 D 475 1747 1
2 L 5 1538 1
2 D 475 1538 1
0 L 5 963 1
0 D 475 963 1
19 L 0 1714 1
19 D 475 1714 1
4 L 0 1538 1
4 D 475 1538 1
13 L 5 900 1
13 D 768 900 1
9 L 5 1677 1
9 D 768 1677 1
5 L 5 628 1
5 D 477 628 1
25 L 5 73 1
25 D 477 73 1
28 L 5 829 1
28 D 18 829 1
7 L 5 1956 1
7 D 18 1956 1
24 L 5 1592 1
24 D 18 1592 1
18 L 5 1217 1
18 D 18 1217 1
6 L 0 777 1
6 D 18 777 1
1 L 0 624 1
1 D 18 624 1
20 L 0 301 1
20 D 18 301 1
14 L 5 1165 1
14 D 288 1165 1
8 L 0 1825 1
8 D 288 1825 1
10 L 0 142 1
10 D 288 142 1
15 L 5 1646 1
15 D 767 1646 1
21 L 5 1601 1
21 D 767 1601 1
23 L 5 535 1
23 D 767 535 1
11 L 5 1825 1
11 D 767 1825 1
22 L 5 830 1
22 D 767 830 1
17 L 5 1680 1
17 D 767 1680 1
3 L 0 1747 1
3 D 767 1747 1
19 L 5 99 1
19 D 162 99 1
4 L 5 1371 1
4 D 162 1371 1
27 L 5 351 1
27 D 162 351 1
16 L 5 1272 1
16 D 162 1272 1
29 L 0 930 1
29 D 162 930 1
12 L 5 1541 1
12 D 304 1541 1
26 L 5 1196 1
26 D 304 1196 1
2 L 0 167 1
2 D 304 167 1
0 L 0 456 1
0 D 304 456 1
13 L 5 384 1
13 D 802 384 1
6 L 5 1536 1
6 D 802 1536 1
9 L 5 90 1
9 D 802 90 1
1 L 5 863 1
1 D 802 863 1
8 L 5 307 1
8 D 184 307 1
10 L 5 97 1
10 D 184 97 1
20 L 5 383 1
20 D 184 383 1
28 L 5 449 1
28 D 184 449 1
7 L 0 1080 1
7 D 184 1080 1
24 L 0 1005 1
24 D 184 1005 1
18 L 5 488 1
18 D 157 488 1
14 L 5 901 1
14 D 157 901 1
5 L 5 459 1
5 D 157 459 1
25 L 5 591 1
25 D 367 591 1
3 L 5 1836 1
3 D 367 1836 1
15 L 5 1455 1
15 D 794 1455 1
21 L 5 1433 1
21 D 794 1433 1
29 L 5 1529 1
29 D 794 1529 1
23 L 5 1712 1
23 D 794 1712 1
11 L 0 1916 1
11 D 794 1916 1
22 L 5 1311 1
22 D 848 1311 1
17 L 5 1013 1
17 D 848 1013 1
19 L 5 490 1
19 D 848 490 1
4 L 5 1125 1
4 D 848 1125 1
27 L 5 694 1
27 D 848 694 1
16 L 5 251 1
16 D 848 251 1
2 L 5 1195 1
2 D 848 1195 1
0 L 5 431 1
0 D 848 431 1
12 L 5 1706 1
12 D 848 1706 1
26 L 5 1243 1
26 D 848 1243 1
13 L 5 848 1
13 D 848 848 1
6 L 5 31 1
6 D 848 31 1
9 L 5 1548 1
9 D 810 1548 1
1 L 5 1754 1
1 D 810 1754 1
7 L 5 380 1
7 D 810 380 1
24 L 5 1008 1
24 D 810 1008 1
8 L 5 262 1
8 D 810 262 1
10 L 5 1146 1
10 D 810 1146 1
20 L 5 1833 1
20 D 810 1833 1
28 L 5 56 1
28 D 645 56 1
11 L 0 1810 1
11 D 645 1810 1
25 L 0 1139 1
25 D 645 1139 1
3 L 0 1598 1
3 D 645 1598 1
15 L 0 348 1
15 D 645 348 1
21 L 5 1958 1
21 D 8 1958 1
29 L 5 1843 1
29 D 8 1843 1
18 L 5 917 1
18 D 789 917 1
23 L 5 780 1
23 D 789 780 1
14 L 0 900 1
14 D 789 900 1
5 L 5 221 1
5 D 236 221 1
22 L 5 719 1
22 D 236 719 1
17 L 5 1157 1
17 D 236 1157 1
19 L 5 130 1
19 D 236 130 1
4 L 5 1810 1
4 D 236 1810 1
27 L 5 1779 1
27 D 236 1779 1
16 L 5 1967 1
16 D 236 1967 1
2 L 5 638 1
2 D 236 638 1
0 L 5 707 1
0 D 236 707 1
12 L 5 1073 1
12 D 236 1073 1
26 L 5 794 1
26 D 566 794 1
13 L 5 1419 1
13 D 566 1419 1
6 L 5 643 1
6 D 566 643 1
9 L 5 1329 1
9 D 566 1329 1
1 L 5 377 1
1 D 566 377 1
7 L 0 1491 1
7 D 566 1491 1
24 L 0 1862 1
24 D 566 1862 1
11 L 0 1177 1
11 D 566 1177 1
8 L 5 1383 1
8 D 793 1383 1
25 L 5 775 1
25 D 793 775 1
10 L 5 726 1
10 D 793 726 1
3 L 5 1769 1
3 D 793 1769 1
15 L 5 204 1
15 D 793 204 1
20 L 5 184 1
20 D 793 184 1
28 L 5 1554 1
28 D 793 1554 1
14 L 0 1164 1
14 D 793 1164 1
5 L 5 1920 1
5 D 15 1920 1
22 L 5 643 1
22 D 15 643 1
17 L 5 737 1
17 D 15 737 1
19 L 5 1535 1
19 D 15 1535 1
4 L 5 525 1
4 D 15 525 1
21 L 5 1867 1
21 D 15 1867 1
27 L 5 625 1
27 D 15 625 1
16 L 5 1491 1
16 D 15 1491 1
29 L 0 1962 1
29 D 15 1962 1
2 L 0 810 1
2 D 15 810 1
0 L 5 852 1
0 D 745 852 1
18 L 0 1173 1
18 D 745 1173 1
23 L 5 1329 1
23 D 634 1329 1
7 L 5 1270 1
7 D 634 1270 1
24 L 5 520 1
24 D 913 520 1
11 L 5 594 1
11 D 913 594 1
12 L 5 696 1
12 D 913 696 1
26 L 0 1042 1
26 D 913 1042 1
13 L 5 778 1
13 D 706 778 1
6 L 5 411 1
6 D 706 411 1
9 L 5 765 1
9 D 706 765 1
1 L 5 414 1
1 D 706 414 1
8 L 5 1361 1
8 D 706 1361 1
25 L 5 1849 1
25 D 706 1849 1
10 L 5 1833 1
10 D 706 1833 1
3 L 5 1538 1
3 D 529 1538 1
15 L 5 1679 1
15 D 529 1679 1
20 L 5 857 1
20 D 529 857 1
28 L 5 1050 1
28 D 529 1050 1
14 L 5 437 1
14 D 448 437 1
18 L 5 1357 1
18 D 448 1357 1
29 L 5 285 1
29 D 448 285 1
2 L 5 914 1
2 D 448 914 1
0 L 5 956 1
0 D 448 956 1
5 L 5 1236 1
5 D 448 1236 1
26 L 5 1105 1
26 D 448 1105 1
22 L 5 802 1
22 D 448 802 1
17 L 5 1818 1
17 D 448 1818 1
19 L 5 946 1
19 D 448 946 1
4 L 5 1903 1
4 D 448 1903 1
21 L 5 1669 1
21 D 356 1669 1
27 L 5 890 1
27 D 356 890 1
16 L 5 1944 1
16 D 356 1944 1
23 L 5 136 1
23 D 356 136 1
24 L 5 1523 1
24 D 356 1523 1
11 L 5 1135 1
11 D 356 1135 1
7 L 5 472 1
7 D 356 472 1
12 L 5 1490 1
12 D 464 1490 1
13 L 5 481 1
13 D 464 481 1
6 L 5 1515 1
6 D 464 1515 1
9 L 5 413 1
9 D 464 413 1
1 L 5 1584 1
1 D 187 1584 1
8 L 5 231 1
8 D 187 231 1
25 L 5 904 1
25 D 187 904 1
10 L 5 372 1
10 D 187 372 1
14 L 0 926 1
14 D 187 926 1
3 L 5 186 1
3 D 101 186 1
15 L 5 1341 1
15 D 101 1341 1
20 L 5 808 1
20 D 101 808 1
28 L 5 438 1
28 D 101 438 1
18 L 5 532 1
18 D 101 532 1
29 L 5 985 1
29 D 101 985 1
2 L 5 1299 1
2 D 101 1299 1
0 L 5 853 1
0 D 99 853 1
5 L 5 11 1
5 D 99 11 1
26 L 5 1023 1
26 D 99 1023 1
22 L 0 314 1
22 D 99 314 1
17 L 0 856 1
17 D 99 856 1
19 L 5 273 1
19 D 321 273 1
4 L 5 350 1
4 D 321 350 1
21 L 5 419 1
21 D 321 419 1
27 L 5 1948 1
27 D 321 1948 1
16 L 5 51 1
16 D 321 51 1
23 L 5 973 1
23 D 321 973 1
12 L 5 1798 1
12 D 321 1798 1
24 L 5 1993 1
24 D 321 1993 1
11 L 5 296 1
11 D 539 296 1
7 L 5 462 1
7 D 806 462 1
13 L 5 153 1
13 D 806 153 1
6 L 5 1918 1
6 D 806 1918 1
9 L 0 1447 1
9 D 806 1447 1
1 L 0 228 1
1 D 806 228 1
14 L 0 1473 1
14 D 806 1473 1
8 L 0 1448 1
8 D 806 1448 1
25 L 0 777 1
25 D 806 777 1
3 L 0 1199 1
3 D 806 1199 1
10 L 0 1086 1
10 D 806 1086 1
15 L 0 832 1
15 D 806 832 1
20 L 0 1510 1
20 D 806 1510 1
28 L 5 1974 1
28 D 875 1974 1
22 L 5 1677 1
22 D 875 1677 1
17 L 5 81 1
17 D 875 81 1
18 L 5 193 1
18 D 875 193 1
29 L 5 299 1
29 D 875 299 1
0 L 5 783 1
0 D 875 783 1
2 L 5 1 1
2 D 658 1 1
5 L 0 362 1
5 D 658 362 1
26 L 0 1713 1
26 D 658 1713 1
9 L 5 1786 1
9 D 9 1786 1
19 L 5 1820 1
19 D 9 1820 1
4 L 5 1719 1
4 D 9 1719 1
11 L 5 1106 1
11 D 9 1106 1
21 L 5 183 1
21 D 9 183 1
7 L 5 1184 1
7 D 9 1184 1
27 L 5 257 1
27 D 9 257 1
16 L 5 1255 1
16 D 9 1255 1
23 L 5 1055 1
23 D 9 1055 1
12 L 5 1087 1
12 D 9 1087 1
13 L 5 1073 1
13 D 9 1073 1
24 L 5 914 1
24 D 878 914 1
6 L 5 701 1
6 D 878 701 1
1 L 5 1197 1
1 D 878 1197 1
14 L 5 582 1
14 D 878 582 1
8 L 0 1771 1
8 D 878 1771 1
25 L 5 644 1
25 D 618 644 1
3 L 5 220 1
3 D 618 220 1
10 L 5 31 1
10 D 618 31 1
15 L 0 127 1
15 D 618 127 1
20 L 0 1883 1
20 D 618 1883 1
28 L 0 1062 1
28 D 618 1062 1
5 L 0 486 1
5 D 618 486 1
22 L 0 1793 1
22 D 618 1793 1
26 L 5 72 1
26 D 95 72 1
17 L 5 487 1
17 D 95 487 1
18 L 0 703 1
18 D 95 703 1
29 L 0 204 1
29 D 95 204 1
0 L 0 1118 1
0 D 95 1118 1
2 L 0 586 1
2 D 95 586 1
9 L 5 488 1
9 D 796 488 1
19 L 5 1997 1
19 D 796 1997 1
4 L 5 1988 1
4 D 796 1988 1
11 L 5 459 1
11 D 796 459 1
21 L 0 1052 1
21 D 796 1052 1
7 L 0 174 1
7 D 796 174 1
27 L 5 1988 1
27 D 817 1988 1
8 L 5 1645 1
8 D 817 1645 1
16 L 5 356 1
16 D 817 356 1
23 L 5 286 1
23 D 817 286 1
24 L 5 1097 1
24 D 817 1097 1
6 L 0 153 1
6 D 817 153 1
12 L 0 104 1
12 D 817 104 1
13 L 0 1009 1
13 D 817 1009 1
15 L 5 1208 1
15 D 414 1208 1
20 L 5 1345 1
20 D 414 1345 1
1 L 5 1899 1
1 D 414 1899 1
14 L 5 486 1
14 D 414 486 1
25 L 5 563 1
25 D 414 563 1
3 L 5 815 1
3 D 414 815 1
10 L 5 1491 1
10 D 414 1491 1
28 L 0 575 1
28 D 414 575 1
5 L 5 1016 1
5 D 337 1016 1
22 L 5 1589 1
22 D 337 1589 1
18 L 0 871 1
18 D 337 871 1
29 L 5 1839 1
29 D 137 1839 1
0 L 5 1771 1
0 D 137 1771 1
2 L 5 438 1
2 D 137 438 1
26 L 5 1106 1
26 D 137 1106 1
17 L 0 199 1
17 D 137 199 1
6 L 5 406 1
6 D 552 406 1
12 L 0 1260 1
12 D 552 1260 1
13 L 0 422 1
13 D 552 422 1
21 L 0 1402 1
21 D 552 1402 1
7 L 5 920 1
7 D 206 920 1
9 L 5 397 1
9 D 206 397 1
27 L 0 5 1
27 D 206 5 1
8 L 0 1124 1
8 D 206 1124 1
16 L 5 537 1
16 D 210 537 1
19 L 5 1527 1
19 D 210 1527 1
23 L 5 905 1
23 D 210 905 1
4 L 5 1523 1
4 D 210 1523 1
24 L 5 764 1
24 D 210 764 1
11 L 5 1158 1
11 D 45 1158 1
15 L 0 367 1
15 D 45 367 1
20 L 0 885 1
20 D 45 885 1
1 L 0 242 1
1 D 45 242 1
14 L 0 1615 1
14 D 45 1615 1
25 L 0 1029 1
25 D 45 1029 1
3 L 5 971 1
3 D 622 971 1
28 L 5 1488 1
28 D 622 1488 1
10 L 5 1718 1
10 D 622 1718 1
18 L 5 19 1
18 D 622 19 1
17 L 5 1617 1
17 D 622 1617 1
5 L 0 1981 1
5 D 622 1981 1
22 L 0 1382 1
22 D 622 1382 1
29 L 5 1229 1
29 D 511 1229 1
0 L 5 247 1
0 D 511 247 1
2 L 5 1508 1
2 D 511 1508 1
26 L 5 626 1
26 D 511 626 1
12 L 5 773 1
12 D 511 773 1
13 L 5 573 1
13 D 780 573 1
21 L 5 809 1
21 D 780 809 1
6 L 5 1267 1
6 D 780 1267 1
27 L 5 727 1
27 D 780 727 1
8 L 5 890 1
8 D 780 890 1
7 L 5 29 1
7 D 780 29 1
15 L 0 481 1
15 D 780 481 1
20 L 5 815 1
20 D 19 815 1
11 L 5 132 1
11 D 406 132 1
1 L 5 275 1
1 D 406 275 1
9 L 5 1649 1
9 D 406 1649 1
16 L 5 865 1
16 D 406 865 1
19 L 5 1817 1
19 D 406 1817 1
23 L 5 1674 1
23 D 406 1674 1
4 L 5 655 1
4 D 406 655 1
24 L 5 1429 1
24 D 406 1429 1
14 L 5 943 1
14 D 406 943 1
25 L 0 1070 1
25 D 406 1070 1
3 L 0 1643 1
3 D 406 1643 1
28 L 0 987 1
28 D 406 987 1
10 L 5 1300 1
10 D 838 1300 1
5 L 5 508 1
5 D 838 508 1
22 L 5 1270 1
22 D 113 1270 1
18 L 5 1378 1
18 D 113 1378 1
17 L 5 214 1
17 D 113 214 1
13 L 5 1181 1
13 D 113 1181 1
21 L 5 41 1
21 D 113 41 1
15 L 5 192 1
15 D 113 192 1
6 L 5 1989 1
6 D 474 1989 1
27 L 5 1064 1
27 D 474 1064 1
8 L 5 83 1
8 D 474 83 1
29 L 5 1541 1
29 D 633 1541 1
0 L 5 917 1
0 D 633 917 1
2 L 5 347 1
2 D 633 347 1
26 L 5 1068 1
26 D 633 1068 1
7 L 5 1325 1
7 D 633 1325 1
12 L 5 952 1
12 D 633 952 1
25 L 5 1144 1
25 D 633 1144 1
20 L 5 210 1
20 D 633 210 1
11 L 5 1451 1
11 D 633 1451 1
1 L 5 930 1
1 D 633 930 1
9 L 0 360 1
9 D 633 360 1
16 L 5 1657 1
16 D 266 1657 1
19 L 5 644 1
19 D 266 644 1
23 L 5 1133 1
23 D 266 1133 1
4 L 5 1766 1
4 D 266 1766 1
24 L 5 1637 1
24 D 266 1637 1
14 L 5 1981 1
14 D 266 1981 1
3 L 5 1005 1
3 D 266 1005 1
28 L 5 512 1
28 D 266 512 1
10 L 5 38 1
10 D 266 38 1
5 L 5 1471 1
5 D 266 1471 1
22 L 5 1527 1
22 D 266 1527 1
18 L 5 222 1
18 D 266 222 1
17 L 5 201 1
17 D 266 201 1
13 L 5 553 1
13 D 266 553 1
21 L 5 757 1
21 D 266 757 1
15 L 5 147 1
15 D 126 147 1
6 L 0 1368 1
6 D 126 1368 1
27 L 0 1916 1
27 D 126 1916 1
8 L 0 422 1
8 D 126 422 1
29 L 5 139 1
29 D 80 139 1
0 L 0 1234 1
0 D 80 1234 1
2 L 0 1118 1
2 D 80 1118 1
9 L 5 434 1
9 D 841 434 1
26 L 5 765 1
26 D 841 765 1
7 L 5 698 1
7 D 841 698 1
12 L 5 382 1
12 D 841 382 1
25 L 5 478 1
25 D 841 478 1
20 L 5 1792 1
20 D 841 1792 1
11 L 5 1715 1
11 D 841 1715 1
1 L 5 359 1
1 D 841 359 1
16 L 5 104 1
16 D 841 104 1
19 L 0 1368 1
19 D 841 1368 1
23 L 5 372 1
23 D 283 372 1
4 L 0 1462 1
4 D 283 1462 1
24 L 0 1807 1
24 D 283 1807 1
14 L 0 1625 1
14 D 283 1625 1
3 L 0 840 1
3 D 283 840 1
28 L 5 1860 1
28 D 532 1860 1
10 L 0 189 1
10 D 532 189 1
5 L 5 18 1
5 D 198 18 1
22 L 0 1002 1
22 D 198 1002 1
18 L 5 1334 1
18 D 748 1334 1
17 L 5 429 1
17 D 748 429 1
6 L 0 1647 1
6 D 748 1647 1
27 L 5 392 1
27 D 884 392 1
8 L 0 549 1
8 D 884 549 1
13 L 5 141 1
13 D 169 141 1
21 L 5 1120 1
21 D 169 1120 1
0 L 5 1342 1
0 D 169 1342 1
2 L 0 1049 1
2 D 169 1049 1
15 L 0 827 1
15 D 169 827 1
29 L 5 1779 1
29 D 139 1779 1
4 L 5 172 1
4 D 139 172 1
24 L 0 159 1
24 D 139 159 1
9 L 5 391 1
9 D 106 391 1
26 L 5 1304 1
26 D 106 1304 1
7 L 0 913 1
7 D 106 913 1
14 L 5 852 1
14 D 505 852 1
12 L 0 427 1
12 D 505 427 1
19 L 0 1481 1
19 D 505 1481 1
3 L 5 929 1
3 D 201 929 1
25 L 5 1011 1
25 D 201 1011 1
20 L 5 1456 1
20 D 201 1456 1
11 L 5 613 1
11 D 256 613 1
23 L 5 1209 1
23 D 256 1209 1
1 L 5 756 1
1 D 256 756 1
10 L 5 1631 1
10 D 256 1631 1
16 L 5 747 1
16 D 326 747 1
28 L 0 801 1
28 D 326 801 1
22 L 0 1681 1
22 D 326 1681 1
18 L 5 476 1
18 D 132 476 1
17 L 5 704 1
17 D 132 704 1
5 L 5 971 1
5 D 132 971 1
6 L 5 723 1
6 D 132 723 1
8 L 5 893 1
8 D 924 893 1
2 L 5 1049 1
2 D 924 1049 1
15 L 5 1233 1
15 D 924 1233 1
27 L 5 1088 1
27 D 952 1088 1
13 L 5 1945 1
13 D 952 1945 1
21 L 5 1056 1
21 D 952 1056 1
0 L 5 668 1
0 D 952 668 1
7 L 5 1971 1
7 D 952 1971 1
12 L 5 732 1
12 D 952 732 1
19 L 0 1835 1
19 D 952 1835 1
24 L 5 1438 1
24 D 189 1438 1
9 L 5 68 1
9 D 189 68 1
14 L 0 713 1
14 D 189 713 1
26 L 0 872 1
26 D 189 872 1
29 L 0 284 1
29 D 189 284 1
4 L 5 281 1
4 D 723 281 1
3 L 5 880 1
3 D 723 880 1
25 L 0 1751 1
25 D 723 1751 1
11 L 5 1542 1
11 D 482 1542 1
23 L 5 586 1
23 D 482 586 1
1 L 5 265 1
1 D 482 265 1
20 L 5 622 1
20 D 300 622 1
10 L 5 270 1
10 D 300 270 1
28 L 5 8 1
28 D 300 8 1
16 L 5 547 1
16 D 743 547 1
22 L 5 1143 1
22 D 743 1143 1
8 L 5 974 1
8 D 743 974 1
18 L 5 1903 1
18 D 743 1903 1
2 L 0 911 1
2 D 743 911 1
17 L 5 536 1
17 D 4 536 1
5 L 5 1719 1
5 D 4 1719 1
6 L 5 1661 1
6 D 4 1661 1
15 L 5 1715 1
15 D 4 1715 1
19 L 5 1987 1
19 D 4 1987 1
27 L 5 795 1
27 D 4 795 1
13 L 5 820 1
13 D 4 820 1
21 L 5 15 1
21 D 4 15 1
0 L 5 1023 1
0 D 4 1023 1
7 L 5 1788 1
7 D 4 1788 1
14 L 5 1331 1
14 D 4 1331 1
26 L 0 818 1
26 D 4 818 1
29 L 5 560 1
29 D 778 560 1
12 L 5 1285 1
12 D 778 1285 1
24 L 5 862 1
24 D 778 862 1
9 L 5 1395 1
9 D 778 1395 1
4 L 5 1087 1
4 D 778 1087 1
25 L 5 296 1
25 D 778 296 1
3 L 5 1824 1
3 D 183 1824 1
11 L 5 525 1
11 D 183 525 1
23 L 5 335 1
23 D 183 335 1
1 L 5 600 1
1 D 183 600 1
20 L 0 501 1
20 D 183 501 1
10 L 5 595 1
10 D 928 595 1
28 L 5 637 1
28 D 928 637 1
16 L 5 475 1
16 D 928 475 1
22 L 5 502 1
22 D 928 502 1
2 L 5 1214 1
2 D 928 1214 1
17 L 5 880 1
17 D 928 880 1
26 L 5 859 1
26 D 896 859 1
5 L 5 1794 1
5 D 896 1794 1
6 L 5 1075 1
6 D 896 1075 1
15 L 5 121 1
15 D 847 121 1
19 L 5 1022 1
19 D 847 1022 1
8 L 5 67 1
8 D 277 67 1
18 L 5 1366 1
18 D 277 1366 1
27 L 5 1868 1
27 D 277 1868 1
13 L 5 1163 1
13 D 277 1163 1
21 L 5 1043 1
21 D 277 1043 1
0 L 5 424 1
0 D 235 424 1
7 L 5 353 1
7 D 235 353 1
14 L 5 1641 1
14 D 235 1641 1
29 L 5 970 1
29 D 235 970 1
12 L 0 276 1
12 D 235 276 1
24 L 0 1944 1
24 D 235 1944 1
9 L 5 468 1
9 D 926 468 1
4 L 5 1500 1
4 D 926 1500 1
25 L 5 1467 1
25 D 926 1467 1
20 L 5 149 1
20 D 39 149 1
3 L 5 719 1
3 D 39 719 1
11 L 5 1923 1
11 D 322 1923 1
23 L 5 1221 1
23 D 322 1221 1
1 L 5 1030 1
1 D 322 1030 1
10 L 5 421 1
10 D 322 421 1
28 L 5 877 1
28 D 905 877 1
26 L 5 998 1
26 D 905 998 1
5 L 5 1185 1
5 D 905 1185 1
6 L 5 1911 1
6 D 905 1911 1
12 L 5 797 1
12 D 905 797 1
8 L 5 691 1
8 D 905 691 1
24 L 5 1831 1
24 D 905 1831 1
18 L 5 154 1
18 D 905 154 1
16 L 5 278 1
16 D 666 278 1
27 L 5 609 1
27 D 666 609 1
13 L 0 741 1
13 D 666 741 1
21 L 0 130 1
21 D 666 130 1
22 L 0 1587 1
22 D 666 1587 1
2 L 5 1101 1
2 D 726 1101 1
15 L 5 841 1
15 D 726 841 1
19 L 5 97 1
19 D 726 97 1
0 L 5 1075 1
0 D 726 1075 1
7 L 5 1441 1
7 D 831 1441 1
14 L 5 1764 1
14 D 831 1764 1
29 L 5 1854 1
29 D 927 1854 1
17 L 5 1230 1
17 D 296 1230 1
9 L 5 593 1
9 D 296 593 1
4 L 5 1969 1
4 D 213 1969 1
25 L 5 926 1
25 D 213 926 1
11 L 0 629 1
11 D 213 629 1
20 L 5 145 1
20 D 279 145 1
23 L 5 1054 1
23 D 279 1054 1
1 L 5 1994 1
1 D 279 1994 1
3 L 5 1867 1
3 D 279 1867 1
10 L 5 1147 1
10 D 279 1147 1
28 L 5 1173 1
28 D 279 1173 1
26 L 5 404 1
26 D 279 404 1
5 L 5 733 1
5 D 279 733 1
6 L 5 51 1
6 D 279 51 1
12 L 0 1611 1
12 D 279 1611 1
13 L 5 455 1
13 D 604 455 1
21 L 5 419 1
21 D 604 419 1
8 L 5 1545 1
8 D 604 1545 1
22 L 5 1704 1
22 D 107 1704 1
24 L 5 1357 1
24 D 107 1357 1
18 L 5 1549 1
18 D 402 1549 1
2 L 5 48 1
2 D 402 48 1
15 L 5 1091 1
15 D 888 1091 1
19 L 5 26 1
19 D 888 26 1
0 L 5 1785 1
0 D 888 1785 1
7 L 5 1830 1
7 D 888 1830 1
14 L 5 787 1
14 D 168 787 1
16 L 5 1731 1
16 D 168 1731 1
27 L 5 349 1
27 D 168 349 1
17 L 5 1830 1
17 D 168 1830 1
29 L 5 424 1
29 D 168 424 1
9 L 5 922 1
9 D 168 922 1
4 L 5 363 1
4 D 168 363 1
25 L 5 713 1
25 D 168 713 1
11 L 5 113 1
11 D 168 113 1
20 L 5 1765 1
20 D 168 1765 1
23 L 5 346 1
23 D 328 346 1
1 L 5 1894 1
1 D 328 1894 1
3 L 5 693 1
3 D 593 693 1
10 L 5 560 1
10 D 593 560 1
12 L 5 673 1
12 D 593 673 1
28 L 5 855 1
28 D 593 855 1
26 L 5 1641 1
26 D 593 1641 1
5 L 5 576 1
5 D 911 576 1
6 L 0 1264 1
6 D 911 1264 1
13 L 0 97 1
13 D 911 97 1
21 L 5 1406 1
21 D 862 1406 1
8 L 0 35 1
8 D 862 35 1
22 L 5 372 1
22 D 152 372 1
24 L 0 1177 1
24 D 152 1177 1
18 L 5 1176 1
18 D 882 1176 1
2 L 5 836 1
2 D 882 836 1
14 L 5 1777 1
14 D 882 1777 1
16 L 5 730 1
16 D 882 730 1
27 L 5 107 1
27 D 252 107 1
15 L 5 429 1
15 D 252 429 1
19 L 0 1599 1
19 D 252 1599 1
0 L 0 1468 1
0 D 252 1468 1
17 L 5 1672 1
17 D 551 1672 1
29 L 5 521 1
29 D 551 521 1
7 L 5 1913 1
7 D 551 1913 1
9 L 5 1384 1
9 D 551 1384 1
4 L 5 1962 1
4 D 711 1962 1
25 L 5 806 1
25 D 711 806 1
11 L 0 1455 1
11 D 711 1455 1
20 L 5 441 1
20 D 246 441 1
3 L 0 953 1
3 D 246 953 1
23 L 0 509 1
23 D 246 509 1
1 L 0 1230 1
1 D 246 1230 1
10 L 0 904 1
10 D 246 904 1
6 L 1 1094 1
6 D 525 1094 1
12 L 1 1662 1
12 D 525 1662 1
13 L 5 807 1
13 D 525 807 1
8 L 1 1328 1
8 D 251 1328 1
28 L 0 21 1
28 D 251 21 1
5 L 1 1464 1
5 D 155 1464 1
26 L 1 1078 1
26 D 155 1078 1
21 L 1 1342 1
21 D 155 1342 1
24 L 1 232 1
24 D 155 232 1
28 L 1 1348 1
28 D 155 1348 1
22 L 1 283 1
22 D 155 283 1
18 L 1 443 1
18 D 155 443 1
2 L 0 1468 1
2 D 155 1468 1
19 L 0 1255 1
19 D 155 1255 1
0 L 0 474 1
0 D 155 474 1
14 L 1 1886 1
14 D 1 1886 1
16 L 1 505 1
16 D 1 505 1
13 L 1 789 1
13 D 1 789 1
27 L 1 1486 1
27 D 1 1486 1
17 L 1 63 1
17 D 1 63 1
15 L 0 660 1
15 D 1 660 1
29 L 0 1741 1
29 D 1 1741 1
6 L 0 1910 1
6 D 1 1910 1
8 L 1 1153 1
8 D 733 1153 1
7 L 1 496 1
7 D 733 496 1
12 L 1 454 1
12 D 733 454 1
2 L 1 854 1
2 D 733 854 1
5 L 1 26 1
5 D 733 26 1
26 L 1 375 1
26 D 733 375 1
19 L 1 471 1
19 D 733 471 1
0 L 5 835 1
0 D 733 835 1
9 L 5 1729 1
9 D 733 1729 1
21 L 5 965 1
21 D 733 965 1
24 L 5 593 1
24 D 733 593 1
11 L 0 1738 1
11 D 733 1738 1
28 L 0 906 1
28 D 733 906 1
22 L 0 1813 1
22 D 733 1813 1
18 L 1 1685 1
18 D 384 1685 1
4 L 1 1434 1
4 D 384 1434 1
25 L 1 1324 1
25 D 384 1324 1
3 L 1 779 1
3 D 384 779 1
