4524
0 L 0 293 1
0 D 659 293 1
1 L 0 614 1
1 D 659 614 1
2 L 0 594 1
2 D 659 594 1
3 L 0 209 1
3 D 591 209 1
4 L 0 593 1
4 D 591 593 1
5 L 0 200 1
5 D 591 200 1
6 L 0 275 1
6 D 591 275 1
7 L 0 315 1
7 D 591 315 1
8 L 0 488 1
8 D 591 488 1
9 L 0 344 1
9 D 591 344 1
10 L 0 5 1
10 D 591 5 1
11 L 0 562 1
11 D 591 562 1
12 L 0 348 1
12 D 591 348 1
13 L 0 303 1
13 D 339 303 1
14 L 0 904 1
14 D 339 904 1
15 L 0 645 1
15 D 339 645 1
16 L 0 76 1
16 D 339 76 1
17 L 0 992 1
17 D 339 992 1
18 L 0 755 1
18 D 339 755 1
19 L 0 550 1
19 D 339 550 1
0 L 0 415 1
0 D 339 415 1
1 L 0 8 1
1 D 339 8 1
2 L 0 614 1
2 D 339 614 1
3 L 0 435 1
3 D 339 435 1
4 L 0 753 1
4 D 450 753 1
5 L 0 935 1
5 D 450 935 1
6 L 0 350 1
6 D 450 350 1
7 L 0 424 1
7 D 450 424 1
8 L 0 914 1
8 D 450 914 1
9 L 0 722 1
9 D 450 722 1
10 L 0 717 1
10 D 450 717 1
11 L 0 115 1
11 D 450 115 1
12 L 0 286 1
12 D 450 286 1
13 L 0 910 1
13 D 450 910 1
14 L 0 940 1
14 D 428 940 1
15 L 0 736 1
15 D 428 736 1
16 L 0 724 1
16 D 428 724 1
17 L 0 982 1
17 D 11 982 1
18 L 0 653 1
18 D 11 653 1
19 L 0 133 1
19 D 11 133 1
0 L 0 856 1
0 D 11 856 1
1 L 0 41 1
1 D 782 41 1
2 L 0 906 1
2 D 782 906 1
3 L 0 301 1
3 D 782 301 1
4 L 0 543 1
4 D 782 543 1
5 L 0 301 1
5 D 332 301 1
6 L 0 627 1
6 D 332 627 1
7 L 0 743 1
7 D 332 743 1
8 L 0 468 1
8 D 71 468 1
9 L 0 455 1
9 D 71 455 1
10 L 0 465 1
10 D 71 465 1
11 L 0 789 1
11 D 71 789 1
12 L 0 520 1
12 D 71 520 1
13 L 0 511 1
13 D 71 511 1
14 L 0 468 1
14 D 71 468 1
15 L 0 534 1
15 D 71 534 1
16 L 0 791 1
16 D 71 791 1
17 L 0 160 1
17 D 71 160 1
18 L 0 326 1
18 D 249 326 1
19 L 0 552 1
19 D 249 552 1
0 L 0 793 1
0 D 249 793 1
1 L 0 819 1
1 D 249 819 1
2 L 0 87 1
2 D 249 87 1
3 L 0 384 1
3 D 36 384 1
4 L 0 736 1
4 D 36 736 1
5 L 0 741 1
5 D 36 741 1
6 L 0 384 1
6 D 36 384 1
7 L 0 484 1
7 D 36 484 1
8 L 0 609 1
8 D 36 609 1
9 L 0 30 1
9 D 36 30 1
10 L 0 51 1
10 D 36 51 1
11 L 0 104 1
11 D 36 104 1
12 L 0 536 1
12 D 36 536 1
13 L 0 600 1
13 D 36 600 1
14 L 0 648 1
14 D 36 648 1
15 L 0 338 1
15 D 36 338 1
16 L 0 139 1
16 D 36 139 1
17 L 0 427 1
17 D 36 427 1
18 L 0 862 1
18 D 514 862 1
19 L 0 970 1
19 D 514 970 1
0 L 0 794 1
0 D 1 794 1
1 L 0 218 1
1 D 1 218 1
2 L 0 247 1
2 D 1 247 1
3 L 0 500 1
3 D 1 500 1
4 L 0 963 1
4 D 1 963 1
5 L 0 782 1
5 D 1 782 1
6 L 0 484 1
6 D 159 484 1
7 L 0 88 1
7 D 159 88 1
8 L 0 894 1
8 D 159 894 1
9 L 0 896 1
9 D 159 896 1
10 L 0 320 1
10 D 159 320 1
11 L 0 628 1
11 D 653 628 1
12 L 0 385 1
12 D 653 385 1
13 L 0 163 1
13 D 17 163 1
14 L 0 362 1
14 D 17 362 1
15 L 0 730 1
15 D 449 730 1
16 L 0 720 1
16 D 449 720 1
17 L 0 916 1
17 D 312 916 1
18 L 0 431 1
18 D 312 431 1
19 L 0 590 1
19 D 312 590 1
0 L 0 162 1
0 D 312 162 1
1 L 0 773 1
1 D 312 773 1
2 L 0 263 1
2 D 312 263 1
3 L 0 915 1
3 D 312 915 1
4 L 0 398 1
4 D 312 398 1
5 L 0 926 1
5 D 312 926 1
6 L 0 855 1
6 D 52 855 1
7 L 0 539 1
7 D 52 539 1
8 L 0 931 1
8 D 52 931 1
9 L 0 401 1
9 D 422 401 1
10 L 0 751 1
10 D 422 751 1
11 L 0 444 1
11 D 422 444 1
12 L 0 917 1
12 D 422 917 1
13 L 0 671 1
13 D 668 671 1
14 L 0 835 1
14 D 668 835 1
15 L 0 255 1
15 D 668 255 1
16 L 0 781 1
16 D 668 781 1
17 L 0 981 1
17 D 668 981 1
18 L 0 183 1
18 D 40 183 1
19 L 0 795 1
19 D 40 795 1
0 L 0 86 1
0 D 40 86 1
1 L 0 824 1
1 D 40 824 1
2 L 0 684 1
2 D 40 684 1
3 L 0 130 1
3 D 40 130 1
4 L 0 445 1
4 D 40 445 1
5 L 0 772 1
5 D 40 772 1
6 L 0 215 1
6 D 40 215 1
7 L 0 512 1
7 D 40 512 1
8 L 0 388 1
8 D 40 388 1
9 L 0 305 1
9 D 40 305 1
10 L 0 962 1
10 D 40 962 1
11 L 0 371 1
11 D 70 371 1
12 L 0 560 1
12 D 70 560 1
13 L 0 424 1
13 D 70 424 1
14 L 0 251 1
14 D 70 251 1
15 L 0 971 1
15 D 70 971 1
16 L 0 239 1
16 D 70 239 1
17 L 0 518 1
17 D 534 518 1
18 L 0 636 1
18 D 534 636 1
19 L 0 772 1
19 D 534 772 1
0 L 0 149 1
0 D 534 149 1
1 L 0 673 1
1 D 534 673 1
2 L 0 710 1
2 D 534 710 1
3 L 0 872 1
3 D 534 872 1
4 L 0 217 1
4 D 534 217 1
5 L 0 370 1
5 D 534 370 1
6 L 0 241 1
6 D 534 241 1
7 L 0 293 1
7 D 619 293 1
8 L 0 104 1
8 D 619 104 1
9 L 0 442 1
9 D 619 442 1
10 L 0 587 1
10 D 619 587 1
11 L 0 797 1
11 D 619 797 1
12 L 0 168 1
12 D 259 168 1
13 L 0 360 1
13 D 259 360 1
14 L 0 382 1
14 D 259 382 1
15 L 0 431 1
15 D 513 431 1
16 L 0 18 1
16 D 513 18 1
17 L 0 465 1
17 D 513 465 1
18 L 0 595 1
18 D 513 595 1
19 L 0 257 1
19 D 513 257 1
0 L 0 157 1
0 D 513 157 1
1 L 0 522 1
1 D 513 522 1
2 L 0 779 1
2 D 513 779 1
3 L 0 278 1
3 D 513 278 1
4 L 0 738 1
4 D 513 738 1
5 L 0 883 1
5 D 513 883 1
6 L 0 112 1
6 D 513 112 1
7 L 0 114 1
7 D 513 114 1
8 L 0 517 1
8 D 513 517 1
9 L 0 918 1
9 D 157 918 1
10 L 0 169 1
10 D 157 169 1
11 L 0 358 1
11 D 157 358 1
12 L 0 383 1
12 D 157 383 1
13 L 0 275 1
13 D 157 275 1
14 L 0 623 1
14 D 157 623 1
15 L 0 948 1
15 D 157 948 1
16 L 0 416 1
16 D 157 416 1
17 L 0 181 1
17 D 157 181 1
18 L 0 759 1
18 D 157 759 1
19 L 0 929 1
19 D 157 929 1
0 L 0 424 1
0 D 160 424 1
1 L 0 702 1
1 D 160 702 1
2 L 0 608 1
2 D 160 608 1
3 L 0 584 1
3 D 160 584 1
4 L 0 430 1
4 D 160 430 1
5 L 0 365 1
5 D 160 365 1
6 L 0 113 1
6 D 160 113 1
7 L 0 563 1
7 D 160 563 1
8 L 0 411 1
8 D 160 411 1
9 L 0 178 1
9 D 160 178 1
10 L 0 946 1
10 D 160 946 1
11 L 0 615 1
11 D 160 615 1
12 L 0 50 1
12 D 160 50 1
13 L 0 35 1
13 D 160 35 1
14 L 0 522 1
14 D 160 522 1
15 L 0 365 1
15 D 778 365 1
16 L 0 163 1
16 D 778 163 1
17 L 0 604 1
17 D 778 604 1
18 L 0 219 1
18 D 778 219 1
19 L 0 581 1
19 D 778 581 1
0 L 0 580 1
0 D 778 580 1
1 L 0 136 1
1 D 778 136 1
2 L 0 927 1
2 D 778 927 1
3 L 0 386 1
3 D 778 386 1
4 L 0 391 1
4 D 778 391 1
5 L 0 720 1
5 D 778 720 1
6 L 0 224 1
6 D 778 224 1
7 L 0 533 1
7 D 778 533 1
8 L 0 270 1
8 D 365 270 1
9 L 0 37 1
9 D 365 37 1
10 L 0 816 1
10 D 76 816 1
11 L 0 474 1
11 D 76 474 1
12 L 0 122 1
12 D 76 122 1
13 L 0 537 1
13 D 76 537 1
14 L 0 450 1
14 D 76 450 1
15 L 0 511 1
15 D 76 511 1
16 L 0 127 1
16 D 76 127 1
17 L 0 242 1
17 D 400 242 1
18 L 0 681 1
18 D 400 681 1
19 L 0 277 1
19 D 400 277 1
0 L 0 604 1
0 D 400 604 1
1 L 0 586 1
1 D 400 586 1
2 L 0 688 1
2 D 400 688 1
3 L 0 535 1
3 D 400 535 1
4 L 0 904 1
4 D 400 904 1
5 L 0 658 1
5 D 400 658 1
6 L 0 162 1
6 D 436 162 1
7 L 0 268 1
7 D 436 268 1
8 L 0 508 1
8 D 436 508 1
9 L 0 427 1
9 D 436 427 1
10 L 0 230 1
10 D 436 230 1
11 L 0 452 1
11 D 436 452 1
12 L 0 504 1
12 D 447 504 1
13 L 0 710 1
13 D 447 710 1
14 L 0 690 1
14 D 447 690 1
15 L 0 593 1
15 D 447 593 1
16 L 0 308 1
16 D 447 308 1
17 L 0 534 1
17 D 447 534 1
18 L 0 829 1
18 D 447 829 1
19 L 0 656 1
19 D 447 656 1
0 L 0 432 1
0 D 149 432 1
1 L 0 158 1
1 D 149 158 1
2 L 0 94 1
2 D 220 94 1
3 L 0 615 1
3 D 220 615 1
4 L 0 411 1
4 D 220 411 1
5 L 0 401 1
5 D 220 401 1
6 L 0 215 1
6 D 220 215 1
7 L 0 212 1
7 D 220 212 1
8 L 0 372 1
8 D 220 372 1
9 L 0 685 1
9 D 452 685 1
10 L 0 727 1
10 D 452 727 1
11 L 0 936 1
11 D 452 936 1
12 L 0 765 1
12 D 452 765 1
13 L 0 755 1
13 D 452 755 1
14 L 0 2 1
14 D 452 2 1
15 L 0 801 1
15 D 452 801 1
16 L 0 526 1
16 D 596 526 1
17 L 0 119 1
17 D 596 119 1
18 L 0 635 1
18 D 596 635 1
19 L 0 289 1
19 D 596 289 1
0 L 0 154 1
0 D 207 154 1
1 L 0 529 1
1 D 207 529 1
2 L 0 302 1
2 D 207 302 1
3 L 0 121 1
3 D 207 121 1
4 L 0 116 1
4 D 207 116 1
5 L 0 347 1
5 D 207 347 1
6 L 0 478 1
6 D 207 478 1
7 L 0 548 1
7 D 338 548 1
8 L 0 16 1
8 D 743 16 1
9 L 0 106 1
9 D 743 106 1
10 L 0 183 1
10 D 743 183 1
11 L 0 834 1
11 D 743 834 1
12 L 0 623 1
12 D 743 623 1
13 L 0 86 1
13 D 743 86 1
14 L 0 66 1
14 D 21 66 1
15 L 0 107 1
15 D 21 107 1
16 L 0 780 1
16 D 21 780 1
17 L 0 779 1
17 D 21 779 1
18 L 0 327 1
18 D 89 327 1
19 L 0 362 1
19 D 89 362 1
0 L 0 883 1
0 D 89 883 1
1 L 0 787 1
1 D 89 787 1
2 L 0 691 1
2 D 89 691 1
3 L 0 911 1
3 D 89 911 1
4 L 0 162 1
4 D 89 162 1
5 L 0 819 1
5 D 89 819 1
6 L 0 105 1
6 D 153 105 1
7 L 0 773 1
7 D 153 773 1
8 L 0 653 1
8 D 153 653 1
9 L 0 875 1
9 D 153 875 1
10 L 0 302 1
10 D 153 302 1
11 L 0 66 1
11 D 153 66 1
12 L 0 92 1
12 D 506 92 1
13 L 0 500 1
13 D 506 500 1
14 L 0 411 1
14 D 506 411 1
15 L 0 858 1
15 D 506 858 1
16 L 0 376 1
16 D 506 376 1
17 L 0 605 1
17 D 506 605 1
18 L 0 123 1
18 D 506 123 1
19 L 0 297 1
19 D 506 297 1
0 L 0 777 1
0 D 506 777 1
1 L 0 290 1
1 D 506 290 1
2 L 0 929 1
2 D 506 929 1
3 L 0 242 1
3 D 506 242 1
4 L 0 372 1
4 D 506 372 1
5 L 0 367 1
5 D 506 367 1
6 L 0 372 1
6 D 134 372 1
7 L 0 486 1
7 D 134 486 1
8 L 0 843 1
8 D 370 843 1
9 L 0 820 1
9 D 370 820 1
10 L 0 139 1
10 D 370 139 1
11 L 0 198 1
11 D 370 198 1
12 L 0 730 1
12 D 370 730 1
13 L 0 820 1
13 D 462 820 1
14 L 0 837 1
14 D 462 837 1
15 L 0 759 1
15 D 652 759 1
16 L 0 937 1
16 D 652 937 1
17 L 0 149 1
17 D 652 149 1
18 L 0 874 1
18 D 652 874 1
19 L 0 560 1
19 D 652 560 1
0 L 0 74 1
0 D 652 74 1
1 L 0 872 1
1 D 25 872 1
2 L 0 616 1
2 D 25 616 1
3 L 0 111 1
3 D 25 111 1
4 L 0 360 1
4 D 25 360 1
5 L 0 937 1
5 D 25 937 1
6 L 0 953 1
6 D 356 953 1
7 L 0 672 1
7 D 356 672 1
8 L 0 499 1
8 D 525 499 1
9 L 0 332 1
9 D 525 332 1
10 L 0 731 1
10 D 698 731 1
11 L 0 888 1
11 D 698 888 1
12 L 0 283 1
12 D 698 283 1
13 L 0 452 1
13 D 698 452 1
14 L 0 727 1
14 D 698 727 1
15 L 0 108 1
15 D 698 108 1
16 L 0 794 1
16 D 698 794 1
17 L 0 721 1
17 D 698 721 1
18 L 0 446 1
18 D 698 446 1
19 L 0 834 1
19 D 698 834 1
0 L 0 158 1
0 D 698 158 1
1 L 0 547 1
1 D 698 547 1
2 L 0 287 1
2 D 97 287 1
3 L 0 279 1
3 D 97 279 1
4 L 0 41 1
4 D 97 41 1
5 L 0 480 1
5 D 97 480 1
6 L 0 883 1
6 D 362 883 1
7 L 0 256 1
7 D 362 256 1
8 L 0 335 1
8 D 362 335 1
9 L 0 739 1
9 D 362 739 1
10 L 0 514 1
10 D 393 514 1
11 L 0 50 1
11 D 393 50 1
12 L 0 991 1
12 D 393 991 1
13 L 0 99 1
13 D 393 99 1
14 L 0 213 1
14 D 393 213 1
15 L 0 0 1
15 D 393 0 1
16 L 0 745 1
16 D 393 745 1
17 L 0 747 1
17 D 526 747 1
18 L 0 563 1
18 D 526 563 1
19 L 0 785 1
19 D 526 785 1
0 L 0 699 1
0 D 526 699 1
1 L 0 646 1
1 D 526 646 1
2 L 0 35 1
2 D 526 35 1
3 L 0 127 1
3 D 526 127 1
4 L 0 911 1
4 D 526 911 1
5 L 0 623 1
5 D 634 623 1
6 L 0 918 1
6 D 634 918 1
7 L 0 109 1
7 D 634 109 1
8 L 0 70 1
8 D 775 70 1
9 L 0 935 1
9 D 775 935 1
10 L 0 659 1
10 D 775 659 1
11 L 0 159 1
11 D 794 159 1
12 L 0 538 1
12 D 794 538 1
13 L 0 832 1
13 D 794 832 1
14 L 0 238 1
14 D 794 238 1
15 L 0 727 1
15 D 794 727 1
16 L 0 319 1
16 D 37 319 1
17 L 0 995 1
17 D 37 995 1
18 L 0 48 1
18 D 37 48 1
19 L 0 935 1
19 D 37 935 1
0 L 0 45 1
0 D 37 45 1
1 L 0 967 1
1 D 37 967 1
2 L 0 486 1
2 D 37 486 1
3 L 0 684 1
3 D 37 684 1
4 L 0 262 1
4 D 37 262 1
5 L 0 758 1
5 D 37 758 1
6 L 0 739 1
6 D 411 739 1
7 L 0 859 1
7 D 411 859 1
8 L 0 239 1
8 D 411 239 1
9 L 0 626 1
9 D 457 626 1
10 L 0 678 1
10 D 457 678 1
11 L 0 168 1
11 D 457 168 1
12 L 0 964 1
12 D 457 964 1
13 L 0 489 1
13 D 457 489 1
14 L 0 939 1
14 D 457 939 1
15 L 0 100 1
15 D 457 100 1
16 L 0 597 1
16 D 457 597 1
17 L 0 465 1
17 D 457 465 1
18 L 0 283 1
18 D 457 283 1
19 L 0 643 1
19 D 457 643 1
0 L 0 823 1
0 D 457 823 1
1 L 0 923 1
1 D 593 923 1
2 L 0 616 1
2 D 593 616 1
3 L 0 612 1
3 D 593 612 1
4 L 0 236 1
4 D 593 236 1
5 L 0 283 1
5 D 593 283 1
6 L 0 652 1
6 D 593 652 1
7 L 0 802 1
7 D 593 802 1
8 L 0 372 1
8 D 670 372 1
9 L 0 846 1
9 D 670 846 1
10 L 0 965 1
10 D 670 965 1
11 L 0 414 1
11 D 670 414 1
12 L 0 690 1
12 D 670 690 1
13 L 0 970 1
13 D 670 970 1
14 L 0 372 1
14 D 670 372 1
15 L 0 105 1
15 D 670 105 1
16 L 0 66 1
16 D 670 66 1
17 L 0 688 1
17 D 670 688 1
18 L 0 976 1
18 D 670 976 1
19 L 0 30 1
19 D 670 30 1
0 L 0 977 1
0 D 670 977 1
1 L 0 237 1
1 D 691 237 1
2 L 0 622 1
2 D 691 622 1
3 L 0 966 1
3 D 691 966 1
4 L 0 181 1
4 D 691 181 1
5 L 0 951 1
5 D 757 951 1
6 L 0 787 1
6 D 757 787 1
7 L 0 189 1
7 D 757 189 1
8 L 0 164 1
8 D 757 164 1
9 L 0 521 1
9 D 757 521 1
10 L 0 34 1
10 D 757 34 1
11 L 0 265 1
11 D 757 265 1
12 L 0 18 1
12 D 757 18 1
13 L 0 488 1
13 D 757 488 1
14 L 0 727 1
14 D 757 727 1
15 L 0 862 1
15 D 757 862 1
16 L 0 739 1
16 D 757 739 1
17 L 0 28 1
17 D 209 28 1
18 L 0 237 1
18 D 209 237 1
19 L 0 239 1
19 D 209 239 1
0 L 0 162 1
0 D 209 162 1
1 L 0 883 1
1 D 209 883 1
2 L 0 738 1
2 D 458 738 1
3 L 0 591 1
3 D 458 591 1
4 L 0 571 1
4 D 458 571 1
5 L 0 467 1
5 D 458 467 1
6 L 0 978 1
6 D 458 978 1
7 L 0 197 1
7 D 217 197 1
8 L 0 449 1
8 D 217 449 1
9 L 0 362 1
9 D 217 362 1
10 L 0 83 1
10 D 217 83 1
11 L 0 953 1
11 D 217 953 1
12 L 0 460 1
12 D 217 460 1
13 L 0 75 1
13 D 217 75 1
14 L 0 297 1
14 D 217 297 1
15 L 0 927 1
15 D 217 927 1
16 L 0 461 1
16 D 217 461 1
17 L 0 977 1
17 D 217 977 1
18 L 0 456 1
18 D 217 456 1
19 L 0 97 1
19 D 217 97 1
0 L 0 840 1
0 D 217 840 1
1 L 0 530 1
1 D 402 530 1
2 L 0 375 1
2 D 402 375 1
3 L 0 80 1
3 D 402 80 1
4 L 0 464 1
4 D 402 464 1
5 L 0 111 1
5 D 402 111 1
6 L 0 332 1
6 D 402 332 1
7 L 0 184 1
7 D 402 184 1
8 L 0 946 1
8 D 402 946 1
9 L 0 852 1
9 D 402 852 1
10 L 0 498 1
10 D 425 498 1
11 L 0 112 1
11 D 425 112 1
12 L 0 796 1
12 D 425 796 1
13 L 0 432 1
13 D 425 432 1
14 L 0 625 1
14 D 425 625 1
15 L 0 624 1
15 D 425 624 1
16 L 0 789 1
16 D 425 789 1
17 L 0 765 1
17 D 425 765 1
18 L 0 992 1
18 D 425 992 1
19 L 0 905 1
19 D 425 905 1
0 L 0 723 1
0 D 425 723 1
1 L 0 604 1
1 D 425 604 1
2 L 0 344 1
2 D 425 344 1
3 L 0 481 1
3 D 425 481 1
4 L 0 322 1
4 D 425 322 1
5 L 0 184 1
5 D 425 184 1
6 L 0 698 1
6 D 425 698 1
7 L 0 226 1
7 D 425 226 1
8 L 0 920 1
8 D 679 920 1
9 L 0 223 1
9 D 679 223 1
10 L 0 796 1
10 D 679 796 1
11 L 0 144 1
11 D 679 144 1
12 L 0 182 1
12 D 679 182 1
13 L 0 105 1
13 D 679 105 1
14 L 0 449 1
14 D 679 449 1
15 L 0 905 1
15 D 679 905 1
16 L 0 836 1
16 D 679 836 1
17 L 0 49 1
17 D 679 49 1
18 L 0 56 1
18 D 679 56 1
19 L 0 360 1
19 D 679 360 1
0 L 0 803 1
0 D 679 803 1
1 L 0 214 1
1 D 679 214 1
2 L 0 474 1
2 D 679 474 1
3 L 0 841 1
3 D 679 841 1
4 L 0 382 1
4 D 679 382 1
5 L 0 195 1
5 D 679 195 1
6 L 0 534 1
6 D 679 534 1
7 L 0 531 1
7 D 313 531 1
8 L 0 427 1
8 D 313 427 1
9 L 0 686 1
9 D 313 686 1
10 L 0 170 1
10 D 313 170 1
11 L 0 664 1
11 D 313 664 1
12 L 0 336 1
12 D 313 336 1
13 L 0 86 1
13 D 321 86 1
14 L 0 406 1
14 D 321 406 1
15 L 0 641 1
15 D 321 641 1
16 L 0 795 1
16 D 321 795 1
17 L 0 216 1
17 D 321 216 1
18 L 0 89 1
18 D 321 89 1
19 L 0 31 1
19 D 321 31 1
0 L 0 196 1
0 D 321 196 1
1 L 0 28 1
1 D 494 28 1
2 L 0 26 1
2 D 494 26 1
3 L 0 974 1
3 D 494 974 1
4 L 0 27 1
4 D 494 27 1
5 L 0 916 1
5 D 494 916 1
6 L 0 426 1
6 D 494 426 1
7 L 0 892 1
7 D 494 892 1
8 L 0 622 1
8 D 494 622 1
9 L 0 836 1
9 D 494 836 1
10 L 0 384 1
10 D 494 384 1
11 L 0 261 1
11 D 494 261 1
12 L 0 806 1
12 D 494 806 1
13 L 0 844 1
13 D 494 844 1
14 L 0 440 1
14 D 494 440 1
15 L 0 905 1
15 D 696 905 1
16 L 0 380 1
16 D 696 380 1
17 L 0 730 1
17 D 696 730 1
18 L 0 819 1
18 D 696 819 1
19 L 0 765 1
19 D 696 765 1
0 L 0 817 1
0 D 696 817 1
1 L 0 719 1
1 D 728 719 1
2 L 0 920 1
2 D 728 920 1
3 L 0 296 1
3 D 728 296 1
4 L 0 111 1
4 D 728 111 1
5 L 0 460 1
5 D 728 460 1
6 L 0 133 1
6 D 728 133 1
7 L 0 823 1
7 D 728 823 1
8 L 0 7 1
8 D 728 7 1
9 L 0 908 1
9 D 728 908 1
10 L 0 216 1
10 D 728 216 1
11 L 0 814 1
11 D 728 814 1
12 L 0 565 1
12 D 90 565 1
13 L 0 528 1
13 D 90 528 1
14 L 0 60 1
14 D 90 60 1
15 L 0 939 1
15 D 277 939 1
16 L 0 259 1
16 D 277 259 1
17 L 0 736 1
17 D 277 736 1
18 L 0 52 1
18 D 277 52 1
19 L 0 601 1
19 D 277 601 1
0 L 0 267 1
0 D 277 267 1
1 L 0 853 1
1 D 277 853 1
2 L 0 375 1
2 D 277 375 1
3 L 0 869 1
3 D 277 869 1
4 L 0 58 1
4 D 277 58 1
5 L 0 288 1
5 D 277 288 1
6 L 0 719 1
6 D 277 719 1
7 L 0 658 1
7 D 277 658 1
8 L 0 200 1
8 D 277 200 1
9 L 0 16 1
9 D 277 16 1
10 L 0 896 1
10 D 277 896 1
11 L 0 972 1
11 D 277 972 1
12 L 0 215 1
12 D 277 215 1
13 L 0 4 1
13 D 277 4 1
14 L 0 968 1
14 D 303 968 1
15 L 0 272 1
15 D 303 272 1
16 L 0 259 1
16 D 303 259 1
17 L 0 594 1
17 D 303 594 1
18 L 0 646 1
18 D 303 646 1
19 L 0 18 1
19 D 303 18 1
0 L 0 819 1
0 D 303 819 1
1 L 0 267 1
1 D 303 267 1
2 L 0 267 1
2 D 303 267 1
3 L 0 626 1
3 D 303 626 1
4 L 0 726 1
4 D 303 726 1
5 L 0 455 1
5 D 303 455 1
6 L 0 247 1
6 D 303 247 1
7 L 0 262 1
7 D 303 262 1
8 L 0 994 1
8 D 303 994 1
9 L 0 95 1
9 D 303 95 1
10 L 0 229 1
10 D 396 229 1
11 L 0 175 1
11 D 396 175 1
12 L 0 235 1
12 D 396 235 1
13 L 0 478 1
13 D 396 478 1
14 L 0 904 1
14 D 396 904 1
15 L 0 97 1
15 D 396 97 1
16 L 0 508 1
16 D 543 508 1
17 L 0 606 1
17 D 543 606 1
18 L 0 133 1
18 D 543 133 1
19 L 0 706 1
19 D 543 706 1
0 L 0 801 1
0 D 543 801 1
1 L 0 50 1
1 D 543 50 1
2 L 0 597 1
2 D 543 597 1
3 L 0 582 1
3 D 543 582 1
4 L 0 535 1
4 D 543 535 1
5 L 0 649 1
5 D 700 649 1
6 L 0 460 1
6 D 700 460 1
7 L 0 867 1
7 D 700 867 1
8 L 0 252 1
8 D 700 252 1
9 L 0 601 1
9 D 700 601 1
10 L 0 719 1
10 D 700 719 1
11 L 0 75 1
11 D 700 75 1
12 L 0 114 1
12 D 284 114 1
13 L 0 346 1
13 D 284 346 1
14 L 0 161 1
14 D 284 161 1
15 L 0 538 1
15 D 284 538 1
16 L 0 684 1
16 D 284 684 1
17 L 0 896 1
17 D 284 896 1
18 L 0 142 1
18 D 284 142 1
19 L 0 884 1
19 D 284 884 1
0 L 0 861 1
0 D 284 861 1
1 L 0 219 1
1 D 284 219 1
2 L 0 707 1
2 D 284 707 1
3 L 0 983 1
3 D 298 983 1
4 L 0 931 1
4 D 298 931 1
5 L 0 142 1
5 D 298 142 1
6 L 0 911 1
6 D 302 911 1
7 L 0 905 1
7 D 302 905 1
8 L 0 10 1
8 D 302 10 1
9 L 0 866 1
9 D 302 866 1
10 L 0 890 1
10 D 302 890 1
11 L 0 451 1
11 D 302 451 1
12 L 0 353 1
12 D 302 353 1
13 L 0 412 1
13 D 302 412 1
14 L 0 815 1
14 D 413 815 1
15 L 0 761 1
15 D 413 761 1
16 L 0 463 1
16 D 413 463 1
17 L 0 862 1
17 D 413 862 1
18 L 0 15 1
18 D 413 15 1
19 L 0 401 1
19 D 413 401 1
0 L 0 988 1
0 D 413 988 1
1 L 0 434 1
1 D 413 434 1
2 L 0 218 1
2 D 413 218 1
3 L 0 918 1
3 D 413 918 1
4 L 0 151 1
4 D 413 151 1
5 L 0 41 1
5 D 413 41 1
6 L 0 647 1
6 D 413 647 1
7 L 0 945 1
7 D 413 945 1
8 L 0 406 1
8 D 471 406 1
9 L 0 301 1
9 D 471 301 1
10 L 0 793 1
10 D 471 793 1
11 L 0 195 1
11 D 471 195 1
12 L 0 874 1
12 D 471 874 1
13 L 0 994 1
13 D 471 994 1
14 L 0 184 1
14 D 471 184 1
15 L 0 845 1
15 D 471 845 1
16 L 0 637 1
16 D 577 637 1
17 L 0 741 1
17 D 577 741 1
18 L 0 388 1
18 D 577 388 1
19 L 0 618 1
19 D 577 618 1
0 L 0 691 1
0 D 577 691 1
1 L 0 422 1
1 D 577 422 1
2 L 0 628 1
2 D 577 628 1
3 L 0 844 1
3 D 577 844 1
4 L 0 73 1
4 D 577 73 1
5 L 0 789 1
5 D 681 789 1
6 L 0 384 1
6 D 681 384 1
7 L 0 28 1
7 D 717 28 1
8 L 0 220 1
8 D 717 220 1
9 L 0 857 1
9 D 717 857 1
10 L 0 933 1
10 D 717 933 1
11 L 0 296 1
11 D 717 296 1
12 L 0 310 1
12 D 717 310 1
13 L 0 419 1
13 D 717 419 1
14 L 0 375 1
14 D 717 375 1
15 L 0 508 1
15 D 790 508 1
16 L 0 450 1
16 D 790 450 1
17 L 0 52 1
17 D 790 52 1
18 L 0 662 1
18 D 790 662 1
19 L 0 780 1
19 D 790 780 1
0 L 0 275 1
0 D 790 275 1
1 L 0 730 1
1 D 790 730 1
2 L 0 861 1
2 D 790 861 1
3 L 0 484 1
3 D 790 484 1
4 L 0 199 1
4 D 790 199 1
5 L 0 601 1
5 D 294 601 1
6 L 0 288 1
6 D 294 288 1
7 L 0 208 1
7 D 294 208 1
8 L 0 552 1
8 D 294 552 1
9 L 0 270 1
9 D 294 270 1
10 L 0 534 1
10 D 294 534 1
11 L 0 919 1
11 D 630 919 1
12 L 0 417 1
12 D 630 417 1
13 L 0 557 1
13 D 630 557 1
14 L 0 286 1
14 D 630 286 1
15 L 0 848 1
15 D 630 848 1
16 L 0 749 1
16 D 630 749 1
17 L 0 136 1
17 D 630 136 1
18 L 0 244 1
18 D 630 244 1
19 L 0 622 1
19 D 630 622 1
0 L 0 757 1
0 D 630 757 1
1 L 0 589 1
1 D 630 589 1
2 L 0 37 1
2 D 630 37 1
3 L 0 557 1
3 D 767 557 1
4 L 0 334 1
4 D 767 334 1
5 L 0 214 1
5 D 767 214 1
6 L 0 80 1
6 D 767 80 1
7 L 0 809 1
7 D 767 809 1
8 L 0 732 1
8 D 767 732 1
9 L 0 622 1
9 D 767 622 1
10 L 0 373 1
10 D 6 373 1
11 L 0 85 1
11 D 6 85 1
12 L 0 142 1
12 D 6 142 1
13 L 0 303 1
13 D 6 303 1
14 L 0 52 1
14 D 6 52 1
15 L 0 458 1
15 D 6 458 1
16 L 0 851 1
16 D 6 851 1
17 L 0 607 1
17 D 6 607 1
18 L 0 277 1
18 D 49 277 1
19 L 0 455 1
19 D 49 455 1
0 L 0 185 1
0 D 49 185 1
1 L 0 823 1
1 D 49 823 1
2 L 0 891 1
2 D 49 891 1
3 L 0 189 1
3 D 49 189 1
4 L 0 808 1
4 D 49 808 1
5 L 0 520 1
5 D 49 520 1
6 L 0 691 1
6 D 49 691 1
7 L 0 29 1
7 D 333 29 1
8 L 0 935 1
8 D 333 935 1
9 L 0 775 1
9 D 333 775 1
10 L 0 861 1
10 D 333 861 1
11 L 0 849 1
11 D 333 849 1
12 L 0 719 1
12 D 333 719 1
13 L 0 831 1
13 D 333 831 1
14 L 0 790 1
14 D 333 790 1
15 L 0 312 1
15 D 333 312 1
16 L 0 419 1
16 D 333 419 1
17 L 0 632 1
17 D 333 632 1
18 L 0 296 1
18 D 333 296 1
19 L 0 86 1
19 D 211 86 1
0 L 0 587 1
0 D 211 587 1
1 L 0 141 1
1 D 211 141 1
2 L 0 989 1
2 D 308 989 1
3 L 0 455 1
3 D 308 455 1
4 L 0 563 1
4 D 308 563 1
5 L 0 290 1
5 D 308 290 1
6 L 0 41 1
6 D 308 41 1
7 L 0 53 1
7 D 308 53 1
8 L 0 258 1
8 D 308 258 1
9 L 0 710 1
9 D 343 710 1
10 L 0 971 1
10 D 343 971 1
11 L 0 611 1
11 D 343 611 1
12 L 0 798 1
12 D 343 798 1
13 L 0 370 1
13 D 343 370 1
14 L 0 856 1
14 D 343 856 1
15 L 0 164 1
15 D 343 164 1
16 L 0 338 1
16 D 343 338 1
17 L 0 726 1
17 D 343 726 1
18 L 0 129 1
18 D 343 129 1
19 L 0 722 1
19 D 343 722 1
0 L 0 338 1
0 D 343 338 1
1 L 0 415 1
1 D 343 415 1
2 L 0 941 1
2 D 343 941 1
3 L 0 854 1
3 D 382 854 1
4 L 0 132 1
4 D 382 132 1
5 L 0 81 1
5 D 382 81 1
6 L 0 296 1
6 D 382 296 1
7 L 0 549 1
7 D 382 549 1
8 L 0 859 1
8 D 382 859 1
9 L 0 555 1
9 D 382 555 1
10 L 0 857 1
10 D 382 857 1
11 L 0 396 1
11 D 382 396 1
12 L 0 882 1
12 D 382 882 1
13 L 0 382 1
13 D 382 382 1
14 L 0 750 1
14 D 508 750 1
15 L 0 80 1
15 D 508 80 1
16 L 0 151 1
16 D 508 151 1
17 L 0 775 1
17 D 508 775 1
18 L 0 716 1
18 D 508 716 1
19 L 0 862 1
19 D 33 862 1
0 L 0 422 1
0 D 33 422 1
1 L 0 553 1
1 D 33 553 1
2 L 0 490 1
2 D 33 490 1
3 L 0 719 1
3 D 33 719 1
4 L 0 305 1
4 D 33 305 1
5 L 0 562 1
5 D 33 562 1
6 L 0 927 1
6 D 33 927 1
7 L 0 854 1
7 D 33 854 1
8 L 0 876 1
8 D 412 876 1
9 L 0 668 1
9 D 412 668 1
10 L 0 351 1
10 D 412 351 1
11 L 0 959 1
11 D 412 959 1
12 L 0 499 1
12 D 412 499 1
13 L 0 17 1
13 D 412 17 1
14 L 0 875 1
14 D 412 875 1
15 L 0 547 1
15 D 412 547 1
16 L 0 15 1
16 D 412 15 1
17 L 0 715 1
17 D 412 715 1
18 L 0 854 1
18 D 412 854 1
19 L 0 785 1
19 D 520 785 1
0 L 0 964 1
0 D 520 964 1
1 L 0 680 1
1 D 520 680 1
2 L 0 591 1
2 D 520 591 1
3 L 0 11 1
3 D 520 11 1
4 L 0 787 1
4 D 520 787 1
5 L 0 554 1
5 D 520 554 1
6 L 0 338 1
6 D 520 338 1
7 L 0 935 1
7 D 520 935 1
8 L 0 804 1
8 D 520 804 1
9 L 0 777 1
9 D 520 777 1
10 L 0 164 1
10 D 520 164 1
11 L 0 956 1
11 D 520 956 1
12 L 0 128 1
12 D 585 128 1
13 L 0 420 1
13 D 585 420 1
14 L 0 424 1
14 D 585 424 1
15 L 0 504 1
15 D 585 504 1
16 L 0 642 1
16 D 585 642 1
17 L 0 220 1
17 D 585 220 1
18 L 0 753 1
18 D 585 753 1
19 L 0 806 1
19 D 585 806 1
0 L 0 155 1
0 D 585 155 1
1 L 0 739 1
1 D 585 739 1
2 L 0 114 1
2 D 585 114 1
3 L 0 698 1
3 D 585 698 1
4 L 0 189 1
4 D 674 189 1
5 L 0 761 1
5 D 674 761 1
6 L 0 416 1
6 D 674 416 1
7 L 0 576 1
7 D 674 576 1
8 L 0 707 1
8 D 674 707 1
9 L 0 312 1
9 D 464 312 1
10 L 0 887 1
10 D 464 887 1
11 L 0 455 1
11 D 464 455 1
12 L 0 44 1
12 D 464 44 1
13 L 0 515 1
13 D 464 515 1
14 L 0 925 1
14 D 464 925 1
15 L 0 994 1
15 D 464 994 1
16 L 0 558 1
16 D 464 558 1
17 L 0 145 1
17 D 464 145 1
18 L 0 690 1
18 D 561 690 1
19 L 0 90 1
19 D 561 90 1
0 L 0 647 1
0 D 561 647 1
1 L 0 348 1
1 D 561 348 1
2 L 0 382 1
2 D 561 382 1
3 L 0 89 1
3 D 561 89 1
4 L 0 46 1
4 D 115 46 1
5 L 0 296 1
5 D 115 296 1
6 L 0 477 1
6 D 115 477 1
7 L 0 618 1
7 D 115 618 1
8 L 0 641 1
8 D 115 641 1
9 L 0 132 1
9 D 115 132 1
10 L 0 854 1
10 D 115 854 1
11 L 0 452 1
11 D 216 452 1
12 L 0 522 1
12 D 348 522 1
13 L 0 649 1
13 D 348 649 1
14 L 0 593 1
14 D 798 593 1
15 L 0 282 1
15 D 798 282 1
16 L 0 691 1
16 D 798 691 1
17 L 0 749 1
17 D 798 749 1
18 L 0 946 1
18 D 798 946 1
19 L 0 588 1
19 D 798 588 1
0 L 0 380 1
0 D 798 380 1
1 L 0 117 1
1 D 798 117 1
2 L 0 654 1
2 D 798 654 1
3 L 0 862 1
3 D 798 862 1
4 L 0 813 1
4 D 798 813 1
5 L 0 800 1
5 D 798 800 1
6 L 0 920 1
6 D 798 920 1
7 L 0 66 1
7 D 798 66 1
8 L 0 954 1
8 D 677 954 1
9 L 0 741 1
9 D 677 741 1
10 L 0 845 1
10 D 150 845 1
11 L 0 97 1
11 D 150 97 1
12 L 0 999 1
12 D 150 999 1
13 L 0 345 1
13 D 150 345 1
14 L 0 721 1
14 D 150 721 1
15 L 0 86 1
15 D 150 86 1
16 L 0 840 1
16 D 150 840 1
17 L 0 319 1
17 D 150 319 1
18 L 0 456 1
18 D 150 456 1
19 L 0 772 1
19 D 150 772 1
0 L 0 781 1
0 D 150 781 1
1 L 0 746 1
1 D 150 746 1
2 L 0 751 1
2 D 150 751 1
3 L 0 694 1
3 D 150 694 1
4 L 0 926 1
4 D 150 926 1
5 L 0 63 1
5 D 152 63 1
6 L 0 67 1
6 D 152 67 1
7 L 0 277 1
7 D 152 277 1
8 L 0 645 1
8 D 152 645 1
9 L 0 375 1
9 D 152 375 1
10 L 0 929 1
10 D 152 929 1
11 L 0 149 1
11 D 152 149 1
12 L 0 689 1
12 D 152 689 1
13 L 0 954 1
13 D 152 954 1
14 L 0 764 1
14 D 152 764 1
15 L 0 210 1
15 D 444 210 1
16 L 0 133 1
16 D 444 133 1
17 L 0 553 1
17 D 444 553 1
18 L 0 359 1
18 D 444 359 1
19 L 0 218 1
19 D 676 218 1
0 L 0 423 1
0 D 676 423 1
1 L 0 794 1
1 D 676 794 1
2 L 0 871 1
2 D 676 871 1
3 L 0 402 1
3 D 676 402 1
4 L 0 131 1
4 D 676 131 1
5 L 0 762 1
5 D 676 762 1
6 L 0 753 1
6 D 676 753 1
7 L 0 278 1
7 D 676 278 1
8 L 0 836 1
8 D 784 836 1
9 L 0 164 1
9 D 784 164 1
10 L 0 346 1
10 D 784 346 1
11 L 0 660 1
11 D 784 660 1
12 L 0 173 1
12 D 784 173 1
13 L 0 688 1
13 D 784 688 1
14 L 0 676 1
14 D 784 676 1
15 L 0 819 1
15 D 784 819 1
16 L 0 345 1
16 D 784 345 1
17 L 0 764 1
17 D 784 764 1
18 L 0 741 1
18 D 784 741 1
19 L 0 935 1
19 D 784 935 1
0 L 0 92 1
0 D 784 92 1
1 L 0 26 1
1 D 784 26 1
2 L 0 350 1
2 D 50 350 1
3 L 0 749 1
3 D 50 749 1
4 L 0 242 1
4 D 50 242 1
5 L 0 345 1
5 D 50 345 1
6 L 0 600 1
6 D 138 600 1
7 L 0 504 1
7 D 138 504 1
8 L 0 772 1
8 D 138 772 1
9 L 0 426 1
9 D 138 426 1
10 L 0 914 1
10 D 138 914 1
11 L 0 545 1
11 D 138 545 1
12 L 0 786 1
12 D 138 786 1
13 L 0 558 1
13 D 175 558 1
14 L 0 594 1
14 D 244 594 1
15 L 0 81 1
15 D 244 81 1
16 L 0 375 1
16 D 244 375 1
17 L 0 870 1
17 D 244 870 1
18 L 0 836 1
18 D 438 836 1
19 L 0 365 1
19 D 438 365 1
0 L 0 276 1
0 D 438 276 1
1 L 0 699 1
1 D 438 699 1
2 L 0 590 1
2 D 438 590 1
3 L 0 396 1
3 D 438 396 1
4 L 0 119 1
4 D 438 119 1
5 L 0 794 1
5 D 438 794 1
6 L 0 346 1
6 D 438 346 1
7 L 0 673 1
7 D 766 673 1
8 L 0 129 1
8 D 766 129 1
9 L 0 129 1
9 D 766 129 1
10 L 0 185 1
10 D 766 185 1
11 L 0 794 1
11 D 766 794 1
12 L 0 600 1
12 D 766 600 1
13 L 0 480 1
13 D 766 480 1
14 L 0 691 1
14 D 766 691 1
15 L 0 500 1
15 D 770 500 1
16 L 0 439 1
16 D 770 439 1
17 L 0 300 1
17 D 770 300 1
18 L 0 809 1
18 D 770 809 1
19 L 0 687 1
19 D 770 687 1
0 L 0 684 1
0 D 770 684 1
1 L 0 287 1
1 D 770 287 1
2 L 0 145 1
2 D 770 145 1
3 L 0 377 1
3 D 770 377 1
4 L 0 887 1
4 D 770 887 1
5 L 0 796 1
5 D 770 796 1
6 L 0 126 1
6 D 770 126 1
7 L 0 205 1
7 D 770 205 1
8 L 0 481 1
8 D 770 481 1
9 L 0 482 1
9 D 162 482 1
10 L 0 492 1
10 D 162 492 1
11 L 0 468 1
11 D 162 468 1
12 L 0 794 1
12 D 162 794 1
13 L 0 237 1
13 D 456 237 1
14 L 0 157 1
14 D 456 157 1
15 L 0 921 1
15 D 456 921 1
16 L 0 803 1
16 D 456 803 1
17 L 0 973 1
17 D 601 973 1
18 L 0 388 1
18 D 601 388 1
19 L 0 501 1
19 D 601 501 1
0 L 0 261 1
0 D 601 261 1
1 L 0 186 1
1 D 601 186 1
2 L 0 261 1
2 D 621 261 1
3 L 0 453 1
3 D 621 453 1
4 L 0 379 1
4 D 715 379 1
5 L 0 802 1
5 D 715 802 1
6 L 0 264 1
6 D 715 264 1
7 L 0 116 1
7 D 715 116 1
8 L 0 720 1
8 D 715 720 1
9 L 0 670 1
9 D 715 670 1
10 L 0 759 1
10 D 715 759 1
11 L 0 66 1
11 D 715 66 1
12 L 0 399 1
12 D 715 399 1
13 L 0 789 1
13 D 715 789 1
14 L 0 326 1
14 D 715 326 1
15 L 0 734 1
15 D 110 734 1
16 L 0 112 1
16 D 110 112 1
17 L 0 189 1
17 D 110 189 1
18 L 0 321 1
18 D 164 321 1
19 L 0 701 1
19 D 164 701 1
0 L 0 653 1
0 D 164 653 1
1 L 0 823 1
1 D 164 823 1
2 L 0 644 1
2 D 164 644 1
3 L 0 795 1
3 D 292 795 1
4 L 0 960 1
4 D 292 960 1
5 L 0 66 1
5 D 292 66 1
6 L 0 719 1
6 D 292 719 1
7 L 0 249 1
7 D 292 249 1
8 L 0 159 1
8 D 750 159 1
9 L 0 626 1
9 D 750 626 1
10 L 0 892 1
10 D 750 892 1
11 L 0 153 1
11 D 750 153 1
12 L 0 850 1
12 D 750 850 1
13 L 0 446 1
13 D 750 446 1
14 L 0 41 1
14 D 750 41 1
15 L 0 883 1
15 D 750 883 1
16 L 0 297 1
16 D 750 297 1
17 L 0 230 1
17 D 750 230 1
18 L 0 164 1
18 D 507 164 1
19 L 0 879 1
19 D 507 879 1
0 L 0 863 1
0 D 507 863 1
1 L 0 67 1
1 D 507 67 1
2 L 0 168 1
2 D 507 168 1
3 L 0 533 1
3 D 507 533 1
4 L 0 659 1
4 D 507 659 1
5 L 0 121 1
5 D 507 121 1
6 L 0 453 1
6 D 507 453 1
7 L 0 726 1
7 D 507 726 1
8 L 0 870 1
8 D 631 870 1
9 L 0 372 1
9 D 631 372 1
10 L 0 806 1
10 D 688 806 1
11 L 0 719 1
11 D 688 719 1
12 L 0 469 1
12 D 688 469 1
13 L 0 390 1
13 D 688 390 1
14 L 0 914 1
14 D 688 914 1
15 L 0 840 1
15 D 688 840 1
16 L 0 283 1
16 D 688 283 1
17 L 0 265 1
17 D 688 265 1
18 L 0 920 1
18 D 688 920 1
19 L 0 453 1
19 D 688 453 1
0 L 0 68 1
0 D 228 68 1
1 L 0 151 1
1 D 228 151 1
2 L 0 159 1
2 D 660 159 1
3 L 0 314 1
3 D 660 314 1
4 L 0 879 1
4 D 660 879 1
5 L 0 776 1
5 D 660 776 1
6 L 0 587 1
6 D 660 587 1
7 L 0 420 1
7 D 660 420 1
8 L 0 785 1
8 D 660 785 1
9 L 0 102 1
9 D 660 102 1
10 L 0 322 1
10 D 660 322 1
11 L 0 962 1
11 D 660 962 1
12 L 0 906 1
12 D 660 906 1
13 L 0 787 1
13 D 660 787 1
14 L 0 14 1
14 D 660 14 1
15 L 0 483 1
15 D 660 483 1
16 L 0 398 1
16 D 660 398 1
17 L 0 290 1
17 D 723 290 1
18 L 0 242 1
18 D 723 242 1
19 L 0 349 1
19 D 723 349 1
0 L 0 296 1
0 D 723 296 1
1 L 0 440 1
1 D 723 440 1
2 L 0 350 1
2 D 723 350 1
3 L 0 384 1
3 D 723 384 1
4 L 0 438 1
4 D 723 438 1
5 L 0 453 1
5 D 723 453 1
6 L 0 985 1
6 D 723 985 1
7 L 0 673 1
7 D 327 673 1
8 L 0 216 1
8 D 327 216 1
9 L 0 110 1
9 D 327 110 1
10 L 0 194 1
10 D 327 194 1
11 L 0 35 1
11 D 327 35 1
12 L 0 281 1
12 D 327 281 1
13 L 0 167 1
13 D 327 167 1
14 L 0 553 1
14 D 327 553 1
15 L 0 549 1
15 D 711 549 1
16 L 0 26 1
16 D 711 26 1
17 L 0 110 1
17 D 711 110 1
18 L 0 463 1
18 D 711 463 1
19 L 0 411 1
19 D 711 411 1
0 L 0 231 1
0 D 711 231 1
1 L 0 847 1
1 D 711 847 1
2 L 0 242 1
2 D 711 242 1
3 L 0 270 1
3 D 123 270 1
4 L 0 130 1
4 D 123 130 1
5 L 0 440 1
5 D 123 440 1
6 L 0 68 1
6 D 123 68 1
7 L 0 650 1
7 D 123 650 1
8 L 0 794 1
8 D 123 794 1
9 L 0 671 1
9 D 123 671 1
10 L 0 163 1
10 D 123 163 1
11 L 0 751 1
11 D 386 751 1
12 L 0 889 1
12 D 386 889 1
13 L 0 96 1
13 D 386 96 1
14 L 0 678 1
14 D 386 678 1
15 L 0 322 1
15 D 386 322 1
16 L 0 80 1
16 D 386 80 1
17 L 0 896 1
17 D 386 896 1
18 L 0 157 1
18 D 386 157 1
19 L 0 958 1
19 D 386 958 1
0 L 0 99 1
0 D 386 99 1
1 L 0 773 1
1 D 693 773 1
2 L 0 116 1
2 D 693 116 1
3 L 0 891 1
3 D 693 891 1
4 L 0 64 1
4 D 693 64 1
5 L 0 316 1
5 D 788 316 1
6 L 0 709 1
6 D 788 709 1
7 L 0 451 1
7 D 788 451 1
8 L 0 702 1
8 D 788 702 1
9 L 0 863 1
9 D 645 863 1
10 L 0 664 1
10 D 645 664 1
11 L 0 553 1
11 D 645 553 1
12 L 0 103 1
12 D 645 103 1
13 L 0 736 1
13 D 645 736 1
14 L 0 556 1
14 D 645 556 1
15 L 0 611 1
15 D 645 611 1
16 L 0 300 1
16 D 645 300 1
17 L 0 782 1
17 D 645 782 1
18 L 0 211 1
18 D 645 211 1
19 L 0 347 1
19 D 645 347 1
0 L 0 850 1
0 D 645 850 1
1 L 0 575 1
1 D 139 575 1
2 L 0 466 1
2 D 139 466 1
3 L 0 296 1
3 D 314 296 1
4 L 0 275 1
4 D 314 275 1
5 L 0 902 1
5 D 314 902 1
6 L 0 809 1
6 D 314 809 1
7 L 0 393 1
7 D 583 393 1
8 L 0 282 1
8 D 583 282 1
9 L 0 75 1
9 D 583 75 1
10 L 0 589 1
10 D 583 589 1
11 L 0 956 1
11 D 583 956 1
12 L 0 674 1
12 D 583 674 1
13 L 0 107 1
13 D 583 107 1
14 L 0 438 1
14 D 583 438 1
15 L 0 394 1
15 D 583 394 1
16 L 0 880 1
16 D 583 880 1
17 L 0 560 1
17 D 780 560 1
18 L 0 397 1
18 D 780 397 1
19 L 0 904 1
19 D 780 904 1
0 L 0 595 1
0 D 780 595 1
1 L 0 658 1
1 D 780 658 1
2 L 0 540 1
2 D 780 540 1
3 L 0 781 1
3 D 780 781 1
4 L 0 906 1
4 D 783 906 1
5 L 0 28 1
5 D 783 28 1
6 L 0 459 1
6 D 783 459 1
7 L 0 962 1
7 D 547 962 1
8 L 0 727 1
8 D 547 727 1
9 L 0 875 1
9 D 547 875 1
10 L 0 852 1
10 D 547 852 1
11 L 0 95 1
11 D 617 95 1
12 L 0 950 1
12 D 617 950 1
13 L 0 130 1
13 D 617 130 1
14 L 0 557 1
14 D 617 557 1
15 L 0 45 1
15 D 617 45 1
16 L 0 739 1
16 D 617 739 1
17 L 0 477 1
17 D 617 477 1
18 L 0 560 1
18 D 617 560 1
19 L 0 300 1
19 D 617 300 1
0 L 0 834 1
0 D 617 834 1
1 L 0 850 1
1 D 617 850 1
2 L 0 639 1
2 D 617 639 1
3 L 0 314 1
3 D 617 314 1
4 L 0 588 1
4 D 787 588 1
5 L 0 203 1
5 D 787 203 1
6 L 0 175 1
6 D 787 175 1
7 L 0 323 1
7 D 787 323 1
8 L 0 168 1
8 D 787 168 1
9 L 0 376 1
9 D 787 376 1
10 L 0 679 1
10 D 787 679 1
11 L 0 181 1
11 D 787 181 1
12 L 0 404 1
12 D 124 404 1
13 L 0 877 1
13 D 541 877 1
14 L 0 852 1
14 D 541 852 1
15 L 0 946 1
15 D 541 946 1
16 L 0 780 1
16 D 541 780 1
17 L 0 406 1
17 D 541 406 1
18 L 0 282 1
18 D 541 282 1
19 L 0 919 1
19 D 541 919 1
0 L 0 243 1
0 D 541 243 1
1 L 0 71 1
1 D 566 71 1
2 L 0 68 1
2 D 566 68 1
3 L 0 461 1
3 D 566 461 1
4 L 0 978 1
4 D 566 978 1
5 L 0 278 1
5 D 566 278 1
6 L 0 954 1
6 D 566 954 1
7 L 0 364 1
7 D 566 364 1
8 L 0 681 1
8 D 566 681 1
9 L 0 471 1
9 D 566 471 1
10 L 0 414 1
10 D 566 414 1
11 L 0 790 1
11 D 566 790 1
12 L 0 347 1
12 D 566 347 1
13 L 0 10 1
13 D 566 10 1
14 L 0 643 1
14 D 566 643 1
15 L 0 337 1
15 D 566 337 1
16 L 0 141 1
16 D 566 141 1
17 L 0 20 1
17 D 594 20 1
18 L 0 62 1
18 D 594 62 1
19 L 0 420 1
19 D 594 420 1
0 L 0 643 1
0 D 594 643 1
1 L 0 922 1
1 D 594 922 1
2 L 0 107 1
2 D 594 107 1
3 L 0 214 1
3 D 740 214 1
4 L 0 486 1
4 D 740 486 1
5 L 0 890 1
5 D 740 890 1
6 L 0 404 1
6 D 740 404 1
7 L 0 615 1
7 D 740 615 1
8 L 0 501 1
8 D 740 501 1
9 L 0 488 1
9 D 740 488 1
10 L 0 172 1
10 D 781 172 1
11 L 0 261 1
11 D 781 261 1
12 L 0 375 1
12 D 781 375 1
13 L 0 450 1
13 D 781 450 1
14 L 0 456 1
14 D 781 456 1
15 L 0 116 1
15 D 781 116 1
16 L 0 965 1
16 D 781 965 1
17 L 0 552 1
17 D 781 552 1
18 L 0 114 1
18 D 781 114 1
19 L 0 292 1
19 D 781 292 1
0 L 0 372 1
0 D 781 372 1
1 L 0 872 1
1 D 781 872 1
2 L 0 673 1
2 D 781 673 1
3 L 0 17 1
3 D 781 17 1
4 L 0 251 1
4 D 781 251 1
5 L 0 261 1
5 D 781 261 1
6 L 0 434 1
6 D 273 434 1
7 L 0 227 1
7 D 273 227 1
8 L 0 548 1
8 D 554 548 1
9 L 0 11 1
9 D 554 11 1
10 L 0 384 1
10 D 554 384 1
11 L 0 189 1
11 D 554 189 1
12 L 0 615 1
12 D 554 615 1
13 L 0 113 1
13 D 554 113 1
14 L 0 446 1
14 D 554 446 1
15 L 0 168 1
15 D 554 168 1
16 L 0 125 1
16 D 554 125 1
17 L 0 256 1
17 D 554 256 1
18 L 0 730 1
18 D 554 730 1
19 L 0 652 1
19 D 23 652 1
0 L 0 426 1
0 D 23 426 1
1 L 0 915 1
1 D 23 915 1
2 L 0 459 1
2 D 23 459 1
3 L 0 961 1
3 D 23 961 1
4 L 0 440 1
4 D 23 440 1
5 L 0 489 1
5 D 23 489 1
6 L 0 778 1
6 D 23 778 1
7 L 0 414 1
7 D 23 414 1
8 L 0 221 1
8 D 23 221 1
9 L 0 474 1
9 D 23 474 1
10 L 0 438 1
10 D 23 438 1
11 L 0 724 1
11 D 23 724 1
12 L 0 775 1
12 D 23 775 1
13 L 0 788 1
13 D 23 788 1
14 L 0 614 1
14 D 23 614 1
15 L 0 855 1
15 D 23 855 1
16 L 0 773 1
16 D 276 773 1
17 L 0 616 1
17 D 276 616 1
18 L 0 889 1
18 D 465 889 1
19 L 0 407 1
19 D 549 407 1
0 L 0 785 1
0 D 549 785 1
1 L 0 832 1
1 D 549 832 1
2 L 0 642 1
2 D 3 642 1
3 L 0 961 1
3 D 3 961 1
4 L 0 129 1
4 D 128 129 1
5 L 0 997 1
5 D 128 997 1
6 L 0 104 1
6 D 375 104 1
7 L 0 97 1
7 D 375 97 1
8 L 0 758 1
8 D 375 758 1
9 L 0 620 1
9 D 375 620 1
10 L 0 270 1
10 D 375 270 1
11 L 0 261 1
11 D 375 261 1
12 L 0 355 1
12 D 375 355 1
13 L 0 955 1
13 D 510 955 1
14 L 0 375 1
14 D 510 375 1
15 L 0 18 1
15 D 510 18 1
16 L 0 489 1
16 D 510 489 1
17 L 0 641 1
17 D 510 641 1
18 L 0 936 1
18 D 510 936 1
19 L 0 519 1
19 D 510 519 1
0 L 0 740 1
0 D 510 740 1
1 L 0 767 1
1 D 510 767 1
2 L 0 383 1
2 D 684 383 1
3 L 0 821 1
3 D 684 821 1
4 L 0 266 1
4 D 684 266 1
5 L 0 208 1
5 D 684 208 1
6 L 0 132 1
6 D 684 132 1
7 L 0 71 1
7 D 684 71 1
8 L 0 680 1
8 D 684 680 1
9 L 0 748 1
9 D 684 748 1
10 L 0 647 1
10 D 684 647 1
11 L 0 845 1
11 D 684 845 1
12 L 0 780 1
12 D 684 780 1
13 L 0 720 1
13 D 684 720 1
14 L 0 81 1
14 D 727 81 1
15 L 0 154 1
15 D 727 154 1
16 L 0 924 1
16 D 727 924 1
17 L 0 84 1
17 D 727 84 1
18 L 0 107 1
18 D 727 107 1
19 L 0 254 1
19 D 727 254 1
0 L 0 303 1
0 D 727 303 1
1 L 0 357 1
1 D 727 357 1
2 L 0 139 1
2 D 727 139 1
3 L 0 296 1
3 D 727 296 1
4 L 0 502 1
4 D 727 502 1
5 L 0 385 1
5 D 727 385 1
6 L 0 429 1
6 D 727 429 1
7 L 0 755 1
7 D 727 755 1
8 L 0 411 1
8 D 727 411 1
9 L 0 205 1
9 D 102 205 1
10 L 0 707 1
10 D 102 707 1
11 L 0 749 1
11 D 102 749 1
12 L 0 192 1
12 D 102 192 1
13 L 0 779 1
13 D 102 779 1
14 L 0 150 1
14 D 102 150 1
15 L 0 292 1
15 D 82 292 1
16 L 0 886 1
16 D 82 886 1
17 L 0 827 1
17 D 82 827 1
18 L 0 422 1
18 D 82 422 1
19 L 0 184 1
19 D 82 184 1
0 L 0 114 1
0 D 82 114 1
1 L 0 104 1
1 D 82 104 1
2 L 0 589 1
2 D 82 589 1
3 L 0 591 1
3 D 82 591 1
4 L 0 658 1
4 D 82 658 1
5 L 0 99 1
5 D 82 99 1
6 L 0 220 1
6 D 82 220 1
7 L 0 8 1
7 D 552 8 1
8 L 0 691 1
8 D 552 691 1
9 L 0 979 1
9 D 42 979 1
10 L 0 809 1
10 D 42 809 1
11 L 0 561 1
11 D 42 561 1
12 L 0 741 1
12 D 42 741 1
13 L 0 323 1
13 D 53 323 1
14 L 0 139 1
14 D 53 139 1
15 L 0 362 1
15 D 130 362 1
16 L 0 382 1
16 D 130 382 1
17 L 0 348 1
17 D 130 348 1
18 L 0 550 1
18 D 130 550 1
19 L 0 601 1
19 D 130 601 1
0 L 0 471 1
0 D 130 471 1
1 L 0 104 1
1 D 130 104 1
2 L 0 160 1
2 D 130 160 1
3 L 0 712 1
3 D 130 712 1
4 L 0 788 1
4 D 130 788 1
5 L 0 181 1
5 D 130 181 1
6 L 0 309 1
6 D 130 309 1
7 L 0 109 1
7 D 130 109 1
8 L 0 235 1
8 D 421 235 1
9 L 0 257 1
9 D 421 257 1
10 L 0 833 1
10 D 421 833 1
11 L 0 492 1
11 D 421 492 1
12 L 0 437 1
12 D 421 437 1
13 L 0 525 1
13 D 421 525 1
14 L 0 940 1
14 D 95 940 1
15 L 0 347 1
15 D 95 347 1
16 L 0 525 1
16 D 95 525 1
17 L 0 57 1
17 D 95 57 1
18 L 0 680 1
18 D 95 680 1
19 L 0 415 1
19 D 95 415 1
0 L 0 638 1
0 D 95 638 1
1 L 0 114 1
1 D 95 114 1
2 L 0 125 1
2 D 279 125 1
3 L 0 772 1
3 D 279 772 1
4 L 0 17 1
4 D 279 17 1
5 L 0 186 1
5 D 279 186 1
6 L 0 620 1
6 D 432 620 1
7 L 0 429 1
7 D 432 429 1
8 L 0 551 1
8 D 432 551 1
9 L 0 947 1
9 D 432 947 1
10 L 0 443 1
10 D 641 443 1
11 L 0 618 1
11 D 641 618 1
12 L 0 121 1
12 D 641 121 1
13 L 0 283 1
13 D 641 283 1
14 L 0 295 1
14 D 641 295 1
15 L 0 354 1
15 D 485 354 1
16 L 0 552 1
16 D 485 552 1
17 L 0 773 1
17 D 485 773 1
18 L 0 349 1
18 D 485 349 1
19 L 0 971 1
19 D 485 971 1
0 L 0 591 1
0 D 485 591 1
1 L 0 410 1
1 D 485 410 1
2 L 0 593 1
2 D 485 593 1
3 L 0 736 1
3 D 485 736 1
4 L 0 513 1
4 D 485 513 1
5 L 0 557 1
5 D 527 557 1
6 L 0 845 1
6 D 527 845 1
7 L 0 434 1
7 D 527 434 1
8 L 0 540 1
8 D 527 540 1
9 L 0 241 1
9 D 527 241 1
10 L 0 487 1
10 D 527 487 1
11 L 0 790 1
11 D 527 790 1
12 L 0 671 1
12 D 527 671 1
13 L 0 255 1
13 D 527 255 1
14 L 0 703 1
14 D 527 703 1
15 L 0 743 1
15 D 527 743 1
16 L 0 105 1
16 D 527 105 1
17 L 0 197 1
17 D 527 197 1
18 L 0 924 1
18 D 627 924 1
19 L 0 513 1
19 D 627 513 1
0 L 0 443 1
0 D 627 443 1
1 L 0 666 1
1 D 627 666 1
2 L 0 753 1
2 D 627 753 1
3 L 0 543 1
3 D 627 543 1
4 L 0 622 1
4 D 627 622 1
5 L 0 470 1
5 D 627 470 1
6 L 0 215 1
6 D 661 215 1
7 L 0 416 1
7 D 661 416 1
8 L 0 278 1
8 D 661 278 1
9 L 0 988 1
9 D 661 988 1
10 L 0 802 1
10 D 661 802 1
11 L 0 41 1
11 D 661 41 1
12 L 0 481 1
12 D 661 481 1
13 L 0 678 1
13 D 661 678 1
14 L 0 904 1
14 D 661 904 1
15 L 0 434 1
15 D 661 434 1
16 L 0 420 1
16 D 661 420 1
17 L 0 268 1
17 D 661 268 1
18 L 0 743 1
18 D 719 743 1
19 L 0 561 1
19 D 719 561 1
0 L 0 32 1
0 D 719 32 1
1 L 0 974 1
1 D 719 974 1
2 L 0 707 1
2 D 719 707 1
3 L 0 687 1
3 D 719 687 1
4 L 0 135 1
4 D 719 135 1
5 L 0 896 1
5 D 719 896 1
6 L 0 229 1
6 D 719 229 1
7 L 0 764 1
7 D 719 764 1
8 L 0 435 1
8 D 719 435 1
9 L 0 649 1
9 D 763 649 1
10 L 0 483 1
10 D 763 483 1
11 L 0 911 1
11 D 763 911 1
12 L 0 201 1
12 D 763 201 1
13 L 0 384 1
13 D 763 384 1
14 L 0 361 1
14 D 763 361 1
15 L 0 669 1
15 D 763 669 1
16 L 0 398 1
16 D 763 398 1
17 L 0 678 1
17 D 763 678 1
18 L 0 476 1
18 D 763 476 1
19 L 0 398 1
19 D 763 398 1
0 L 0 474 1
0 D 763 474 1
1 L 0 397 1
1 D 763 397 1
2 L 0 569 1
2 D 199 569 1
3 L 0 43 1
3 D 199 43 1
4 L 0 789 1
4 D 199 789 1
5 L 0 777 1
5 D 199 777 1
6 L 0 593 1
6 D 374 593 1
7 L 0 489 1
7 D 374 489 1
8 L 0 372 1
8 D 374 372 1
9 L 0 431 1
9 D 374 431 1
10 L 0 713 1
10 D 678 713 1
11 L 0 814 1
11 D 678 814 1
12 L 0 741 1
12 D 678 741 1
13 L 0 937 1
13 D 678 937 1
14 L 0 775 1
14 D 678 775 1
15 L 0 733 1
15 D 678 733 1
16 L 0 722 1
16 D 678 722 1
17 L 0 133 1
17 D 678 133 1
18 L 0 660 1
18 D 678 660 1
19 L 0 805 1
19 D 678 805 1
0 L 0 846 1
0 D 678 846 1
1 L 0 443 1
1 D 678 443 1
2 L 0 851 1
2 D 678 851 1
3 L 0 768 1
3 D 678 768 1
4 L 0 747 1
4 D 678 747 1
5 L 0 323 1
5 D 678 323 1
6 L 0 299 1
6 D 678 299 1
7 L 0 598 1
7 D 154 598 1
8 L 0 401 1
8 D 154 401 1
9 L 0 577 1
9 D 154 577 1
10 L 0 19 1
10 D 154 19 1
11 L 0 404 1
11 D 154 404 1
12 L 0 875 1
12 D 154 875 1
13 L 0 915 1
13 D 154 915 1
14 L 0 644 1
14 D 154 644 1
15 L 0 262 1
15 D 154 262 1
16 L 0 477 1
16 D 154 477 1
17 L 0 832 1
17 D 154 832 1
18 L 0 159 1
18 D 154 159 1
19 L 0 181 1
19 D 154 181 1
0 L 0 926 1
0 D 154 926 1
1 L 0 350 1
1 D 193 350 1
2 L 0 499 1
2 D 193 499 1
3 L 0 305 1
3 D 193 305 1
4 L 0 297 1
4 D 193 297 1
5 L 0 201 1
5 D 193 201 1
6 L 0 691 1
6 D 193 691 1
7 L 0 52 1
7 D 193 52 1
8 L 0 803 1
8 D 193 803 1
9 L 0 247 1
9 D 193 247 1
10 L 0 169 1
10 D 193 169 1
11 L 0 625 1
11 D 193 625 1
12 L 0 617 1
12 D 193 617 1
13 L 0 862 1
13 D 193 862 1
14 L 0 790 1
14 D 258 790 1
15 L 0 407 1
15 D 258 407 1
16 L 0 67 1
16 D 258 67 1
17 L 0 534 1
17 D 258 534 1
18 L 0 961 1
18 D 258 961 1
19 L 0 53 1
19 D 408 53 1
0 L 0 936 1
0 D 408 936 1
1 L 0 201 1
1 D 408 201 1
2 L 0 560 1
2 D 408 560 1
3 L 0 122 1
3 D 408 122 1
4 L 0 161 1
4 D 408 161 1
5 L 0 624 1
5 D 408 624 1
6 L 0 358 1
6 D 584 358 1
7 L 0 560 1
7 D 584 560 1
8 L 0 587 1
8 D 584 587 1
9 L 0 440 1
9 D 584 440 1
10 L 0 495 1
10 D 584 495 1
11 L 0 679 1
11 D 584 679 1
12 L 0 481 1
12 D 584 481 1
13 L 0 739 1
13 D 584 739 1
14 L 0 136 1
14 D 584 136 1
15 L 0 396 1
15 D 584 396 1
16 L 0 827 1
16 D 584 827 1
17 L 0 445 1
17 D 584 445 1
18 L 0 121 1
18 D 584 121 1
19 L 0 178 1
19 D 640 178 1
0 L 0 775 1
0 D 640 775 1
1 L 0 803 1
1 D 640 803 1
2 L 0 799 1
2 D 640 799 1
3 L 0 87 1
3 D 640 87 1
4 L 0 243 1
4 D 178 243 1
5 L 0 688 1
5 D 178 688 1
6 L 0 401 1
6 D 178 401 1
7 L 0 801 1
7 D 178 801 1
8 L 0 12 1
8 D 178 12 1
9 L 0 414 1
9 D 178 414 1
10 L 0 257 1
10 D 178 257 1
11 L 0 27 1
11 D 178 27 1
12 L 0 216 1
12 D 178 216 1
13 L 0 113 1
13 D 178 113 1
14 L 0 803 1
14 D 269 803 1
15 L 0 904 1
15 D 269 904 1
16 L 0 290 1
16 D 269 290 1
17 L 0 17 1
17 D 269 17 1
18 L 0 257 1
18 D 269 257 1
19 L 0 300 1
19 D 269 300 1
0 L 0 647 1
0 D 269 647 1
1 L 0 660 1
1 D 269 660 1
2 L 0 350 1
2 D 269 350 1
3 L 0 513 1
3 D 269 513 1
4 L 0 475 1
4 D 390 475 1
5 L 0 267 1
5 D 390 267 1
6 L 0 153 1
6 D 390 153 1
7 L 0 431 1
7 D 390 431 1
8 L 0 498 1
8 D 390 498 1
9 L 0 13 1
9 D 390 13 1
10 L 0 50 1
10 D 390 50 1
11 L 0 67 1
11 D 548 67 1
12 L 0 63 1
12 D 548 63 1
13 L 0 590 1
13 D 548 590 1
14 L 0 127 1
14 D 548 127 1
15 L 0 306 1
15 D 548 306 1
16 L 0 170 1
16 D 548 170 1
17 L 0 121 1
17 D 548 121 1
18 L 0 972 1
18 D 548 972 1
19 L 0 159 1
19 D 548 159 1
0 L 0 261 1
0 D 548 261 1
1 L 0 449 1
1 D 548 449 1
2 L 0 417 1
2 D 548 417 1
3 L 0 249 1
3 D 548 249 1
4 L 0 408 1
4 D 548 408 1
5 L 0 468 1
5 D 548 468 1
6 L 0 133 1
6 D 548 133 1
7 L 0 127 1
7 D 548 127 1
8 L 0 905 1
8 D 385 905 1
9 L 0 180 1
9 D 385 180 1
10 L 0 96 1
10 D 385 96 1
11 L 0 988 1
11 D 385 988 1
12 L 0 622 1
12 D 385 622 1
13 L 0 162 1
13 D 385 162 1
14 L 0 284 1
14 D 385 284 1
15 L 0 820 1
15 D 385 820 1
16 L 0 454 1
16 D 385 454 1
17 L 0 805 1
17 D 385 805 1
18 L 0 265 1
18 D 385 265 1
19 L 0 931 1
19 D 385 931 1
0 L 0 297 1
0 D 385 297 1
1 L 0 427 1
1 D 556 427 1
2 L 0 83 1
2 D 556 83 1
3 L 0 964 1
3 D 556 964 1
4 L 0 304 1
4 D 556 304 1
5 L 0 364 1
5 D 556 364 1
6 L 0 163 1
6 D 556 163 1
7 L 0 575 1
7 D 556 575 1
8 L 0 631 1
8 D 689 631 1
9 L 0 622 1
9 D 689 622 1
10 L 0 777 1
10 D 689 777 1
11 L 0 415 1
11 D 689 415 1
12 L 0 147 1
12 D 689 147 1
13 L 0 160 1
13 D 689 160 1
14 L 0 690 1
14 D 689 690 1
15 L 0 455 1
15 D 689 455 1
16 L 0 477 1
16 D 689 477 1
17 L 0 874 1
17 D 689 874 1
18 L 0 547 1
18 D 689 547 1
19 L 0 402 1
19 D 689 402 1
0 L 0 401 1
0 D 689 401 1
1 L 0 565 1
1 D 689 565 1
2 L 0 717 1
2 D 689 717 1
3 L 0 598 1
3 D 748 598 1
4 L 0 746 1
4 D 748 746 1
5 L 0 204 1
5 D 748 204 1
6 L 0 51 1
6 D 748 51 1
7 L 0 363 1
7 D 748 363 1
8 L 0 58 1
8 D 748 58 1
9 L 0 417 1
9 D 748 417 1
10 L 0 151 1
10 D 748 151 1
11 L 0 211 1
11 D 748 211 1
12 L 0 687 1
12 D 748 687 1
13 L 0 284 1
13 D 748 284 1
14 L 0 337 1
14 D 748 337 1
15 L 0 317 1
15 D 748 317 1
16 L 0 426 1
16 D 41 426 1
17 L 0 97 1
17 D 41 97 1
18 L 0 175 1
18 D 41 175 1
19 L 0 613 1
19 D 41 613 1
0 L 0 388 1
0 D 41 388 1
1 L 0 657 1
1 D 156 657 1
2 L 0 275 1
2 D 156 275 1
3 L 0 230 1
3 D 271 230 1
4 L 0 801 1
4 D 271 801 1
5 L 0 283 1
5 D 271 283 1
6 L 0 219 1
6 D 271 219 1
7 L 0 26 1
7 D 271 26 1
8 L 0 338 1
8 D 297 338 1
9 L 0 616 1
9 D 364 616 1
10 L 0 280 1
10 D 364 280 1
11 L 0 122 1
11 D 364 122 1
12 L 0 764 1
12 D 364 764 1
13 L 0 373 1
13 D 364 373 1
14 L 0 386 1
14 D 364 386 1
15 L 0 733 1
15 D 364 733 1
16 L 0 82 1
16 D 364 82 1
17 L 0 534 1
17 D 364 534 1
18 L 0 186 1
18 D 364 186 1
19 L 0 369 1
19 D 364 369 1
0 L 0 857 1
0 D 364 857 1
1 L 0 703 1
1 D 364 703 1
2 L 0 120 1
2 D 364 120 1
3 L 0 239 1
3 D 364 239 1
4 L 0 626 1
4 D 429 626 1
5 L 0 649 1
5 D 429 649 1
6 L 0 396 1
6 D 429 396 1
7 L 0 644 1
7 D 519 644 1
8 L 0 47 1
8 D 519 47 1
9 L 0 823 1
9 D 519 823 1
10 L 0 615 1
10 D 519 615 1
11 L 0 777 1
11 D 587 777 1
12 L 0 643 1
12 D 587 643 1
13 L 0 71 1
13 D 602 71 1
14 L 0 885 1
14 D 602 885 1
15 L 0 768 1
15 D 602 768 1
16 L 0 431 1
16 D 602 431 1
17 L 0 384 1
17 D 602 384 1
18 L 0 914 1
18 D 602 914 1
19 L 0 427 1
19 D 602 427 1
0 L 0 597 1
0 D 602 597 1
1 L 0 787 1
1 D 603 787 1
2 L 0 793 1
2 D 603 793 1
3 L 0 764 1
3 D 603 764 1
4 L 0 257 1
4 D 603 257 1
5 L 0 848 1
5 D 86 848 1
6 L 0 121 1
6 D 86 121 1
7 L 0 548 1
7 D 86 548 1
8 L 0 216 1
8 D 86 216 1
9 L 0 448 1
9 D 86 448 1
10 L 0 172 1
10 D 105 172 1
11 L 0 465 1
11 D 105 465 1
12 L 0 81 1
12 D 105 81 1
13 L 0 782 1
13 D 105 782 1
14 L 0 113 1
14 D 105 113 1
15 L 0 513 1
15 D 105 513 1
16 L 0 214 1
16 D 105 214 1
17 L 0 610 1
17 D 105 610 1
18 L 0 453 1
18 D 174 453 1
19 L 0 624 1
19 D 174 624 1
0 L 0 85 1
0 D 174 85 1
1 L 0 64 1
1 D 174 64 1
2 L 0 63 1
2 D 174 63 1
3 L 0 517 1
3 D 346 517 1
4 L 0 979 1
4 D 346 979 1
5 L 0 583 1
5 D 346 583 1
6 L 0 397 1
6 D 346 397 1
7 L 0 526 1
7 D 404 526 1
8 L 0 87 1
8 D 404 87 1
9 L 0 41 1
9 D 404 41 1
10 L 0 892 1
10 D 404 892 1
11 L 0 376 1
11 D 404 376 1
12 L 0 427 1
12 D 404 427 1
13 L 0 978 1
13 D 404 978 1
14 L 0 362 1
14 D 404 362 1
15 L 0 518 1
15 D 404 518 1
16 L 0 362 1
16 D 404 362 1
17 L 0 441 1
17 D 404 441 1
18 L 0 146 1
18 D 404 146 1
19 L 0 783 1
19 D 404 783 1
0 L 0 632 1
0 D 404 632 1
1 L 0 571 1
1 D 404 571 1
2 L 0 789 1
2 D 419 789 1
3 L 0 303 1
3 D 419 303 1
4 L 0 355 1
4 D 419 355 1
5 L 0 923 1
5 D 598 923 1
6 L 0 454 1
6 D 598 454 1
7 L 0 427 1
7 D 598 427 1
8 L 0 98 1
8 D 598 98 1
9 L 0 890 1
9 D 598 890 1
10 L 0 289 1
10 D 598 289 1
11 L 0 441 1
11 D 598 441 1
12 L 0 451 1
12 D 598 451 1
13 L 0 918 1
13 D 598 918 1
14 L 0 573 1
14 D 598 573 1
15 L 0 312 1
15 D 598 312 1
16 L 0 467 1
16 D 598 467 1
17 L 0 998 1
17 D 598 998 1
18 L 0 512 1
18 D 598 512 1
19 L 0 785 1
19 D 598 785 1
0 L 0 60 1
0 D 616 60 1
1 L 0 129 1
1 D 616 129 1
2 L 0 127 1
2 D 616 127 1
3 L 0 135 1
3 D 616 135 1
4 L 0 919 1
4 D 616 919 1
5 L 0 772 1
5 D 616 772 1
6 L 0 552 1
6 D 616 552 1
7 L 0 713 1
7 D 616 713 1
8 L 0 577 1
8 D 616 577 1
9 L 0 161 1
9 D 616 161 1
10 L 0 283 1
10 D 616 283 1
11 L 0 409 1
11 D 616 409 1
12 L 0 749 1
12 D 616 749 1
13 L 0 218 1
13 D 616 218 1
14 L 0 764 1
14 D 616 764 1
15 L 0 739 1
15 D 623 739 1
16 L 0 417 1
16 D 623 417 1
17 L 0 531 1
17 D 623 531 1
18 L 0 219 1
18 D 623 219 1
19 L 0 706 1
19 D 623 706 1
0 L 0 548 1
0 D 623 548 1
1 L 0 794 1
1 D 623 794 1
2 L 0 719 1
2 D 623 719 1
3 L 0 392 1
3 D 623 392 1
4 L 0 105 1
4 D 623 105 1
5 L 0 126 1
5 D 623 126 1
6 L 0 127 1
6 D 129 127 1
7 L 0 277 1
7 D 129 277 1
8 L 0 573 1
8 D 129 573 1
9 L 0 889 1
9 D 181 889 1
10 L 0 733 1
10 D 181 733 1
11 L 0 883 1
11 D 181 883 1
12 L 0 861 1
12 D 181 861 1
13 L 0 979 1
13 D 181 979 1
14 L 0 28 1
14 D 181 28 1
15 L 0 638 1
15 D 181 638 1
16 L 0 882 1
16 D 181 882 1
17 L 0 428 1
17 D 181 428 1
18 L 0 26 1
18 D 181 26 1
19 L 0 206 1
19 D 181 206 1
0 L 0 324 1
0 D 181 324 1
1 L 0 992 1
1 D 181 992 1
2 L 0 295 1
2 D 181 295 1
3 L 0 747 1
3 D 181 747 1
4 L 0 808 1
4 D 234 808 1
5 L 0 862 1
5 D 234 862 1
6 L 0 161 1
6 D 234 161 1
7 L 0 391 1
7 D 234 391 1
8 L 0 35 1
8 D 272 35 1
9 L 0 598 1
9 D 272 598 1
10 L 0 758 1
10 D 272 758 1
11 L 0 882 1
11 D 272 882 1
12 L 0 547 1
12 D 272 547 1
13 L 0 520 1
13 D 272 520 1
14 L 0 856 1
14 D 272 856 1
15 L 0 795 1
15 D 272 795 1
16 L 0 290 1
16 D 272 290 1
17 L 0 988 1
17 D 272 988 1
18 L 0 49 1
18 D 272 49 1
19 L 0 302 1
19 D 272 302 1
0 L 0 467 1
0 D 272 467 1
1 L 0 953 1
1 D 272 953 1
2 L 0 344 1
2 D 272 344 1
3 L 0 299 1
3 D 272 299 1
4 L 0 159 1
4 D 272 159 1
5 L 0 781 1
5 D 300 781 1
6 L 0 428 1
6 D 300 428 1
7 L 0 395 1
7 D 300 395 1
8 L 0 747 1
8 D 300 747 1
9 L 0 488 1
9 D 300 488 1
10 L 0 777 1
10 D 300 777 1
11 L 0 7 1
11 D 300 7 1
12 L 0 764 1
12 D 300 764 1
13 L 0 870 1
13 D 300 870 1
14 L 0 397 1
14 D 644 397 1
15 L 0 598 1
15 D 644 598 1
16 L 0 922 1
16 D 644 922 1
17 L 0 658 1
17 D 68 658 1
18 L 0 989 1
18 D 68 989 1
19 L 0 877 1
19 D 68 877 1
0 L 0 876 1
0 D 68 876 1
1 L 0 936 1
1 D 68 936 1
2 L 0 401 1
2 D 68 401 1
3 L 0 62 1
3 D 179 62 1
4 L 0 929 1
4 D 179 929 1
5 L 0 992 1
5 D 179 992 1
6 L 0 292 1
6 D 179 292 1
7 L 0 956 1
7 D 179 956 1
8 L 0 914 1
8 D 179 914 1
9 L 0 816 1
9 D 179 816 1
10 L 0 783 1
10 D 179 783 1
11 L 0 467 1
11 D 179 467 1
12 L 0 560 1
12 D 206 560 1
13 L 0 965 1
13 D 206 965 1
14 L 0 694 1
14 D 206 694 1
15 L 0 698 1
15 D 206 698 1
16 L 0 547 1
16 D 206 547 1
17 L 0 105 1
17 D 206 105 1
18 L 0 947 1
18 D 206 947 1
19 L 0 62 1
19 D 206 62 1
0 L 0 127 1
0 D 384 127 1
1 L 0 821 1
1 D 384 821 1
2 L 0 765 1
2 D 384 765 1
3 L 0 553 1
3 D 384 553 1
4 L 0 962 1
4 D 384 962 1
5 L 0 560 1
5 D 384 560 1
6 L 0 433 1
6 D 384 433 1
7 L 0 898 1
7 D 384 898 1
8 L 0 284 1
8 D 384 284 1
9 L 0 64 1
9 D 384 64 1
10 L 0 28 1
10 D 434 28 1
11 L 0 862 1
11 D 434 862 1
12 L 0 225 1
12 D 434 225 1
13 L 0 481 1
13 D 434 481 1
14 L 0 729 1
14 D 434 729 1
15 L 0 388 1
15 D 434 388 1
16 L 0 444 1
16 D 477 444 1
17 L 0 896 1
17 D 477 896 1
18 L 0 600 1
18 D 477 600 1
19 L 0 554 1
19 D 477 554 1
0 L 0 440 1
0 D 477 440 1
1 L 0 622 1
1 D 560 622 1
2 L 0 673 1
2 D 560 673 1
3 L 0 941 1
3 D 560 941 1
4 L 0 31 1
4 D 560 31 1
5 L 0 788 1
5 D 560 788 1
6 L 0 168 1
6 D 560 168 1
7 L 0 789 1
7 D 560 789 1
8 L 0 614 1
8 D 560 614 1
9 L 0 911 1
9 D 725 911 1
10 L 0 625 1
10 D 725 625 1
11 L 0 399 1
11 D 725 399 1
12 L 0 635 1
12 D 725 635 1
13 L 0 167 1
13 D 725 167 1
14 L 0 560 1
14 D 725 560 1
15 L 0 462 1
15 D 725 462 1
16 L 0 758 1
16 D 725 758 1
17 L 0 401 1
17 D 725 401 1
18 L 0 973 1
18 D 725 973 1
19 L 0 723 1
19 D 725 723 1
0 L 0 808 1
0 D 725 808 1
1 L 0 380 1
1 D 747 380 1
2 L 0 896 1
2 D 747 896 1
3 L 0 613 1
3 D 84 613 1
4 L 0 503 1
4 D 84 503 1
5 L 0 224 1
5 D 84 224 1
6 L 0 976 1
6 D 84 976 1
7 L 0 777 1
7 D 84 777 1
8 L 0 851 1
8 D 84 851 1
9 L 0 914 1
9 D 84 914 1
10 L 0 415 1
10 D 84 415 1
11 L 0 337 1
11 D 84 337 1
12 L 0 806 1
12 D 84 806 1
13 L 0 989 1
13 D 104 989 1
14 L 0 79 1
14 D 104 79 1
15 L 0 465 1
15 D 104 465 1
16 L 0 373 1
16 D 104 373 1
17 L 0 238 1
17 D 104 238 1
18 L 0 779 1
18 D 104 779 1
19 L 0 646 1
19 D 104 646 1
0 L 0 693 1
0 D 104 693 1
1 L 0 779 1
1 D 104 779 1
2 L 0 967 1
2 D 104 967 1
3 L 0 553 1
3 D 165 553 1
4 L 0 557 1
4 D 165 557 1
5 L 0 745 1
5 D 165 745 1
6 L 0 406 1
6 D 165 406 1
7 L 0 372 1
7 D 165 372 1
8 L 0 964 1
8 D 165 964 1
9 L 0 621 1
9 D 165 621 1
10 L 0 35 1
10 D 165 35 1
11 L 0 180 1
11 D 165 180 1
12 L 0 770 1
12 D 165 770 1
13 L 0 659 1
13 D 165 659 1
14 L 0 47 1
14 D 165 47 1
15 L 0 505 1
15 D 165 505 1
16 L 0 856 1
16 D 165 856 1
17 L 0 104 1
17 D 245 104 1
18 L 0 651 1
18 D 245 651 1
19 L 0 286 1
19 D 245 286 1
0 L 0 392 1
0 D 245 392 1
1 L 0 643 1
1 D 245 643 1
2 L 0 746 1
2 D 245 746 1
3 L 0 613 1
3 D 245 613 1
4 L 0 97 1
4 D 245 97 1
5 L 0 772 1
5 D 245 772 1
6 L 0 463 1
6 D 288 463 1
7 L 0 427 1
7 D 288 427 1
8 L 0 452 1
8 D 288 452 1
9 L 0 116 1
9 D 288 116 1
10 L 0 409 1
10 D 336 409 1
11 L 0 927 1
11 D 336 927 1
12 L 0 936 1
12 D 336 936 1
13 L 0 746 1
13 D 336 746 1
14 L 0 809 1
14 D 336 809 1
15 L 0 372 1
15 D 336 372 1
16 L 0 123 1
16 D 336 123 1
17 L 0 801 1
17 D 336 801 1
18 L 0 66 1
18 D 336 66 1
19 L 0 404 1
19 D 470 404 1
0 L 0 616 1
0 D 470 616 1
1 L 0 302 1
1 D 482 302 1
2 L 0 168 1
2 D 482 168 1
3 L 0 879 1
3 D 482 879 1
4 L 0 713 1
4 D 482 713 1
5 L 0 558 1
5 D 482 558 1
6 L 0 693 1
6 D 482 693 1
7 L 0 653 1
7 D 500 653 1
8 L 0 104 1
8 D 500 104 1
9 L 0 335 1
9 D 500 335 1
10 L 0 955 1
10 D 500 955 1
11 L 0 362 1
11 D 500 362 1
12 L 0 431 1
12 D 500 431 1
13 L 0 786 1
13 D 500 786 1
14 L 0 727 1
14 D 785 727 1
15 L 0 791 1
15 D 785 791 1
16 L 0 486 1
16 D 785 486 1
17 L 0 785 1
17 D 0 785 1
18 L 0 121 1
18 D 0 121 1
19 L 0 634 1
19 D 0 634 1
0 L 0 805 1
0 D 0 805 1
1 L 0 38 1
1 D 0 38 1
2 L 0 981 1
2 D 5 981 1
3 L 0 876 1
3 D 5 876 1
4 L 0 688 1
4 D 5 688 1
5 L 0 8 1
5 D 5 8 1
6 L 0 597 1
6 D 5 597 1
7 L 0 476 1
7 D 5 476 1
8 L 0 899 1
8 D 24 899 1
9 L 0 971 1
9 D 24 971 1
10 L 0 961 1
10 D 24 961 1
11 L 0 52 1
11 D 24 52 1
12 L 0 688 1
12 D 24 688 1
13 L 0 716 1
13 D 94 716 1
14 L 0 886 1
14 D 94 886 1
15 L 0 713 1
15 D 94 713 1
16 L 0 960 1
16 D 94 960 1
17 L 0 937 1
17 D 219 937 1
18 L 0 561 1
18 D 219 561 1
19 L 0 438 1
19 D 219 438 1
0 L 0 623 1
0 D 219 623 1
1 L 0 513 1
1 D 219 513 1
2 L 0 438 1
2 D 219 438 1
3 L 0 717 1
3 D 219 717 1
4 L 0 928 1
4 D 219 928 1
5 L 0 208 1
5 D 219 208 1
6 L 0 468 1
6 D 219 468 1
7 L 0 73 1
7 D 219 73 1
8 L 0 129 1
8 D 219 129 1
9 L 0 991 1
9 D 219 991 1
10 L 0 270 1
10 D 268 270 1
11 L 0 862 1
11 D 268 862 1
12 L 0 750 1
12 D 498 750 1
13 L 0 985 1
13 D 498 985 1
14 L 0 175 1
14 D 498 175 1
15 L 0 938 1
15 D 498 938 1
16 L 0 667 1
16 D 498 667 1
17 L 0 300 1
17 D 498 300 1
18 L 0 228 1
18 D 498 228 1
19 L 0 959 1
19 D 498 959 1
0 L 0 861 1
0 D 498 861 1
1 L 0 772 1
1 D 498 772 1
2 L 0 272 1
2 D 498 272 1
3 L 0 722 1
3 D 498 722 1
4 L 0 104 1
4 D 498 104 1
5 L 0 911 1
5 D 498 911 1
6 L 0 83 1
6 D 724 83 1
7 L 0 177 1
7 D 724 177 1
8 L 0 563 1
8 D 724 563 1
9 L 0 551 1
9 D 724 551 1
10 L 0 961 1
10 D 724 961 1
11 L 0 603 1
11 D 724 603 1
12 L 0 863 1
12 D 724 863 1
13 L 0 76 1
13 D 738 76 1
14 L 0 605 1
14 D 738 605 1
15 L 0 257 1
15 D 738 257 1
16 L 0 564 1
16 D 738 564 1
17 L 0 52 1
17 D 738 52 1
18 L 0 160 1
18 D 738 160 1
19 L 0 317 1
19 D 738 317 1
0 L 0 785 1
0 D 738 785 1
1 L 0 73 1
1 D 738 73 1
2 L 0 475 1
2 D 738 475 1
3 L 0 939 1
3 D 238 939 1
4 L 0 75 1
4 D 238 75 1
5 L 0 319 1
5 D 238 319 1
6 L 0 277 1
6 D 306 277 1
7 L 0 806 1
7 D 306 806 1
8 L 0 476 1
8 D 306 476 1
9 L 0 642 1
9 D 306 642 1
10 L 0 750 1
10 D 317 750 1
11 L 0 371 1
11 D 317 371 1
12 L 0 882 1
12 D 317 882 1
13 L 0 334 1
13 D 317 334 1
14 L 0 35 1
14 D 317 35 1
15 L 0 840 1
15 D 317 840 1
16 L 0 698 1
16 D 317 698 1
17 L 0 43 1
17 D 317 43 1
18 L 0 33 1
18 D 317 33 1
19 L 0 937 1
19 D 317 937 1
0 L 0 651 1
0 D 317 651 1
1 L 0 114 1
1 D 317 114 1
2 L 0 963 1
2 D 317 963 1
3 L 0 746 1
3 D 317 746 1
4 L 0 772 1
4 D 317 772 1
5 L 0 760 1
5 D 317 760 1
6 L 0 862 1
6 D 317 862 1
7 L 0 372 1
7 D 328 372 1
8 L 0 401 1
8 D 328 401 1
9 L 0 301 1
9 D 344 301 1
10 L 0 282 1
10 D 344 282 1
11 L 0 948 1
11 D 344 948 1
12 L 0 558 1
12 D 344 558 1
13 L 0 50 1
13 D 344 50 1
14 L 0 802 1
14 D 344 802 1
15 L 0 227 1
15 D 344 227 1
16 L 0 597 1
16 D 344 597 1
17 L 0 490 1
17 D 344 490 1
18 L 0 215 1
18 D 389 215 1
19 L 0 999 1
19 D 389 999 1
0 L 0 627 1
0 D 389 627 1
1 L 0 816 1
1 D 389 816 1
2 L 0 686 1
2 D 389 686 1
3 L 0 215 1
3 D 389 215 1
4 L 0 157 1
4 D 389 157 1
5 L 0 974 1
5 D 389 974 1
6 L 0 883 1
6 D 720 883 1
7 L 0 777 1
7 D 720 777 1
8 L 0 861 1
8 D 720 861 1
9 L 0 398 1
9 D 720 398 1
10 L 0 252 1
10 D 720 252 1
11 L 0 904 1
11 D 720 904 1
12 L 0 350 1
12 D 73 350 1
13 L 0 794 1
13 D 92 794 1
14 L 0 185 1
14 D 92 185 1
15 L 0 843 1
15 D 92 843 1
16 L 0 338 1
16 D 145 338 1
17 L 0 278 1
17 D 145 278 1
18 L 0 30 1
18 D 145 30 1
19 L 0 286 1
19 D 145 286 1
0 L 0 163 1
0 D 145 163 1
1 L 0 789 1
1 D 145 789 1
2 L 0 30 1
2 D 145 30 1
3 L 0 431 1
3 D 145 431 1
4 L 0 896 1
4 D 145 896 1
5 L 0 881 1
5 D 145 881 1
6 L 0 795 1
6 D 145 795 1
7 L 0 454 1
7 D 145 454 1
8 L 0 18 1
8 D 145 18 1
9 L 0 157 1
9 D 145 157 1
10 L 0 105 1
10 D 145 105 1
11 L 0 412 1
11 D 145 412 1
12 L 0 370 1
12 D 145 370 1
13 L 0 647 1
13 D 145 647 1
14 L 0 463 1
14 D 145 463 1
15 L 0 456 1
15 D 196 456 1
16 L 0 195 1
16 D 196 195 1
17 L 0 964 1
17 D 196 964 1
18 L 0 569 1
18 D 196 569 1
19 L 0 598 1
19 D 196 598 1
0 L 0 624 1
0 D 196 624 1
1 L 0 314 1
1 D 196 314 1
2 L 0 5 1
2 D 537 5 1
3 L 0 770 1
3 D 537 770 1
4 L 0 593 1
4 D 537 593 1
5 L 0 104 1
5 D 564 104 1
6 L 0 905 1
6 D 564 905 1
7 L 0 587 1
7 D 564 587 1
8 L 0 769 1
8 D 564 769 1
9 L 0 619 1
9 D 564 619 1
10 L 0 743 1
10 D 564 743 1
11 L 0 170 1
11 D 575 170 1
12 L 0 816 1
12 D 575 816 1
13 L 0 236 1
13 D 575 236 1
14 L 0 111 1
14 D 575 111 1
15 L 0 168 1
15 D 575 168 1
16 L 0 490 1
16 D 575 490 1
17 L 0 447 1
17 D 575 447 1
18 L 0 162 1
18 D 575 162 1
19 L 0 898 1
19 D 582 898 1
0 L 0 631 1
0 D 582 631 1
1 L 0 243 1
1 D 582 243 1
2 L 0 940 1
2 D 582 940 1
3 L 0 794 1
3 D 582 794 1
4 L 0 31 1
4 D 582 31 1
5 L 0 4 1
5 D 582 4 1
6 L 0 594 1
6 D 692 594 1
7 L 0 951 1
7 D 692 951 1
8 L 0 268 1
8 D 692 268 1
9 L 0 318 1
9 D 692 318 1
10 L 0 183 1
10 D 692 183 1
11 L 0 297 1
11 D 692 297 1
12 L 0 260 1
12 D 692 260 1
13 L 0 534 1
13 D 697 534 1
14 L 0 420 1
14 D 697 420 1
15 L 0 907 1
15 D 697 907 1
16 L 0 477 1
16 D 697 477 1
17 L 0 970 1
17 D 697 970 1
18 L 0 579 1
18 D 697 579 1
19 L 0 278 1
19 D 697 278 1
0 L 0 846 1
0 D 697 846 1
1 L 0 615 1
1 D 706 615 1
2 L 0 869 1
2 D 10 869 1
3 L 0 404 1
3 D 10 404 1
4 L 0 787 1
4 D 10 787 1
5 L 0 404 1
5 D 10 404 1
6 L 0 758 1
6 D 10 758 1
7 L 0 286 1
7 D 10 286 1
8 L 0 572 1
8 D 10 572 1
9 L 0 617 1
9 D 10 617 1
10 L 0 564 1
10 D 10 564 1
11 L 0 589 1
11 D 10 589 1
12 L 0 468 1
12 D 14 468 1
13 L 0 388 1
13 D 14 388 1
14 L 0 107 1
14 D 14 107 1
15 L 0 584 1
15 D 14 584 1
16 L 0 688 1
16 D 14 688 1
17 L 0 283 1
17 D 14 283 1
18 L 0 846 1
18 D 14 846 1
19 L 0 897 1
19 D 14 897 1
0 L 0 988 1
0 D 14 988 1
1 L 0 292 1
1 D 14 292 1
2 L 0 827 1
2 D 14 827 1
3 L 0 655 1
3 D 14 655 1
4 L 0 283 1
4 D 204 283 1
5 L 0 355 1
5 D 204 355 1
6 L 0 586 1
6 D 204 586 1
7 L 0 221 1
7 D 204 221 1
8 L 0 664 1
8 D 204 664 1
9 L 0 299 1
9 D 204 299 1
10 L 0 717 1
10 D 204 717 1
11 L 0 298 1
11 D 204 298 1
12 L 0 467 1
12 D 414 467 1
13 L 0 807 1
13 D 414 807 1
14 L 0 553 1
14 D 414 553 1
15 L 0 916 1
15 D 414 916 1
16 L 0 384 1
16 D 414 384 1
17 L 0 880 1
17 D 745 880 1
18 L 0 288 1
18 D 745 288 1
19 L 0 772 1
19 D 745 772 1
0 L 0 673 1
0 D 745 673 1
1 L 0 949 1
1 D 745 949 1
2 L 0 299 1
2 D 745 299 1
3 L 0 891 1
3 D 745 891 1
4 L 0 104 1
4 D 745 104 1
5 L 0 126 1
5 D 745 126 1
6 L 0 832 1
6 D 745 832 1
7 L 0 887 1
7 D 745 887 1
8 L 0 71 1
8 D 745 71 1
9 L 0 81 1
9 D 745 81 1
10 L 0 214 1
10 D 745 214 1
11 L 0 780 1
11 D 35 780 1
12 L 0 965 1
12 D 35 965 1
13 L 0 845 1
13 D 35 845 1
14 L 0 753 1
14 D 35 753 1
15 L 0 787 1
15 D 35 787 1
16 L 0 970 1
16 D 35 970 1
17 L 0 455 1
17 D 35 455 1
18 L 0 525 1
18 D 35 525 1
19 L 0 411 1
19 D 35 411 1
0 L 0 587 1
0 D 35 587 1
1 L 0 326 1
1 D 35 326 1
2 L 0 338 1
2 D 35 338 1
3 L 0 622 1
3 D 35 622 1
4 L 0 925 1
4 D 35 925 1
5 L 0 75 1
5 D 35 75 1
6 L 0 522 1
6 D 61 522 1
7 L 0 52 1
7 D 61 52 1
8 L 0 276 1
8 D 61 276 1
9 L 0 105 1
9 D 61 105 1
10 L 0 862 1
10 D 77 862 1
11 L 0 852 1
11 D 77 852 1
12 L 0 526 1
12 D 77 526 1
13 L 0 391 1
13 D 77 391 1
14 L 0 402 1
14 D 77 402 1
15 L 0 21 1
15 D 77 21 1
16 L 0 233 1
16 D 77 233 1
17 L 0 241 1
17 D 77 241 1
18 L 0 478 1
18 D 113 478 1
19 L 0 898 1
19 D 113 898 1
0 L 0 187 1
0 D 113 187 1
1 L 0 829 1
1 D 113 829 1
2 L 0 495 1
2 D 113 495 1
3 L 0 621 1
3 D 282 621 1
4 L 0 654 1
4 D 282 654 1
5 L 0 364 1
5 D 282 364 1
6 L 0 934 1
6 D 282 934 1
7 L 0 840 1
7 D 282 840 1
8 L 0 458 1
8 D 282 458 1
9 L 0 484 1
9 D 290 484 1
10 L 0 457 1
10 D 290 457 1
11 L 0 401 1
11 D 290 401 1
12 L 0 749 1
12 D 290 749 1
13 L 0 265 1
13 D 290 265 1
14 L 0 750 1
14 D 290 750 1
15 L 0 521 1
15 D 290 521 1
16 L 0 385 1
16 D 290 385 1
17 L 0 185 1
17 D 290 185 1
18 L 0 461 1
18 D 290 461 1
19 L 0 242 1
19 D 440 242 1
0 L 0 435 1
0 D 440 435 1
1 L 0 221 1
1 D 440 221 1
2 L 0 669 1
2 D 440 669 1
3 L 0 946 1
3 D 440 946 1
4 L 0 338 1
4 D 440 338 1
5 L 0 975 1
5 D 451 975 1
6 L 0 370 1
6 D 451 370 1
7 L 0 918 1
7 D 451 918 1
8 L 0 372 1
8 D 451 372 1
9 L 0 855 1
9 D 451 855 1
10 L 0 876 1
10 D 488 876 1
11 L 0 136 1
11 D 488 136 1
12 L 0 474 1
12 D 488 474 1
13 L 0 997 1
13 D 488 997 1
14 L 0 887 1
14 D 488 887 1
15 L 0 455 1
15 D 499 455 1
16 L 0 10 1
16 D 499 10 1
17 L 0 854 1
17 D 570 854 1
18 L 0 217 1
18 D 570 217 1
19 L 0 768 1
19 D 570 768 1
0 L 0 907 1
0 D 570 907 1
1 L 0 508 1
1 D 570 508 1
2 L 0 486 1
2 D 570 486 1
3 L 0 259 1
3 D 570 259 1
4 L 0 160 1
4 D 570 160 1
5 L 0 618 1
5 D 570 618 1
6 L 0 635 1
6 D 570 635 1
7 L 0 504 1
7 D 570 504 1
8 L 0 477 1
8 D 570 477 1
9 L 0 783 1
9 D 570 783 1
10 L 0 967 1
10 D 570 967 1
11 L 0 853 1
11 D 570 853 1
12 L 0 358 1
12 D 570 358 1
13 L 0 388 1
13 D 570 388 1
14 L 0 554 1
14 D 114 554 1
15 L 0 802 1
15 D 114 802 1
16 L 0 405 1
16 D 114 405 1
17 L 0 907 1
17 D 114 907 1
18 L 0 611 1
18 D 114 611 1
19 L 0 282 1
19 D 114 282 1
0 L 0 377 1
0 D 114 377 1
1 L 0 965 1
1 D 114 965 1
